<?xml version="1.0" encoding="UTF-8"?>
<robot generator="Robot 4.1.3 (Python 3.10.0 on win32)" generated="20220520 15:46:07.208" rpa="false" schemaversion="2">
<suite id="s1" name="Tests" source="C:\GravidadeZERO\getgeeks\project\tests">
<suite id="s1-s1" name="AttemptBeGeek" source="C:\GravidadeZERO\getgeeks\project\tests\AttemptBeGeek.robot">
<kw name="Start Session For Attempt Be Geek" type="SETUP">
<kw name="Factory User" library="Users">
<var>${user}</var>
<arg>attempt_be_geek</arg>
<msg timestamp="20220520 15:46:09.315" level="INFO">${user} = {'name': 'Dio', 'lastname': 'Linux', 'email': 'dio@linux.com', 'password': 'pwd123', 'geek_profile': {'whats': '11999999999', 'desc': 'Seu pc esta lento ? reiniciando do nada ? não se preocupe dou um ...</msg>
<status status="PASS" starttime="20220520 15:46:09.314" endtime="20220520 15:46:09.315"/>
</kw>
<kw name="Start Session" library="Base">
<kw name="New Browser" library="Browser">
<arg>${BROWSER}</arg>
<arg>headless=${HEADLESS}</arg>
<arg>slowMo=00:00:00</arg>
<tag>BrowserControl</tag>
<tag>Setter</tag>
<doc>Create a new playwright Browser with specified options.</doc>
<msg timestamp="20220520 15:46:09.317" level="INFO">{"browser": "chromium", "headless": true, "handleSIGINT": true, "handleSIGTERM": true, "handleSIGHUP": true, "timeout": 30000.0, "devtools": false, "slowMo": 0.0, "tracesDir": "C:\\GravidadeZERO\\getgeeks\\project\\logs\\pabot_results\\0\\browser\\traces\\fb119769-6e14-4f90-a565-044de6bb8f33"}</msg>
<msg timestamp="20220520 15:46:11.730" level="INFO">Successfully created browser with options: {"browser":"chromium","headless":true,"handleSIGINT":true,"handleSIGTERM":true,"handleSIGHUP":true,"timeout":30000,"devtools":false,"slowMo":0,"tracesDir":"C:\\GravidadeZERO\\getgeeks\\project\\logs\\pabot_results\\0\\browser\\traces\\fb119769-6e14-4f90-a565-044de6bb8f33"}</msg>
<status status="PASS" starttime="20220520 15:46:09.316" endtime="20220520 15:46:11.730"/>
</kw>
<kw name="New Page" library="Browser">
<arg>${BASE_URL}</arg>
<tag>BrowserControl</tag>
<tag>Setter</tag>
<doc>Open a new Page.</doc>
<msg timestamp="20220520 15:46:14.416" level="INFO">Successfully initialized new page object and opened url: https://getgeeks-jonga.herokuapp.com</msg>
<msg timestamp="20220520 15:46:14.416" level="INFO">No context was open. New context was automatically opened when this page is created.</msg>
<status status="PASS" starttime="20220520 15:46:11.731" endtime="20220520 15:46:14.416"/>
</kw>
<kw name="Set Viewport Size" library="Browser">
<arg>1280</arg>
<arg>768</arg>
<tag>BrowserControl</tag>
<tag>Setter</tag>
<doc>Sets current Pages viewport size to specified dimensions.</doc>
<msg timestamp="20220520 15:46:14.429" level="INFO">Set viewport size to: [object Object]</msg>
<status status="PASS" starttime="20220520 15:46:14.418" endtime="20220520 15:46:14.429"/>
</kw>
<status status="PASS" starttime="20220520 15:46:09.316" endtime="20220520 15:46:14.429"/>
</kw>
<kw name="Do Login" library="Helpers">
<arg>${user}</arg>
<kw name="Go To Login Page" library="AuthActions">
<kw name="Go To" library="Browser">
<arg>${BASE_URL}</arg>
<tag>BrowserControl</tag>
<tag>Setter</tag>
<doc>Navigates to the given ``url``.</doc>
<msg timestamp="20220520 15:46:15.144" level="INFO">Successfully opened URL https://getgeeks-jonga.herokuapp.com</msg>
<status status="PASS" starttime="20220520 15:46:14.432" endtime="20220520 15:46:15.145"/>
</kw>
<kw name="Wait For Elements State" library="Browser">
<arg>css=.login-form</arg>
<arg>visible</arg>
<arg>5</arg>
<tag>PageContent</tag>
<tag>Wait</tag>
<doc>Waits for the element found by ``selector`` to satisfy state option.</doc>
<msg timestamp="20220520 15:46:15.245" level="INFO">Waited for Element with selector css=.login-form at state visible</msg>
<status status="PASS" starttime="20220520 15:46:15.147" endtime="20220520 15:46:15.246"/>
</kw>
<status status="PASS" starttime="20220520 15:46:14.431" endtime="20220520 15:46:15.247"/>
</kw>
<kw name="Fill Credentials" library="AuthActions">
<arg>${user}</arg>
<kw name="Fill Text" library="Browser">
<arg>${INPUT_EMAIL}</arg>
<arg>${user}[email]</arg>
<tag>PageContent</tag>
<tag>Setter</tag>
<doc>Clears and fills the given ``txt`` into the text field found by ``selector``.</doc>
<msg timestamp="20220520 15:46:15.250" level="INFO">Fills the text 'dio@linux.com' in the given field.</msg>
<status status="PASS" starttime="20220520 15:46:15.249" endtime="20220520 15:46:15.302"/>
</kw>
<kw name="Fill Text" library="Browser">
<arg>id=password</arg>
<arg>${user}[password]</arg>
<tag>PageContent</tag>
<tag>Setter</tag>
<doc>Clears and fills the given ``txt`` into the text field found by ``selector``.</doc>
<msg timestamp="20220520 15:46:15.303" level="INFO">Fills the text 'pwd123' in the given field.</msg>
<status status="PASS" starttime="20220520 15:46:15.302" endtime="20220520 15:46:15.346"/>
</kw>
<status status="PASS" starttime="20220520 15:46:15.247" endtime="20220520 15:46:15.347"/>
</kw>
<kw name="Submit Credentials" library="AuthActions">
<kw name="Click" library="Browser">
<arg>css=.submit-button &gt;&gt; text=Entrar</arg>
<tag>PageContent</tag>
<tag>Setter</tag>
<doc>Simulates mouse click on the element found by ``selector``.</doc>
<status status="PASS" starttime="20220520 15:46:15.348" endtime="20220520 15:46:15.555"/>
</kw>
<status status="PASS" starttime="20220520 15:46:15.347" endtime="20220520 15:46:15.556"/>
</kw>
<kw name="User Should Be Logged In" library="AuthActions">
<arg>${user}</arg>
<kw name="Set Variable" library="BuiltIn">
<var>${element}</var>
<arg>css=a[href="/profile"]</arg>
<doc>Returns the given values which can then be assigned to a variables.</doc>
<msg timestamp="20220520 15:46:15.564" level="INFO">${element} = css=a[href="/profile"]</msg>
<status status="PASS" starttime="20220520 15:46:15.561" endtime="20220520 15:46:15.564"/>
</kw>
<kw name="Set Variable" library="BuiltIn">
<var>${expect_fullname}</var>
<arg>${user}[name] ${user}[lastname]</arg>
<doc>Returns the given values which can then be assigned to a variables.</doc>
<msg timestamp="20220520 15:46:15.567" level="INFO">${expect_fullname} = Dio Linux</msg>
<status status="PASS" starttime="20220520 15:46:15.565" endtime="20220520 15:46:15.567"/>
</kw>
<kw name="Wait For Elements State" library="Browser">
<arg>${element}</arg>
<arg>visible</arg>
<arg>5</arg>
<tag>PageContent</tag>
<tag>Wait</tag>
<doc>Waits for the element found by ``selector`` to satisfy state option.</doc>
<msg timestamp="20220520 15:46:16.773" level="INFO">Waited for Element with selector css=a[href="/profile"] at state visible</msg>
<status status="PASS" starttime="20220520 15:46:15.568" endtime="20220520 15:46:16.774"/>
</kw>
<kw name="Get Text" library="Browser">
<arg>${element}</arg>
<arg>Equal</arg>
<arg>${expect_fullname}</arg>
<tag>Assertion</tag>
<tag>Getter</tag>
<tag>PageContent</tag>
<doc>Returns text attribute of the element found by ``selector``.</doc>
<status status="PASS" starttime="20220520 15:46:16.775" endtime="20220520 15:46:16.872"/>
</kw>
<status status="PASS" starttime="20220520 15:46:15.557" endtime="20220520 15:46:16.873"/>
</kw>
<status status="PASS" starttime="20220520 15:46:14.430" endtime="20220520 15:46:16.874"/>
</kw>
<kw name="Go To Geek Form" library="GeekActions">
<kw name="Click" library="Browser">
<arg>css=a[href="/be-geek"] &gt;&gt; text=Seja um Geek</arg>
<tag>PageContent</tag>
<tag>Setter</tag>
<doc>Simulates mouse click on the element found by ``selector``.</doc>
<status status="PASS" starttime="20220520 15:46:16.877" endtime="20220520 15:46:17.020"/>
</kw>
<kw name="Wait For Elements State" library="Browser">
<arg>css=.be-geek-form</arg>
<arg>visible</arg>
<arg>5</arg>
<tag>PageContent</tag>
<tag>Wait</tag>
<doc>Waits for the element found by ``selector`` to satisfy state option.</doc>
<msg timestamp="20220520 15:46:17.039" level="INFO">Waited for Element with selector css=.be-geek-form at state visible</msg>
<status status="PASS" starttime="20220520 15:46:17.021" endtime="20220520 15:46:17.039"/>
</kw>
<status status="PASS" starttime="20220520 15:46:16.875" endtime="20220520 15:46:17.040"/>
</kw>
<status status="PASS" starttime="20220520 15:46:09.313" endtime="20220520 15:46:17.041"/>
</kw>
<test id="s1-s1-t1" name="Short desc">
<kw name="Attempt Be a Geek">
<arg>desc</arg>
<arg>Formato o seu PC</arg>
<arg>A descrição deve ter no minimo 80 caracteres</arg>
<kw name="Factory User" library="Users">
<var>${user}</var>
<arg>attempt_be_geek</arg>
<msg timestamp="20220520 15:46:17.057" level="INFO">${user} = {'name': 'Dio', 'lastname': 'Linux', 'email': 'dio@linux.com', 'password': 'pwd123', 'geek_profile': {'whats': '11999999999', 'desc': 'Seu pc esta lento ? reiniciando do nada ? não se preocupe dou um ...</msg>
<status status="PASS" starttime="20220520 15:46:17.055" endtime="20220520 15:46:17.057"/>
</kw>
<kw name="Set To Dictionary" library="Collections">
<arg>${user}[geek_profile]</arg>
<arg>${key}</arg>
<arg>${input_field}</arg>
<doc>Adds the given ``key_value_pairs`` and ``items`` to the ``dictionary``.</doc>
<status status="PASS" starttime="20220520 15:46:17.058" endtime="20220520 15:46:17.059"/>
</kw>
<kw name="Fill Geek Form" library="GeekActions">
<arg>${user}[geek_profile]</arg>
<kw name="Fill Text" library="Browser">
<arg>id=whatsapp</arg>
<arg>${geek_profile}[whats]</arg>
<tag>PageContent</tag>
<tag>Setter</tag>
<doc>Clears and fills the given ``txt`` into the text field found by ``selector``.</doc>
<msg timestamp="20220520 15:46:17.063" level="INFO">Fills the text '11999999999' in the given field.</msg>
<status status="PASS" starttime="20220520 15:46:17.062" endtime="20220520 15:46:17.104"/>
</kw>
<kw name="Fill Text" library="Browser">
<arg>id=desc</arg>
<arg>${geek_profile}[desc]</arg>
<tag>PageContent</tag>
<tag>Setter</tag>
<doc>Clears and fills the given ``txt`` into the text field found by ``selector``.</doc>
<msg timestamp="20220520 15:46:17.106" level="INFO">Fills the text 'Formato o seu PC' in the given field.</msg>
<status status="PASS" starttime="20220520 15:46:17.104" endtime="20220520 15:46:17.158"/>
</kw>
<if>
<branch type="IF" condition="'${geek_profile}[printer_repair]'">
<kw name="Select Options By" library="Browser">
<arg>id=printer_repair</arg>
<arg>text</arg>
<arg>${geek_profile}[printer_repair]</arg>
<tag>PageContent</tag>
<tag>Setter</tag>
<doc>Selects options from select element found by ``selector``.</doc>
<status status="PASS" starttime="20220520 15:46:17.169" endtime="20220520 15:46:17.823"/>
</kw>
<status status="PASS" starttime="20220520 15:46:17.159" endtime="20220520 15:46:17.824"/>
</branch>
<status status="PASS" starttime="20220520 15:46:17.158" endtime="20220520 15:46:17.824"/>
</if>
<if>
<branch type="IF" condition="'${geek_profile}[work]'">
<kw name="Select Options By" library="Browser">
<arg>id=work</arg>
<arg>text</arg>
<arg>${geek_profile}[work]</arg>
<tag>PageContent</tag>
<tag>Setter</tag>
<doc>Selects options from select element found by ``selector``.</doc>
<status status="PASS" starttime="20220520 15:46:17.825" endtime="20220520 15:46:17.954"/>
</kw>
<status status="PASS" starttime="20220520 15:46:17.824" endtime="20220520 15:46:17.955"/>
</branch>
<status status="PASS" starttime="20220520 15:46:17.824" endtime="20220520 15:46:17.955"/>
</if>
<kw name="Fill Text" library="Browser">
<arg>id=cost</arg>
<arg>${geek_profile}[cost]</arg>
<tag>PageContent</tag>
<tag>Setter</tag>
<doc>Clears and fills the given ``txt`` into the text field found by ``selector``.</doc>
<msg timestamp="20220520 15:46:17.956" level="INFO">Fills the text '150' in the given field.</msg>
<status status="PASS" starttime="20220520 15:46:17.956" endtime="20220520 15:46:17.992"/>
</kw>
<status status="PASS" starttime="20220520 15:46:17.060" endtime="20220520 15:46:17.992"/>
</kw>
<kw name="Submit Geek Form" library="GeekActions">
<kw name="Click" library="Browser">
<arg>css=button &gt;&gt; text=Quero ser um Geek</arg>
<tag>PageContent</tag>
<tag>Setter</tag>
<doc>Simulates mouse click on the element found by ``selector``.</doc>
<status status="PASS" starttime="20220520 15:46:17.995" endtime="20220520 15:46:18.092"/>
</kw>
<status status="PASS" starttime="20220520 15:46:17.993" endtime="20220520 15:46:18.093"/>
</kw>
<kw name="Alert Span Should Be" library="_SharedActions">
<arg>${output_message}</arg>
<kw name="Wait For Elements State" library="Browser">
<arg>css=span[class=error] &gt;&gt; text= ${expected_alert}</arg>
<arg>visible</arg>
<arg>8</arg>
<tag>PageContent</tag>
<tag>Wait</tag>
<doc>Waits for the element found by ``selector`` to satisfy state option.</doc>
<msg timestamp="20220520 15:46:18.113" level="INFO">Waited for Element with selector css=span[class=error] &gt;&gt; text= A descrição deve ter no minimo 80 caracteres at state visible</msg>
<status status="PASS" starttime="20220520 15:46:18.096" endtime="20220520 15:46:18.113"/>
</kw>
<status status="PASS" starttime="20220520 15:46:18.094" endtime="20220520 15:46:18.114"/>
</kw>
<kw name="Take Screenshot" library="Browser">
<arg>fullPage=true</arg>
<tag>PageContent</tag>
<doc>Takes a screenshot of the current window or element and saves it to disk.</doc>
<msg timestamp="20220520 15:46:18.427" level="INFO" html="true">&lt;/td&gt;&lt;/tr&gt;&lt;tr&gt;&lt;td colspan="3"&gt;&lt;a href="browser/screenshot/robotframework-browser-screenshot-1.png"&gt;&lt;img src="browser/screenshot/robotframework-browser-screenshot-1.png" width="800px"&gt;&lt;/a&gt;</msg>
<status status="PASS" starttime="20220520 15:46:18.114" endtime="20220520 15:46:18.428"/>
</kw>
<kw name="Sleep" library="BuiltIn">
<arg>2</arg>
<doc>Pauses the test executed for the given time.</doc>
<msg timestamp="20220520 15:46:20.440" level="INFO">Slept 2 seconds</msg>
<status status="PASS" starttime="20220520 15:46:18.429" endtime="20220520 15:46:20.440"/>
</kw>
<status status="PASS" starttime="20220520 15:46:17.053" endtime="20220520 15:46:20.441"/>
</kw>
<status status="PASS" starttime="20220520 15:46:17.042" endtime="20220520 15:46:20.444"/>
</test>
<test id="s1-s1-t2" name="Long desc">
<kw name="Attempt Be a Geek">
<arg>desc</arg>
<arg>${long_desc}</arg>
<arg>A descrição deve ter nomáximo 255 caracteres</arg>
<kw name="Factory User" library="Users">
<var>${user}</var>
<arg>attempt_be_geek</arg>
<msg timestamp="20220520 15:46:20.474" level="INFO">${user} = {'name': 'Dio', 'lastname': 'Linux', 'email': 'dio@linux.com', 'password': 'pwd123', 'geek_profile': {'whats': '11999999999', 'desc': 'Seu pc esta lento ? reiniciando do nada ? não se preocupe dou um ...</msg>
<status status="PASS" starttime="20220520 15:46:20.472" endtime="20220520 15:46:20.474"/>
</kw>
<kw name="Set To Dictionary" library="Collections">
<arg>${user}[geek_profile]</arg>
<arg>${key}</arg>
<arg>${input_field}</arg>
<doc>Adds the given ``key_value_pairs`` and ``items`` to the ``dictionary``.</doc>
<status status="PASS" starttime="20220520 15:46:20.474" endtime="20220520 15:46:20.474"/>
</kw>
<kw name="Fill Geek Form" library="GeekActions">
<arg>${user}[geek_profile]</arg>
<kw name="Fill Text" library="Browser">
<arg>id=whatsapp</arg>
<arg>${geek_profile}[whats]</arg>
<tag>PageContent</tag>
<tag>Setter</tag>
<doc>Clears and fills the given ``txt`` into the text field found by ``selector``.</doc>
<msg timestamp="20220520 15:46:20.483" level="INFO">Fills the text '11999999999' in the given field.</msg>
<status status="PASS" starttime="20220520 15:46:20.482" endtime="20220520 15:46:20.567"/>
</kw>
<kw name="Fill Text" library="Browser">
<arg>id=desc</arg>
<arg>${geek_profile}[desc]</arg>
<tag>PageContent</tag>
<tag>Setter</tag>
<doc>Clears and fills the given ``txt`` into the text field found by ``selector``.</doc>
<msg timestamp="20220520 15:46:20.570" level="INFO">Fills the text 'Seu pc esta lento ? reiniciando do nada ? não se preocupe dou um jeito nele.O baidu esta te incomodando não tem problema também damos um jeito nele.Formatou e esqueceu de fazer backup? Mas pode ficar tranquilo recuperamos para você, excluímos qualquer tipo de virus' in the given field.</msg>
<status status="PASS" starttime="20220520 15:46:20.568" endtime="20220520 15:46:20.635"/>
</kw>
<if>
<branch type="IF" condition="'${geek_profile}[printer_repair]'">
<kw name="Select Options By" library="Browser">
<arg>id=printer_repair</arg>
<arg>text</arg>
<arg>${geek_profile}[printer_repair]</arg>
<tag>PageContent</tag>
<tag>Setter</tag>
<doc>Selects options from select element found by ``selector``.</doc>
<status status="PASS" starttime="20220520 15:46:20.636" endtime="20220520 15:46:20.873"/>
</kw>
<status status="PASS" starttime="20220520 15:46:20.636" endtime="20220520 15:46:20.873"/>
</branch>
<status status="PASS" starttime="20220520 15:46:20.635" endtime="20220520 15:46:20.874"/>
</if>
<if>
<branch type="IF" condition="'${geek_profile}[work]'">
<kw name="Select Options By" library="Browser">
<arg>id=work</arg>
<arg>text</arg>
<arg>${geek_profile}[work]</arg>
<tag>PageContent</tag>
<tag>Setter</tag>
<doc>Selects options from select element found by ``selector``.</doc>
<status status="PASS" starttime="20220520 15:46:20.877" endtime="20220520 15:46:21.142"/>
</kw>
<status status="PASS" starttime="20220520 15:46:20.874" endtime="20220520 15:46:21.142"/>
</branch>
<status status="PASS" starttime="20220520 15:46:20.874" endtime="20220520 15:46:21.143"/>
</if>
<kw name="Fill Text" library="Browser">
<arg>id=cost</arg>
<arg>${geek_profile}[cost]</arg>
<tag>PageContent</tag>
<tag>Setter</tag>
<doc>Clears and fills the given ``txt`` into the text field found by ``selector``.</doc>
<msg timestamp="20220520 15:46:21.145" level="INFO">Fills the text '150' in the given field.</msg>
<status status="PASS" starttime="20220520 15:46:21.143" endtime="20220520 15:46:21.200"/>
</kw>
<status status="PASS" starttime="20220520 15:46:20.480" endtime="20220520 15:46:21.201"/>
</kw>
<kw name="Submit Geek Form" library="GeekActions">
<kw name="Click" library="Browser">
<arg>css=button &gt;&gt; text=Quero ser um Geek</arg>
<tag>PageContent</tag>
<tag>Setter</tag>
<doc>Simulates mouse click on the element found by ``selector``.</doc>
<status status="PASS" starttime="20220520 15:46:21.204" endtime="20220520 15:46:21.358"/>
</kw>
<status status="PASS" starttime="20220520 15:46:21.202" endtime="20220520 15:46:21.359"/>
</kw>
<kw name="Alert Span Should Be" library="_SharedActions">
<arg>${output_message}</arg>
<kw name="Wait For Elements State" library="Browser">
<arg>css=span[class=error] &gt;&gt; text= ${expected_alert}</arg>
<arg>visible</arg>
<arg>8</arg>
<tag>PageContent</tag>
<tag>Wait</tag>
<doc>Waits for the element found by ``selector`` to satisfy state option.</doc>
<msg timestamp="20220520 15:46:29.708" level="INFO" html="true">&lt;/td&gt;&lt;/tr&gt;&lt;tr&gt;&lt;td colspan="3"&gt;&lt;a href="browser/screenshot/fail-screenshot-1.png"&gt;&lt;img src="browser/screenshot/fail-screenshot-1.png" width="800px"&gt;&lt;/a&gt;</msg>
<msg timestamp="20220520 15:46:29.727" level="FAIL">TimeoutError: locator.waitFor: Timeout 8000ms exceeded.
=========================== logs ===========================
waiting for selector "css=span[class=error] &gt;&gt; text= A descrição deve ter nomáximo 255 caracteres" to be visible
============================================================</msg>
<status status="FAIL" starttime="20220520 15:46:21.363" endtime="20220520 15:46:29.728"/>
</kw>
<status status="FAIL" starttime="20220520 15:46:21.360" endtime="20220520 15:46:29.735"/>
</kw>
<kw name="Take Screenshot" library="Browser">
<arg>fullPage=true</arg>
<tag>PageContent</tag>
<doc>Takes a screenshot of the current window or element and saves it to disk.</doc>
<status status="NOT RUN" starttime="20220520 15:46:29.737" endtime="20220520 15:46:29.737"/>
</kw>
<kw name="Sleep" library="BuiltIn">
<arg>2</arg>
<doc>Pauses the test executed for the given time.</doc>
<status status="NOT RUN" starttime="20220520 15:46:29.737" endtime="20220520 15:46:29.737"/>
</kw>
<status status="FAIL" starttime="20220520 15:46:20.469" endtime="20220520 15:46:29.737"/>
</kw>
<status status="FAIL" starttime="20220520 15:46:20.455" endtime="20220520 15:46:29.742">TimeoutError: locator.waitFor: Timeout 8000ms exceeded.
=========================== logs ===========================
waiting for selector "css=span[class=error] &gt;&gt; text= A descrição deve ter nomáximo 255 caracteres" to be visible
============================================================</status>
</test>
<test id="s1-s1-t3" name="Empty desc">
<kw name="Attempt Be a Geek">
<arg>desc</arg>
<arg>${EMPTY}</arg>
<arg>Informe a descrição do seu trabalho</arg>
<kw name="Factory User" library="Users">
<var>${user}</var>
<arg>attempt_be_geek</arg>
<msg timestamp="20220520 15:46:29.775" level="INFO">${user} = {'name': 'Dio', 'lastname': 'Linux', 'email': 'dio@linux.com', 'password': 'pwd123', 'geek_profile': {'whats': '11999999999', 'desc': 'Seu pc esta lento ? reiniciando do nada ? não se preocupe dou um ...</msg>
<status status="PASS" starttime="20220520 15:46:29.772" endtime="20220520 15:46:29.775"/>
</kw>
<kw name="Set To Dictionary" library="Collections">
<arg>${user}[geek_profile]</arg>
<arg>${key}</arg>
<arg>${input_field}</arg>
<doc>Adds the given ``key_value_pairs`` and ``items`` to the ``dictionary``.</doc>
<status status="PASS" starttime="20220520 15:46:29.776" endtime="20220520 15:46:29.776"/>
</kw>
<kw name="Fill Geek Form" library="GeekActions">
<arg>${user}[geek_profile]</arg>
<kw name="Fill Text" library="Browser">
<arg>id=whatsapp</arg>
<arg>${geek_profile}[whats]</arg>
<tag>PageContent</tag>
<tag>Setter</tag>
<doc>Clears and fills the given ``txt`` into the text field found by ``selector``.</doc>
<msg timestamp="20220520 15:46:29.781" level="INFO">Fills the text '11999999999' in the given field.</msg>
<status status="PASS" starttime="20220520 15:46:29.776" endtime="20220520 15:46:29.818"/>
</kw>
<kw name="Fill Text" library="Browser">
<arg>id=desc</arg>
<arg>${geek_profile}[desc]</arg>
<tag>PageContent</tag>
<tag>Setter</tag>
<doc>Clears and fills the given ``txt`` into the text field found by ``selector``.</doc>
<msg timestamp="20220520 15:46:29.820" level="INFO">Fills the text '' in the given field.</msg>
<status status="PASS" starttime="20220520 15:46:29.819" endtime="20220520 15:46:29.848"/>
</kw>
<if>
<branch type="IF" condition="'${geek_profile}[printer_repair]'">
<kw name="Select Options By" library="Browser">
<arg>id=printer_repair</arg>
<arg>text</arg>
<arg>${geek_profile}[printer_repair]</arg>
<tag>PageContent</tag>
<tag>Setter</tag>
<doc>Selects options from select element found by ``selector``.</doc>
<status status="PASS" starttime="20220520 15:46:29.849" endtime="20220520 15:46:30.023"/>
</kw>
<status status="PASS" starttime="20220520 15:46:29.848" endtime="20220520 15:46:30.024"/>
</branch>
<status status="PASS" starttime="20220520 15:46:29.848" endtime="20220520 15:46:30.024"/>
</if>
<if>
<branch type="IF" condition="'${geek_profile}[work]'">
<kw name="Select Options By" library="Browser">
<arg>id=work</arg>
<arg>text</arg>
<arg>${geek_profile}[work]</arg>
<tag>PageContent</tag>
<tag>Setter</tag>
<doc>Selects options from select element found by ``selector``.</doc>
<status status="PASS" starttime="20220520 15:46:30.026" endtime="20220520 15:46:30.234"/>
</kw>
<status status="PASS" starttime="20220520 15:46:30.025" endtime="20220520 15:46:30.235"/>
</branch>
<status status="PASS" starttime="20220520 15:46:30.024" endtime="20220520 15:46:30.235"/>
</if>
<kw name="Fill Text" library="Browser">
<arg>id=cost</arg>
<arg>${geek_profile}[cost]</arg>
<tag>PageContent</tag>
<tag>Setter</tag>
<doc>Clears and fills the given ``txt`` into the text field found by ``selector``.</doc>
<msg timestamp="20220520 15:46:30.236" level="INFO">Fills the text '150' in the given field.</msg>
<status status="PASS" starttime="20220520 15:46:30.236" endtime="20220520 15:46:30.284"/>
</kw>
<status status="PASS" starttime="20220520 15:46:29.776" endtime="20220520 15:46:30.284"/>
</kw>
<kw name="Submit Geek Form" library="GeekActions">
<kw name="Click" library="Browser">
<arg>css=button &gt;&gt; text=Quero ser um Geek</arg>
<tag>PageContent</tag>
<tag>Setter</tag>
<doc>Simulates mouse click on the element found by ``selector``.</doc>
<status status="PASS" starttime="20220520 15:46:30.285" endtime="20220520 15:46:30.387"/>
</kw>
<status status="PASS" starttime="20220520 15:46:30.285" endtime="20220520 15:46:30.388"/>
</kw>
<kw name="Alert Span Should Be" library="_SharedActions">
<arg>${output_message}</arg>
<kw name="Wait For Elements State" library="Browser">
<arg>css=span[class=error] &gt;&gt; text= ${expected_alert}</arg>
<arg>visible</arg>
<arg>8</arg>
<tag>PageContent</tag>
<tag>Wait</tag>
<doc>Waits for the element found by ``selector`` to satisfy state option.</doc>
<msg timestamp="20220520 15:46:30.415" level="INFO">Waited for Element with selector css=span[class=error] &gt;&gt; text= Informe a descrição do seu trabalho at state visible</msg>
<status status="PASS" starttime="20220520 15:46:30.388" endtime="20220520 15:46:30.416"/>
</kw>
<status status="PASS" starttime="20220520 15:46:30.388" endtime="20220520 15:46:30.416"/>
</kw>
<kw name="Take Screenshot" library="Browser">
<arg>fullPage=true</arg>
<tag>PageContent</tag>
<doc>Takes a screenshot of the current window or element and saves it to disk.</doc>
<msg timestamp="20220520 15:46:30.900" level="INFO" html="true">&lt;/td&gt;&lt;/tr&gt;&lt;tr&gt;&lt;td colspan="3"&gt;&lt;a href="browser/screenshot/robotframework-browser-screenshot-2.png"&gt;&lt;img src="browser/screenshot/robotframework-browser-screenshot-2.png" width="800px"&gt;&lt;/a&gt;</msg>
<status status="PASS" starttime="20220520 15:46:30.417" endtime="20220520 15:46:30.902"/>
</kw>
<kw name="Sleep" library="BuiltIn">
<arg>2</arg>
<doc>Pauses the test executed for the given time.</doc>
<msg timestamp="20220520 15:46:32.907" level="INFO">Slept 2 seconds</msg>
<status status="PASS" starttime="20220520 15:46:30.903" endtime="20220520 15:46:32.907"/>
</kw>
<status status="PASS" starttime="20220520 15:46:29.764" endtime="20220520 15:46:32.908"/>
</kw>
<status status="PASS" starttime="20220520 15:46:29.754" endtime="20220520 15:46:32.908"/>
</test>
<test id="s1-s1-t4" name="Whats only ddd">
<kw name="Attempt Be a Geek">
<arg>whats</arg>
<arg>11</arg>
<arg>O Whatsapp deve ter 11 digitos contando com o DDD</arg>
<kw name="Factory User" library="Users">
<var>${user}</var>
<arg>attempt_be_geek</arg>
<msg timestamp="20220520 15:46:32.934" level="INFO">${user} = {'name': 'Dio', 'lastname': 'Linux', 'email': 'dio@linux.com', 'password': 'pwd123', 'geek_profile': {'whats': '11999999999', 'desc': 'Seu pc esta lento ? reiniciando do nada ? não se preocupe dou um ...</msg>
<status status="PASS" starttime="20220520 15:46:32.929" endtime="20220520 15:46:32.934"/>
</kw>
<kw name="Set To Dictionary" library="Collections">
<arg>${user}[geek_profile]</arg>
<arg>${key}</arg>
<arg>${input_field}</arg>
<doc>Adds the given ``key_value_pairs`` and ``items`` to the ``dictionary``.</doc>
<status status="PASS" starttime="20220520 15:46:32.935" endtime="20220520 15:46:32.935"/>
</kw>
<kw name="Fill Geek Form" library="GeekActions">
<arg>${user}[geek_profile]</arg>
<kw name="Fill Text" library="Browser">
<arg>id=whatsapp</arg>
<arg>${geek_profile}[whats]</arg>
<tag>PageContent</tag>
<tag>Setter</tag>
<doc>Clears and fills the given ``txt`` into the text field found by ``selector``.</doc>
<msg timestamp="20220520 15:46:32.941" level="INFO">Fills the text '11' in the given field.</msg>
<status status="PASS" starttime="20220520 15:46:32.935" endtime="20220520 15:46:32.999"/>
</kw>
<kw name="Fill Text" library="Browser">
<arg>id=desc</arg>
<arg>${geek_profile}[desc]</arg>
<tag>PageContent</tag>
<tag>Setter</tag>
<doc>Clears and fills the given ``txt`` into the text field found by ``selector``.</doc>
<msg timestamp="20220520 15:46:33.000" level="INFO">Fills the text 'Seu pc esta lento ? reiniciando do nada ? não se preocupe dou um jeito nele.O baidu esta te incomodando não tem problema também damos um jeito nele.Formatou e esqueceu de fazer backup? pode ficar tranquilo recuperamos para você, excluímos qualquer tipo de virus' in the given field.</msg>
<status status="PASS" starttime="20220520 15:46:33.000" endtime="20220520 15:46:33.058"/>
</kw>
<if>
<branch type="IF" condition="'${geek_profile}[printer_repair]'">
<kw name="Select Options By" library="Browser">
<arg>id=printer_repair</arg>
<arg>text</arg>
<arg>${geek_profile}[printer_repair]</arg>
<tag>PageContent</tag>
<tag>Setter</tag>
<doc>Selects options from select element found by ``selector``.</doc>
<status status="PASS" starttime="20220520 15:46:33.059" endtime="20220520 15:46:33.239"/>
</kw>
<status status="PASS" starttime="20220520 15:46:33.059" endtime="20220520 15:46:33.239"/>
</branch>
<status status="PASS" starttime="20220520 15:46:33.059" endtime="20220520 15:46:33.240"/>
</if>
<if>
<branch type="IF" condition="'${geek_profile}[work]'">
<kw name="Select Options By" library="Browser">
<arg>id=work</arg>
<arg>text</arg>
<arg>${geek_profile}[work]</arg>
<tag>PageContent</tag>
<tag>Setter</tag>
<doc>Selects options from select element found by ``selector``.</doc>
<status status="PASS" starttime="20220520 15:46:33.240" endtime="20220520 15:46:33.447"/>
</kw>
<status status="PASS" starttime="20220520 15:46:33.240" endtime="20220520 15:46:33.447"/>
</branch>
<status status="PASS" starttime="20220520 15:46:33.240" endtime="20220520 15:46:33.447"/>
</if>
<kw name="Fill Text" library="Browser">
<arg>id=cost</arg>
<arg>${geek_profile}[cost]</arg>
<tag>PageContent</tag>
<tag>Setter</tag>
<doc>Clears and fills the given ``txt`` into the text field found by ``selector``.</doc>
<msg timestamp="20220520 15:46:33.448" level="INFO">Fills the text '150' in the given field.</msg>
<status status="PASS" starttime="20220520 15:46:33.448" endtime="20220520 15:46:33.494"/>
</kw>
<status status="PASS" starttime="20220520 15:46:32.935" endtime="20220520 15:46:33.495"/>
</kw>
<kw name="Submit Geek Form" library="GeekActions">
<kw name="Click" library="Browser">
<arg>css=button &gt;&gt; text=Quero ser um Geek</arg>
<tag>PageContent</tag>
<tag>Setter</tag>
<doc>Simulates mouse click on the element found by ``selector``.</doc>
<status status="PASS" starttime="20220520 15:46:33.497" endtime="20220520 15:46:33.623"/>
</kw>
<status status="PASS" starttime="20220520 15:46:33.495" endtime="20220520 15:46:33.624"/>
</kw>
<kw name="Alert Span Should Be" library="_SharedActions">
<arg>${output_message}</arg>
<kw name="Wait For Elements State" library="Browser">
<arg>css=span[class=error] &gt;&gt; text= ${expected_alert}</arg>
<arg>visible</arg>
<arg>8</arg>
<tag>PageContent</tag>
<tag>Wait</tag>
<doc>Waits for the element found by ``selector`` to satisfy state option.</doc>
<msg timestamp="20220520 15:46:33.649" level="INFO">Waited for Element with selector css=span[class=error] &gt;&gt; text= O Whatsapp deve ter 11 digitos contando com o DDD at state visible</msg>
<status status="PASS" starttime="20220520 15:46:33.625" endtime="20220520 15:46:33.649"/>
</kw>
<status status="PASS" starttime="20220520 15:46:33.624" endtime="20220520 15:46:33.650"/>
</kw>
<kw name="Take Screenshot" library="Browser">
<arg>fullPage=true</arg>
<tag>PageContent</tag>
<doc>Takes a screenshot of the current window or element and saves it to disk.</doc>
<msg timestamp="20220520 15:46:34.109" level="INFO" html="true">&lt;/td&gt;&lt;/tr&gt;&lt;tr&gt;&lt;td colspan="3"&gt;&lt;a href="browser/screenshot/robotframework-browser-screenshot-3.png"&gt;&lt;img src="browser/screenshot/robotframework-browser-screenshot-3.png" width="800px"&gt;&lt;/a&gt;</msg>
<status status="PASS" starttime="20220520 15:46:33.651" endtime="20220520 15:46:34.109"/>
</kw>
<kw name="Sleep" library="BuiltIn">
<arg>2</arg>
<doc>Pauses the test executed for the given time.</doc>
<msg timestamp="20220520 15:46:36.117" level="INFO">Slept 2 seconds</msg>
<status status="PASS" starttime="20220520 15:46:34.109" endtime="20220520 15:46:36.117"/>
</kw>
<status status="PASS" starttime="20220520 15:46:32.929" endtime="20220520 15:46:36.118"/>
</kw>
<status status="PASS" starttime="20220520 15:46:32.917" endtime="20220520 15:46:36.119"/>
</test>
<test id="s1-s1-t5" name="Whats only number">
<kw name="Attempt Be a Geek">
<arg>whats</arg>
<arg>99999999</arg>
<arg>O Whatsapp deve ter 11 digitos contando com o DDD</arg>
<kw name="Factory User" library="Users">
<var>${user}</var>
<arg>attempt_be_geek</arg>
<msg timestamp="20220520 15:46:36.144" level="INFO">${user} = {'name': 'Dio', 'lastname': 'Linux', 'email': 'dio@linux.com', 'password': 'pwd123', 'geek_profile': {'whats': '11999999999', 'desc': 'Seu pc esta lento ? reiniciando do nada ? não se preocupe dou um ...</msg>
<status status="PASS" starttime="20220520 15:46:36.144" endtime="20220520 15:46:36.144"/>
</kw>
<kw name="Set To Dictionary" library="Collections">
<arg>${user}[geek_profile]</arg>
<arg>${key}</arg>
<arg>${input_field}</arg>
<doc>Adds the given ``key_value_pairs`` and ``items`` to the ``dictionary``.</doc>
<status status="PASS" starttime="20220520 15:46:36.144" endtime="20220520 15:46:36.150"/>
</kw>
<kw name="Fill Geek Form" library="GeekActions">
<arg>${user}[geek_profile]</arg>
<kw name="Fill Text" library="Browser">
<arg>id=whatsapp</arg>
<arg>${geek_profile}[whats]</arg>
<tag>PageContent</tag>
<tag>Setter</tag>
<doc>Clears and fills the given ``txt`` into the text field found by ``selector``.</doc>
<msg timestamp="20220520 15:46:36.155" level="INFO">Fills the text '99999999' in the given field.</msg>
<status status="PASS" starttime="20220520 15:46:36.150" endtime="20220520 15:46:36.215"/>
</kw>
<kw name="Fill Text" library="Browser">
<arg>id=desc</arg>
<arg>${geek_profile}[desc]</arg>
<tag>PageContent</tag>
<tag>Setter</tag>
<doc>Clears and fills the given ``txt`` into the text field found by ``selector``.</doc>
<msg timestamp="20220520 15:46:36.217" level="INFO">Fills the text 'Seu pc esta lento ? reiniciando do nada ? não se preocupe dou um jeito nele.O baidu esta te incomodando não tem problema também damos um jeito nele.Formatou e esqueceu de fazer backup? pode ficar tranquilo recuperamos para você, excluímos qualquer tipo de virus' in the given field.</msg>
<status status="PASS" starttime="20220520 15:46:36.216" endtime="20220520 15:46:36.275"/>
</kw>
<if>
<branch type="IF" condition="'${geek_profile}[printer_repair]'">
<kw name="Select Options By" library="Browser">
<arg>id=printer_repair</arg>
<arg>text</arg>
<arg>${geek_profile}[printer_repair]</arg>
<tag>PageContent</tag>
<tag>Setter</tag>
<doc>Selects options from select element found by ``selector``.</doc>
<status status="PASS" starttime="20220520 15:46:36.276" endtime="20220520 15:46:36.465"/>
</kw>
<status status="PASS" starttime="20220520 15:46:36.276" endtime="20220520 15:46:36.465"/>
</branch>
<status status="PASS" starttime="20220520 15:46:36.275" endtime="20220520 15:46:36.466"/>
</if>
<if>
<branch type="IF" condition="'${geek_profile}[work]'">
<kw name="Select Options By" library="Browser">
<arg>id=work</arg>
<arg>text</arg>
<arg>${geek_profile}[work]</arg>
<tag>PageContent</tag>
<tag>Setter</tag>
<doc>Selects options from select element found by ``selector``.</doc>
<status status="PASS" starttime="20220520 15:46:36.466" endtime="20220520 15:46:36.724"/>
</kw>
<status status="PASS" starttime="20220520 15:46:36.466" endtime="20220520 15:46:36.725"/>
</branch>
<status status="PASS" starttime="20220520 15:46:36.466" endtime="20220520 15:46:36.726"/>
</if>
<kw name="Fill Text" library="Browser">
<arg>id=cost</arg>
<arg>${geek_profile}[cost]</arg>
<tag>PageContent</tag>
<tag>Setter</tag>
<doc>Clears and fills the given ``txt`` into the text field found by ``selector``.</doc>
<msg timestamp="20220520 15:46:36.728" level="INFO">Fills the text '150' in the given field.</msg>
<status status="PASS" starttime="20220520 15:46:36.727" endtime="20220520 15:46:36.776"/>
</kw>
<status status="PASS" starttime="20220520 15:46:36.150" endtime="20220520 15:46:36.777"/>
</kw>
<kw name="Submit Geek Form" library="GeekActions">
<kw name="Click" library="Browser">
<arg>css=button &gt;&gt; text=Quero ser um Geek</arg>
<tag>PageContent</tag>
<tag>Setter</tag>
<doc>Simulates mouse click on the element found by ``selector``.</doc>
<status status="PASS" starttime="20220520 15:46:36.778" endtime="20220520 15:46:36.919"/>
</kw>
<status status="PASS" starttime="20220520 15:46:36.777" endtime="20220520 15:46:36.920"/>
</kw>
<kw name="Alert Span Should Be" library="_SharedActions">
<arg>${output_message}</arg>
<kw name="Wait For Elements State" library="Browser">
<arg>css=span[class=error] &gt;&gt; text= ${expected_alert}</arg>
<arg>visible</arg>
<arg>8</arg>
<tag>PageContent</tag>
<tag>Wait</tag>
<doc>Waits for the element found by ``selector`` to satisfy state option.</doc>
<msg timestamp="20220520 15:46:36.957" level="INFO">Waited for Element with selector css=span[class=error] &gt;&gt; text= O Whatsapp deve ter 11 digitos contando com o DDD at state visible</msg>
<status status="PASS" starttime="20220520 15:46:36.925" endtime="20220520 15:46:36.958"/>
</kw>
<status status="PASS" starttime="20220520 15:46:36.920" endtime="20220520 15:46:36.958"/>
</kw>
<kw name="Take Screenshot" library="Browser">
<arg>fullPage=true</arg>
<tag>PageContent</tag>
<doc>Takes a screenshot of the current window or element and saves it to disk.</doc>
<msg timestamp="20220520 15:46:37.300" level="INFO" html="true">&lt;/td&gt;&lt;/tr&gt;&lt;tr&gt;&lt;td colspan="3"&gt;&lt;a href="browser/screenshot/robotframework-browser-screenshot-4.png"&gt;&lt;img src="browser/screenshot/robotframework-browser-screenshot-4.png" width="800px"&gt;&lt;/a&gt;</msg>
<status status="PASS" starttime="20220520 15:46:36.960" endtime="20220520 15:46:37.300"/>
</kw>
<kw name="Sleep" library="BuiltIn">
<arg>2</arg>
<doc>Pauses the test executed for the given time.</doc>
<msg timestamp="20220520 15:46:39.313" level="INFO">Slept 2 seconds</msg>
<status status="PASS" starttime="20220520 15:46:37.300" endtime="20220520 15:46:39.313"/>
</kw>
<status status="PASS" starttime="20220520 15:46:36.142" endtime="20220520 15:46:39.314"/>
</kw>
<status status="PASS" starttime="20220520 15:46:36.131" endtime="20220520 15:46:39.315"/>
</test>
<test id="s1-s1-t6" name="Empty whats">
<kw name="Attempt Be a Geek">
<arg>whats</arg>
<arg>${EMPTY}</arg>
<arg>O Whatsapp deve ter 11 digitos contando com o DDD</arg>
<kw name="Factory User" library="Users">
<var>${user}</var>
<arg>attempt_be_geek</arg>
<msg timestamp="20220520 15:46:39.355" level="INFO">${user} = {'name': 'Dio', 'lastname': 'Linux', 'email': 'dio@linux.com', 'password': 'pwd123', 'geek_profile': {'whats': '11999999999', 'desc': 'Seu pc esta lento ? reiniciando do nada ? não se preocupe dou um ...</msg>
<status status="PASS" starttime="20220520 15:46:39.349" endtime="20220520 15:46:39.355"/>
</kw>
<kw name="Set To Dictionary" library="Collections">
<arg>${user}[geek_profile]</arg>
<arg>${key}</arg>
<arg>${input_field}</arg>
<doc>Adds the given ``key_value_pairs`` and ``items`` to the ``dictionary``.</doc>
<status status="PASS" starttime="20220520 15:46:39.357" endtime="20220520 15:46:39.362"/>
</kw>
<kw name="Fill Geek Form" library="GeekActions">
<arg>${user}[geek_profile]</arg>
<kw name="Fill Text" library="Browser">
<arg>id=whatsapp</arg>
<arg>${geek_profile}[whats]</arg>
<tag>PageContent</tag>
<tag>Setter</tag>
<doc>Clears and fills the given ``txt`` into the text field found by ``selector``.</doc>
<msg timestamp="20220520 15:46:39.364" level="INFO">Fills the text '' in the given field.</msg>
<status status="PASS" starttime="20220520 15:46:39.364" endtime="20220520 15:46:39.441"/>
</kw>
<kw name="Fill Text" library="Browser">
<arg>id=desc</arg>
<arg>${geek_profile}[desc]</arg>
<tag>PageContent</tag>
<tag>Setter</tag>
<doc>Clears and fills the given ``txt`` into the text field found by ``selector``.</doc>
<msg timestamp="20220520 15:46:39.447" level="INFO">Fills the text 'Seu pc esta lento ? reiniciando do nada ? não se preocupe dou um jeito nele.O baidu esta te incomodando não tem problema também damos um jeito nele.Formatou e esqueceu de fazer backup? pode ficar tranquilo recuperamos para você, excluímos qualquer tipo de virus' in the given field.</msg>
<status status="PASS" starttime="20220520 15:46:39.443" endtime="20220520 15:46:39.515"/>
</kw>
<if>
<branch type="IF" condition="'${geek_profile}[printer_repair]'">
<kw name="Select Options By" library="Browser">
<arg>id=printer_repair</arg>
<arg>text</arg>
<arg>${geek_profile}[printer_repair]</arg>
<tag>PageContent</tag>
<tag>Setter</tag>
<doc>Selects options from select element found by ``selector``.</doc>
<status status="PASS" starttime="20220520 15:46:39.519" endtime="20220520 15:46:39.671"/>
</kw>
<status status="PASS" starttime="20220520 15:46:39.518" endtime="20220520 15:46:39.671"/>
</branch>
<status status="PASS" starttime="20220520 15:46:39.517" endtime="20220520 15:46:39.671"/>
</if>
<if>
<branch type="IF" condition="'${geek_profile}[work]'">
<kw name="Select Options By" library="Browser">
<arg>id=work</arg>
<arg>text</arg>
<arg>${geek_profile}[work]</arg>
<tag>PageContent</tag>
<tag>Setter</tag>
<doc>Selects options from select element found by ``selector``.</doc>
<status status="PASS" starttime="20220520 15:46:39.673" endtime="20220520 15:46:39.790"/>
</kw>
<status status="PASS" starttime="20220520 15:46:39.672" endtime="20220520 15:46:39.790"/>
</branch>
<status status="PASS" starttime="20220520 15:46:39.672" endtime="20220520 15:46:39.790"/>
</if>
<kw name="Fill Text" library="Browser">
<arg>id=cost</arg>
<arg>${geek_profile}[cost]</arg>
<tag>PageContent</tag>
<tag>Setter</tag>
<doc>Clears and fills the given ``txt`` into the text field found by ``selector``.</doc>
<msg timestamp="20220520 15:46:39.791" level="INFO">Fills the text '150' in the given field.</msg>
<status status="PASS" starttime="20220520 15:46:39.790" endtime="20220520 15:46:39.817"/>
</kw>
<status status="PASS" starttime="20220520 15:46:39.363" endtime="20220520 15:46:39.818"/>
</kw>
<kw name="Submit Geek Form" library="GeekActions">
<kw name="Click" library="Browser">
<arg>css=button &gt;&gt; text=Quero ser um Geek</arg>
<tag>PageContent</tag>
<tag>Setter</tag>
<doc>Simulates mouse click on the element found by ``selector``.</doc>
<status status="PASS" starttime="20220520 15:46:39.819" endtime="20220520 15:46:39.984"/>
</kw>
<status status="PASS" starttime="20220520 15:46:39.818" endtime="20220520 15:46:39.985"/>
</kw>
<kw name="Alert Span Should Be" library="_SharedActions">
<arg>${output_message}</arg>
<kw name="Wait For Elements State" library="Browser">
<arg>css=span[class=error] &gt;&gt; text= ${expected_alert}</arg>
<arg>visible</arg>
<arg>8</arg>
<tag>PageContent</tag>
<tag>Wait</tag>
<doc>Waits for the element found by ``selector`` to satisfy state option.</doc>
<msg timestamp="20220520 15:46:40.016" level="INFO">Waited for Element with selector css=span[class=error] &gt;&gt; text= O Whatsapp deve ter 11 digitos contando com o DDD at state visible</msg>
<status status="PASS" starttime="20220520 15:46:39.993" endtime="20220520 15:46:40.017"/>
</kw>
<status status="PASS" starttime="20220520 15:46:39.988" endtime="20220520 15:46:40.018"/>
</kw>
<kw name="Take Screenshot" library="Browser">
<arg>fullPage=true</arg>
<tag>PageContent</tag>
<doc>Takes a screenshot of the current window or element and saves it to disk.</doc>
<msg timestamp="20220520 15:46:40.536" level="INFO" html="true">&lt;/td&gt;&lt;/tr&gt;&lt;tr&gt;&lt;td colspan="3"&gt;&lt;a href="browser/screenshot/robotframework-browser-screenshot-5.png"&gt;&lt;img src="browser/screenshot/robotframework-browser-screenshot-5.png" width="800px"&gt;&lt;/a&gt;</msg>
<status status="PASS" starttime="20220520 15:46:40.019" endtime="20220520 15:46:40.536"/>
</kw>
<kw name="Sleep" library="BuiltIn">
<arg>2</arg>
<doc>Pauses the test executed for the given time.</doc>
<msg timestamp="20220520 15:46:42.551" level="INFO">Slept 2 seconds</msg>
<status status="PASS" starttime="20220520 15:46:40.536" endtime="20220520 15:46:42.552"/>
</kw>
<status status="PASS" starttime="20220520 15:46:39.347" endtime="20220520 15:46:42.553"/>
</kw>
<status status="PASS" starttime="20220520 15:46:39.330" endtime="20220520 15:46:42.553"/>
</test>
<test id="s1-s1-t7" name="Cost letters">
<kw name="Attempt Be a Geek">
<arg>cost</arg>
<arg>aaaa</arg>
<arg>Valor deve ser numérico</arg>
<kw name="Factory User" library="Users">
<var>${user}</var>
<arg>attempt_be_geek</arg>
<msg timestamp="20220520 15:46:42.585" level="INFO">${user} = {'name': 'Dio', 'lastname': 'Linux', 'email': 'dio@linux.com', 'password': 'pwd123', 'geek_profile': {'whats': '11999999999', 'desc': 'Seu pc esta lento ? reiniciando do nada ? não se preocupe dou um ...</msg>
<status status="PASS" starttime="20220520 15:46:42.584" endtime="20220520 15:46:42.585"/>
</kw>
<kw name="Set To Dictionary" library="Collections">
<arg>${user}[geek_profile]</arg>
<arg>${key}</arg>
<arg>${input_field}</arg>
<doc>Adds the given ``key_value_pairs`` and ``items`` to the ``dictionary``.</doc>
<status status="PASS" starttime="20220520 15:46:42.585" endtime="20220520 15:46:42.593"/>
</kw>
<kw name="Fill Geek Form" library="GeekActions">
<arg>${user}[geek_profile]</arg>
<kw name="Fill Text" library="Browser">
<arg>id=whatsapp</arg>
<arg>${geek_profile}[whats]</arg>
<tag>PageContent</tag>
<tag>Setter</tag>
<doc>Clears and fills the given ``txt`` into the text field found by ``selector``.</doc>
<msg timestamp="20220520 15:46:42.596" level="INFO">Fills the text '11999999999' in the given field.</msg>
<status status="PASS" starttime="20220520 15:46:42.596" endtime="20220520 15:46:42.664"/>
</kw>
<kw name="Fill Text" library="Browser">
<arg>id=desc</arg>
<arg>${geek_profile}[desc]</arg>
<tag>PageContent</tag>
<tag>Setter</tag>
<doc>Clears and fills the given ``txt`` into the text field found by ``selector``.</doc>
<msg timestamp="20220520 15:46:42.665" level="INFO">Fills the text 'Seu pc esta lento ? reiniciando do nada ? não se preocupe dou um jeito nele.O baidu esta te incomodando não tem problema também damos um jeito nele.Formatou e esqueceu de fazer backup? pode ficar tranquilo recuperamos para você, excluímos qualquer tipo de virus' in the given field.</msg>
<status status="PASS" starttime="20220520 15:46:42.665" endtime="20220520 15:46:42.729"/>
</kw>
<if>
<branch type="IF" condition="'${geek_profile}[printer_repair]'">
<kw name="Select Options By" library="Browser">
<arg>id=printer_repair</arg>
<arg>text</arg>
<arg>${geek_profile}[printer_repair]</arg>
<tag>PageContent</tag>
<tag>Setter</tag>
<doc>Selects options from select element found by ``selector``.</doc>
<status status="PASS" starttime="20220520 15:46:42.733" endtime="20220520 15:46:42.872"/>
</kw>
<status status="PASS" starttime="20220520 15:46:42.730" endtime="20220520 15:46:42.872"/>
</branch>
<status status="PASS" starttime="20220520 15:46:42.730" endtime="20220520 15:46:42.872"/>
</if>
<if>
<branch type="IF" condition="'${geek_profile}[work]'">
<kw name="Select Options By" library="Browser">
<arg>id=work</arg>
<arg>text</arg>
<arg>${geek_profile}[work]</arg>
<tag>PageContent</tag>
<tag>Setter</tag>
<doc>Selects options from select element found by ``selector``.</doc>
<status status="PASS" starttime="20220520 15:46:42.873" endtime="20220520 15:46:42.988"/>
</kw>
<status status="PASS" starttime="20220520 15:46:42.873" endtime="20220520 15:46:42.988"/>
</branch>
<status status="PASS" starttime="20220520 15:46:42.872" endtime="20220520 15:46:42.989"/>
</if>
<kw name="Fill Text" library="Browser">
<arg>id=cost</arg>
<arg>${geek_profile}[cost]</arg>
<tag>PageContent</tag>
<tag>Setter</tag>
<doc>Clears and fills the given ``txt`` into the text field found by ``selector``.</doc>
<msg timestamp="20220520 15:46:42.990" level="INFO">Fills the text 'aaaa' in the given field.</msg>
<status status="PASS" starttime="20220520 15:46:42.989" endtime="20220520 15:46:43.021"/>
</kw>
<status status="PASS" starttime="20220520 15:46:42.594" endtime="20220520 15:46:43.022"/>
</kw>
<kw name="Submit Geek Form" library="GeekActions">
<kw name="Click" library="Browser">
<arg>css=button &gt;&gt; text=Quero ser um Geek</arg>
<tag>PageContent</tag>
<tag>Setter</tag>
<doc>Simulates mouse click on the element found by ``selector``.</doc>
<status status="PASS" starttime="20220520 15:46:43.023" endtime="20220520 15:46:43.099"/>
</kw>
<status status="PASS" starttime="20220520 15:46:43.022" endtime="20220520 15:46:43.100"/>
</kw>
<kw name="Alert Span Should Be" library="_SharedActions">
<arg>${output_message}</arg>
<kw name="Wait For Elements State" library="Browser">
<arg>css=span[class=error] &gt;&gt; text= ${expected_alert}</arg>
<arg>visible</arg>
<arg>8</arg>
<tag>PageContent</tag>
<tag>Wait</tag>
<doc>Waits for the element found by ``selector`` to satisfy state option.</doc>
<msg timestamp="20220520 15:46:51.434" level="INFO" html="true">&lt;/td&gt;&lt;/tr&gt;&lt;tr&gt;&lt;td colspan="3"&gt;&lt;a href="browser/screenshot/fail-screenshot-2.png"&gt;&lt;img src="browser/screenshot/fail-screenshot-2.png" width="800px"&gt;&lt;/a&gt;</msg>
<msg timestamp="20220520 15:46:51.435" level="FAIL">TimeoutError: locator.waitFor: Timeout 8000ms exceeded.
=========================== logs ===========================
waiting for selector "css=span[class=error] &gt;&gt; text= Valor deve ser numérico" to be visible
============================================================</msg>
<status status="FAIL" starttime="20220520 15:46:43.102" endtime="20220520 15:46:51.435"/>
</kw>
<status status="FAIL" starttime="20220520 15:46:43.100" endtime="20220520 15:46:51.450"/>
</kw>
<kw name="Take Screenshot" library="Browser">
<arg>fullPage=true</arg>
<tag>PageContent</tag>
<doc>Takes a screenshot of the current window or element and saves it to disk.</doc>
<status status="NOT RUN" starttime="20220520 15:46:51.452" endtime="20220520 15:46:51.453"/>
</kw>
<kw name="Sleep" library="BuiltIn">
<arg>2</arg>
<doc>Pauses the test executed for the given time.</doc>
<status status="NOT RUN" starttime="20220520 15:46:51.454" endtime="20220520 15:46:51.455"/>
</kw>
<status status="FAIL" starttime="20220520 15:46:42.578" endtime="20220520 15:46:51.456"/>
</kw>
<status status="FAIL" starttime="20220520 15:46:42.566" endtime="20220520 15:46:51.456">TimeoutError: locator.waitFor: Timeout 8000ms exceeded.
=========================== logs ===========================
waiting for selector "css=span[class=error] &gt;&gt; text= Valor deve ser numérico" to be visible
============================================================</status>
</test>
<test id="s1-s1-t8" name="Cost Alpha">
<kw name="Attempt Be a Geek">
<arg>cost</arg>
<arg>aa12</arg>
<arg>Valor deve ser numérico</arg>
<kw name="Factory User" library="Users">
<var>${user}</var>
<arg>attempt_be_geek</arg>
<msg timestamp="20220520 15:46:51.488" level="INFO">${user} = {'name': 'Dio', 'lastname': 'Linux', 'email': 'dio@linux.com', 'password': 'pwd123', 'geek_profile': {'whats': '11999999999', 'desc': 'Seu pc esta lento ? reiniciando do nada ? não se preocupe dou um ...</msg>
<status status="PASS" starttime="20220520 15:46:51.484" endtime="20220520 15:46:51.488"/>
</kw>
<kw name="Set To Dictionary" library="Collections">
<arg>${user}[geek_profile]</arg>
<arg>${key}</arg>
<arg>${input_field}</arg>
<doc>Adds the given ``key_value_pairs`` and ``items`` to the ``dictionary``.</doc>
<status status="PASS" starttime="20220520 15:46:51.488" endtime="20220520 15:46:51.488"/>
</kw>
<kw name="Fill Geek Form" library="GeekActions">
<arg>${user}[geek_profile]</arg>
<kw name="Fill Text" library="Browser">
<arg>id=whatsapp</arg>
<arg>${geek_profile}[whats]</arg>
<tag>PageContent</tag>
<tag>Setter</tag>
<doc>Clears and fills the given ``txt`` into the text field found by ``selector``.</doc>
<msg timestamp="20220520 15:46:51.496" level="INFO">Fills the text '11999999999' in the given field.</msg>
<status status="PASS" starttime="20220520 15:46:51.494" endtime="20220520 15:46:51.547"/>
</kw>
<kw name="Fill Text" library="Browser">
<arg>id=desc</arg>
<arg>${geek_profile}[desc]</arg>
<tag>PageContent</tag>
<tag>Setter</tag>
<doc>Clears and fills the given ``txt`` into the text field found by ``selector``.</doc>
<msg timestamp="20220520 15:46:51.551" level="INFO">Fills the text 'Seu pc esta lento ? reiniciando do nada ? não se preocupe dou um jeito nele.O baidu esta te incomodando não tem problema também damos um jeito nele.Formatou e esqueceu de fazer backup? pode ficar tranquilo recuperamos para você, excluímos qualquer tipo de virus' in the given field.</msg>
<status status="PASS" starttime="20220520 15:46:51.548" endtime="20220520 15:46:51.608"/>
</kw>
<if>
<branch type="IF" condition="'${geek_profile}[printer_repair]'">
<kw name="Select Options By" library="Browser">
<arg>id=printer_repair</arg>
<arg>text</arg>
<arg>${geek_profile}[printer_repair]</arg>
<tag>PageContent</tag>
<tag>Setter</tag>
<doc>Selects options from select element found by ``selector``.</doc>
<status status="PASS" starttime="20220520 15:46:51.611" endtime="20220520 15:46:51.784"/>
</kw>
<status status="PASS" starttime="20220520 15:46:51.610" endtime="20220520 15:46:51.784"/>
</branch>
<status status="PASS" starttime="20220520 15:46:51.609" endtime="20220520 15:46:51.785"/>
</if>
<if>
<branch type="IF" condition="'${geek_profile}[work]'">
<kw name="Select Options By" library="Browser">
<arg>id=work</arg>
<arg>text</arg>
<arg>${geek_profile}[work]</arg>
<tag>PageContent</tag>
<tag>Setter</tag>
<doc>Selects options from select element found by ``selector``.</doc>
<status status="PASS" starttime="20220520 15:46:51.785" endtime="20220520 15:46:51.998"/>
</kw>
<status status="PASS" starttime="20220520 15:46:51.785" endtime="20220520 15:46:51.998"/>
</branch>
<status status="PASS" starttime="20220520 15:46:51.785" endtime="20220520 15:46:51.999"/>
</if>
<kw name="Fill Text" library="Browser">
<arg>id=cost</arg>
<arg>${geek_profile}[cost]</arg>
<tag>PageContent</tag>
<tag>Setter</tag>
<doc>Clears and fills the given ``txt`` into the text field found by ``selector``.</doc>
<msg timestamp="20220520 15:46:51.999" level="INFO">Fills the text 'aa12' in the given field.</msg>
<status status="PASS" starttime="20220520 15:46:51.999" endtime="20220520 15:46:52.045"/>
</kw>
<status status="PASS" starttime="20220520 15:46:51.488" endtime="20220520 15:46:52.046"/>
</kw>
<kw name="Submit Geek Form" library="GeekActions">
<kw name="Click" library="Browser">
<arg>css=button &gt;&gt; text=Quero ser um Geek</arg>
<tag>PageContent</tag>
<tag>Setter</tag>
<doc>Simulates mouse click on the element found by ``selector``.</doc>
<status status="PASS" starttime="20220520 15:46:52.049" endtime="20220520 15:46:52.186"/>
</kw>
<status status="PASS" starttime="20220520 15:46:52.047" endtime="20220520 15:46:52.188"/>
</kw>
<kw name="Alert Span Should Be" library="_SharedActions">
<arg>${output_message}</arg>
<kw name="Wait For Elements State" library="Browser">
<arg>css=span[class=error] &gt;&gt; text= ${expected_alert}</arg>
<arg>visible</arg>
<arg>8</arg>
<tag>PageContent</tag>
<tag>Wait</tag>
<doc>Waits for the element found by ``selector`` to satisfy state option.</doc>
<msg timestamp="20220520 15:47:00.497" level="INFO" html="true">&lt;/td&gt;&lt;/tr&gt;&lt;tr&gt;&lt;td colspan="3"&gt;&lt;a href="browser/screenshot/fail-screenshot-3.png"&gt;&lt;img src="browser/screenshot/fail-screenshot-3.png" width="800px"&gt;&lt;/a&gt;</msg>
<msg timestamp="20220520 15:47:00.497" level="FAIL">TimeoutError: locator.waitFor: Timeout 8000ms exceeded.
=========================== logs ===========================
waiting for selector "css=span[class=error] &gt;&gt; text= Valor deve ser numérico" to be visible
============================================================</msg>
<status status="FAIL" starttime="20220520 15:46:52.192" endtime="20220520 15:47:00.497"/>
</kw>
<status status="FAIL" starttime="20220520 15:46:52.189" endtime="20220520 15:47:00.504"/>
</kw>
<kw name="Take Screenshot" library="Browser">
<arg>fullPage=true</arg>
<tag>PageContent</tag>
<doc>Takes a screenshot of the current window or element and saves it to disk.</doc>
<status status="NOT RUN" starttime="20220520 15:47:00.505" endtime="20220520 15:47:00.505"/>
</kw>
<kw name="Sleep" library="BuiltIn">
<arg>2</arg>
<doc>Pauses the test executed for the given time.</doc>
<status status="NOT RUN" starttime="20220520 15:47:00.505" endtime="20220520 15:47:00.506"/>
</kw>
<status status="FAIL" starttime="20220520 15:46:51.482" endtime="20220520 15:47:00.506"/>
</kw>
<status status="FAIL" starttime="20220520 15:46:51.471" endtime="20220520 15:47:00.507">TimeoutError: locator.waitFor: Timeout 8000ms exceeded.
=========================== logs ===========================
waiting for selector "css=span[class=error] &gt;&gt; text= Valor deve ser numérico" to be visible
============================================================</status>
</test>
<test id="s1-s1-t9" name="Cost special chars">
<kw name="Attempt Be a Geek">
<arg>cost</arg>
<arg>@#$%</arg>
<arg>Valor deve ser numérico</arg>
<kw name="Factory User" library="Users">
<var>${user}</var>
<arg>attempt_be_geek</arg>
<msg timestamp="20220520 15:47:00.520" level="INFO">${user} = {'name': 'Dio', 'lastname': 'Linux', 'email': 'dio@linux.com', 'password': 'pwd123', 'geek_profile': {'whats': '11999999999', 'desc': 'Seu pc esta lento ? reiniciando do nada ? não se preocupe dou um ...</msg>
<status status="PASS" starttime="20220520 15:47:00.517" endtime="20220520 15:47:00.520"/>
</kw>
<kw name="Set To Dictionary" library="Collections">
<arg>${user}[geek_profile]</arg>
<arg>${key}</arg>
<arg>${input_field}</arg>
<doc>Adds the given ``key_value_pairs`` and ``items`` to the ``dictionary``.</doc>
<status status="PASS" starttime="20220520 15:47:00.520" endtime="20220520 15:47:00.521"/>
</kw>
<kw name="Fill Geek Form" library="GeekActions">
<arg>${user}[geek_profile]</arg>
<kw name="Fill Text" library="Browser">
<arg>id=whatsapp</arg>
<arg>${geek_profile}[whats]</arg>
<tag>PageContent</tag>
<tag>Setter</tag>
<doc>Clears and fills the given ``txt`` into the text field found by ``selector``.</doc>
<msg timestamp="20220520 15:47:00.523" level="INFO">Fills the text '11999999999' in the given field.</msg>
<status status="PASS" starttime="20220520 15:47:00.522" endtime="20220520 15:47:00.553"/>
</kw>
<kw name="Fill Text" library="Browser">
<arg>id=desc</arg>
<arg>${geek_profile}[desc]</arg>
<tag>PageContent</tag>
<tag>Setter</tag>
<doc>Clears and fills the given ``txt`` into the text field found by ``selector``.</doc>
<msg timestamp="20220520 15:47:00.555" level="INFO">Fills the text 'Seu pc esta lento ? reiniciando do nada ? não se preocupe dou um jeito nele.O baidu esta te incomodando não tem problema também damos um jeito nele.Formatou e esqueceu de fazer backup? pode ficar tranquilo recuperamos para você, excluímos qualquer tipo de virus' in the given field.</msg>
<status status="PASS" starttime="20220520 15:47:00.553" endtime="20220520 15:47:00.584"/>
</kw>
<if>
<branch type="IF" condition="'${geek_profile}[printer_repair]'">
<kw name="Select Options By" library="Browser">
<arg>id=printer_repair</arg>
<arg>text</arg>
<arg>${geek_profile}[printer_repair]</arg>
<tag>PageContent</tag>
<tag>Setter</tag>
<doc>Selects options from select element found by ``selector``.</doc>
<status status="PASS" starttime="20220520 15:47:00.588" endtime="20220520 15:47:00.701"/>
</kw>
<status status="PASS" starttime="20220520 15:47:00.586" endtime="20220520 15:47:00.701"/>
</branch>
<status status="PASS" starttime="20220520 15:47:00.584" endtime="20220520 15:47:00.701"/>
</if>
<if>
<branch type="IF" condition="'${geek_profile}[work]'">
<kw name="Select Options By" library="Browser">
<arg>id=work</arg>
<arg>text</arg>
<arg>${geek_profile}[work]</arg>
<tag>PageContent</tag>
<tag>Setter</tag>
<doc>Selects options from select element found by ``selector``.</doc>
<status status="PASS" starttime="20220520 15:47:00.702" endtime="20220520 15:47:00.809"/>
</kw>
<status status="PASS" starttime="20220520 15:47:00.702" endtime="20220520 15:47:00.810"/>
</branch>
<status status="PASS" starttime="20220520 15:47:00.701" endtime="20220520 15:47:00.810"/>
</if>
<kw name="Fill Text" library="Browser">
<arg>id=cost</arg>
<arg>${geek_profile}[cost]</arg>
<tag>PageContent</tag>
<tag>Setter</tag>
<doc>Clears and fills the given ``txt`` into the text field found by ``selector``.</doc>
<msg timestamp="20220520 15:47:00.811" level="INFO">Fills the text '@#$%' in the given field.</msg>
<status status="PASS" starttime="20220520 15:47:00.810" endtime="20220520 15:47:00.836"/>
</kw>
<status status="PASS" starttime="20220520 15:47:00.521" endtime="20220520 15:47:00.837"/>
</kw>
<kw name="Submit Geek Form" library="GeekActions">
<kw name="Click" library="Browser">
<arg>css=button &gt;&gt; text=Quero ser um Geek</arg>
<tag>PageContent</tag>
<tag>Setter</tag>
<doc>Simulates mouse click on the element found by ``selector``.</doc>
<status status="PASS" starttime="20220520 15:47:00.837" endtime="20220520 15:47:00.948"/>
</kw>
<status status="PASS" starttime="20220520 15:47:00.837" endtime="20220520 15:47:00.948"/>
</kw>
<kw name="Alert Span Should Be" library="_SharedActions">
<arg>${output_message}</arg>
<kw name="Wait For Elements State" library="Browser">
<arg>css=span[class=error] &gt;&gt; text= ${expected_alert}</arg>
<arg>visible</arg>
<arg>8</arg>
<tag>PageContent</tag>
<tag>Wait</tag>
<doc>Waits for the element found by ``selector`` to satisfy state option.</doc>
<msg timestamp="20220520 15:47:09.190" level="INFO" html="true">&lt;/td&gt;&lt;/tr&gt;&lt;tr&gt;&lt;td colspan="3"&gt;&lt;a href="browser/screenshot/fail-screenshot-4.png"&gt;&lt;img src="browser/screenshot/fail-screenshot-4.png" width="800px"&gt;&lt;/a&gt;</msg>
<msg timestamp="20220520 15:47:09.193" level="FAIL">TimeoutError: locator.waitFor: Timeout 8000ms exceeded.
=========================== logs ===========================
waiting for selector "css=span[class=error] &gt;&gt; text= Valor deve ser numérico" to be visible
============================================================</msg>
<status status="FAIL" starttime="20220520 15:47:00.949" endtime="20220520 15:47:09.193"/>
</kw>
<status status="FAIL" starttime="20220520 15:47:00.949" endtime="20220520 15:47:09.199"/>
</kw>
<kw name="Take Screenshot" library="Browser">
<arg>fullPage=true</arg>
<tag>PageContent</tag>
<doc>Takes a screenshot of the current window or element and saves it to disk.</doc>
<status status="NOT RUN" starttime="20220520 15:47:09.200" endtime="20220520 15:47:09.200"/>
</kw>
<kw name="Sleep" library="BuiltIn">
<arg>2</arg>
<doc>Pauses the test executed for the given time.</doc>
<status status="NOT RUN" starttime="20220520 15:47:09.200" endtime="20220520 15:47:09.201"/>
</kw>
<status status="FAIL" starttime="20220520 15:47:00.517" endtime="20220520 15:47:09.201"/>
</kw>
<status status="FAIL" starttime="20220520 15:47:00.512" endtime="20220520 15:47:09.203">TimeoutError: locator.waitFor: Timeout 8000ms exceeded.
=========================== logs ===========================
waiting for selector "css=span[class=error] &gt;&gt; text= Valor deve ser numérico" to be visible
============================================================</status>
</test>
<test id="s1-s1-t10" name="Empty cost">
<kw name="Attempt Be a Geek">
<arg>cost</arg>
<arg>${EMPTY}</arg>
<arg>Valor deve ser numérico</arg>
<kw name="Factory User" library="Users">
<var>${user}</var>
<arg>attempt_be_geek</arg>
<msg timestamp="20220520 15:47:09.221" level="INFO">${user} = {'name': 'Dio', 'lastname': 'Linux', 'email': 'dio@linux.com', 'password': 'pwd123', 'geek_profile': {'whats': '11999999999', 'desc': 'Seu pc esta lento ? reiniciando do nada ? não se preocupe dou um ...</msg>
<status status="PASS" starttime="20220520 15:47:09.216" endtime="20220520 15:47:09.221"/>
</kw>
<kw name="Set To Dictionary" library="Collections">
<arg>${user}[geek_profile]</arg>
<arg>${key}</arg>
<arg>${input_field}</arg>
<doc>Adds the given ``key_value_pairs`` and ``items`` to the ``dictionary``.</doc>
<status status="PASS" starttime="20220520 15:47:09.221" endtime="20220520 15:47:09.223"/>
</kw>
<kw name="Fill Geek Form" library="GeekActions">
<arg>${user}[geek_profile]</arg>
<kw name="Fill Text" library="Browser">
<arg>id=whatsapp</arg>
<arg>${geek_profile}[whats]</arg>
<tag>PageContent</tag>
<tag>Setter</tag>
<doc>Clears and fills the given ``txt`` into the text field found by ``selector``.</doc>
<msg timestamp="20220520 15:47:09.226" level="INFO">Fills the text '11999999999' in the given field.</msg>
<status status="PASS" starttime="20220520 15:47:09.224" endtime="20220520 15:47:09.255"/>
</kw>
<kw name="Fill Text" library="Browser">
<arg>id=desc</arg>
<arg>${geek_profile}[desc]</arg>
<tag>PageContent</tag>
<tag>Setter</tag>
<doc>Clears and fills the given ``txt`` into the text field found by ``selector``.</doc>
<msg timestamp="20220520 15:47:09.256" level="INFO">Fills the text 'Seu pc esta lento ? reiniciando do nada ? não se preocupe dou um jeito nele.O baidu esta te incomodando não tem problema também damos um jeito nele.Formatou e esqueceu de fazer backup? pode ficar tranquilo recuperamos para você, excluímos qualquer tipo de virus' in the given field.</msg>
<status status="PASS" starttime="20220520 15:47:09.255" endtime="20220520 15:47:09.288"/>
</kw>
<if>
<branch type="IF" condition="'${geek_profile}[printer_repair]'">
<kw name="Select Options By" library="Browser">
<arg>id=printer_repair</arg>
<arg>text</arg>
<arg>${geek_profile}[printer_repair]</arg>
<tag>PageContent</tag>
<tag>Setter</tag>
<doc>Selects options from select element found by ``selector``.</doc>
<status status="PASS" starttime="20220520 15:47:09.290" endtime="20220520 15:47:09.398"/>
</kw>
<status status="PASS" starttime="20220520 15:47:09.289" endtime="20220520 15:47:09.399"/>
</branch>
<status status="PASS" starttime="20220520 15:47:09.288" endtime="20220520 15:47:09.399"/>
</if>
<if>
<branch type="IF" condition="'${geek_profile}[work]'">
<kw name="Select Options By" library="Browser">
<arg>id=work</arg>
<arg>text</arg>
<arg>${geek_profile}[work]</arg>
<tag>PageContent</tag>
<tag>Setter</tag>
<doc>Selects options from select element found by ``selector``.</doc>
<status status="PASS" starttime="20220520 15:47:09.400" endtime="20220520 15:47:09.607"/>
</kw>
<status status="PASS" starttime="20220520 15:47:09.399" endtime="20220520 15:47:09.608"/>
</branch>
<status status="PASS" starttime="20220520 15:47:09.399" endtime="20220520 15:47:09.608"/>
</if>
<kw name="Fill Text" library="Browser">
<arg>id=cost</arg>
<arg>${geek_profile}[cost]</arg>
<tag>PageContent</tag>
<tag>Setter</tag>
<doc>Clears and fills the given ``txt`` into the text field found by ``selector``.</doc>
<msg timestamp="20220520 15:47:09.611" level="INFO">Fills the text '' in the given field.</msg>
<status status="PASS" starttime="20220520 15:47:09.609" endtime="20220520 15:47:09.665"/>
</kw>
<status status="PASS" starttime="20220520 15:47:09.223" endtime="20220520 15:47:09.666"/>
</kw>
<kw name="Submit Geek Form" library="GeekActions">
<kw name="Click" library="Browser">
<arg>css=button &gt;&gt; text=Quero ser um Geek</arg>
<tag>PageContent</tag>
<tag>Setter</tag>
<doc>Simulates mouse click on the element found by ``selector``.</doc>
<status status="PASS" starttime="20220520 15:47:09.666" endtime="20220520 15:47:09.784"/>
</kw>
<status status="PASS" starttime="20220520 15:47:09.666" endtime="20220520 15:47:09.785"/>
</kw>
<kw name="Alert Span Should Be" library="_SharedActions">
<arg>${output_message}</arg>
<kw name="Wait For Elements State" library="Browser">
<arg>css=span[class=error] &gt;&gt; text= ${expected_alert}</arg>
<arg>visible</arg>
<arg>8</arg>
<tag>PageContent</tag>
<tag>Wait</tag>
<doc>Waits for the element found by ``selector`` to satisfy state option.</doc>
<msg timestamp="20220520 15:47:18.065" level="INFO" html="true">&lt;/td&gt;&lt;/tr&gt;&lt;tr&gt;&lt;td colspan="3"&gt;&lt;a href="browser/screenshot/fail-screenshot-5.png"&gt;&lt;img src="browser/screenshot/fail-screenshot-5.png" width="800px"&gt;&lt;/a&gt;</msg>
<msg timestamp="20220520 15:47:18.065" level="FAIL">TimeoutError: locator.waitFor: Timeout 8000ms exceeded.
=========================== logs ===========================
waiting for selector "css=span[class=error] &gt;&gt; text= Valor deve ser numérico" to be visible
============================================================</msg>
<status status="FAIL" starttime="20220520 15:47:09.786" endtime="20220520 15:47:18.065"/>
</kw>
<status status="FAIL" starttime="20220520 15:47:09.786" endtime="20220520 15:47:18.075"/>
</kw>
<kw name="Take Screenshot" library="Browser">
<arg>fullPage=true</arg>
<tag>PageContent</tag>
<doc>Takes a screenshot of the current window or element and saves it to disk.</doc>
<status status="NOT RUN" starttime="20220520 15:47:18.076" endtime="20220520 15:47:18.077"/>
</kw>
<kw name="Sleep" library="BuiltIn">
<arg>2</arg>
<doc>Pauses the test executed for the given time.</doc>
<status status="NOT RUN" starttime="20220520 15:47:18.077" endtime="20220520 15:47:18.077"/>
</kw>
<status status="FAIL" starttime="20220520 15:47:09.216" endtime="20220520 15:47:18.077"/>
</kw>
<status status="FAIL" starttime="20220520 15:47:09.211" endtime="20220520 15:47:18.077">TimeoutError: locator.waitFor: Timeout 8000ms exceeded.
=========================== logs ===========================
waiting for selector "css=span[class=error] &gt;&gt; text= Valor deve ser numérico" to be visible
============================================================</status>
</test>
<test id="s1-s1-t11" name="No printer repair">
<kw name="Attempt Be a Geek">
<arg>printer_repair</arg>
<arg>${EMPTY}</arg>
<arg>Por favor, informe se você é um Geek Supremo</arg>
<kw name="Factory User" library="Users">
<var>${user}</var>
<arg>attempt_be_geek</arg>
<msg timestamp="20220520 15:47:18.095" level="INFO">${user} = {'name': 'Dio', 'lastname': 'Linux', 'email': 'dio@linux.com', 'password': 'pwd123', 'geek_profile': {'whats': '11999999999', 'desc': 'Seu pc esta lento ? reiniciando do nada ? não se preocupe dou um ...</msg>
<status status="PASS" starttime="20220520 15:47:18.093" endtime="20220520 15:47:18.095"/>
</kw>
<kw name="Set To Dictionary" library="Collections">
<arg>${user}[geek_profile]</arg>
<arg>${key}</arg>
<arg>${input_field}</arg>
<doc>Adds the given ``key_value_pairs`` and ``items`` to the ``dictionary``.</doc>
<status status="PASS" starttime="20220520 15:47:18.095" endtime="20220520 15:47:18.095"/>
</kw>
<kw name="Fill Geek Form" library="GeekActions">
<arg>${user}[geek_profile]</arg>
<kw name="Fill Text" library="Browser">
<arg>id=whatsapp</arg>
<arg>${geek_profile}[whats]</arg>
<tag>PageContent</tag>
<tag>Setter</tag>
<doc>Clears and fills the given ``txt`` into the text field found by ``selector``.</doc>
<msg timestamp="20220520 15:47:18.095" level="INFO">Fills the text '11999999999' in the given field.</msg>
<status status="PASS" starttime="20220520 15:47:18.095" endtime="20220520 15:47:18.126"/>
</kw>
<kw name="Fill Text" library="Browser">
<arg>id=desc</arg>
<arg>${geek_profile}[desc]</arg>
<tag>PageContent</tag>
<tag>Setter</tag>
<doc>Clears and fills the given ``txt`` into the text field found by ``selector``.</doc>
<msg timestamp="20220520 15:47:18.128" level="INFO">Fills the text 'Seu pc esta lento ? reiniciando do nada ? não se preocupe dou um jeito nele.O baidu esta te incomodando não tem problema também damos um jeito nele.Formatou e esqueceu de fazer backup? pode ficar tranquilo recuperamos para você, excluímos qualquer tipo de virus' in the given field.</msg>
<status status="PASS" starttime="20220520 15:47:18.127" endtime="20220520 15:47:18.155"/>
</kw>
<if>
<branch type="IF" condition="'${geek_profile}[printer_repair]'">
<kw name="Select Options By" library="Browser">
<arg>id=printer_repair</arg>
<arg>text</arg>
<arg>${geek_profile}[printer_repair]</arg>
<tag>PageContent</tag>
<tag>Setter</tag>
<doc>Selects options from select element found by ``selector``.</doc>
<status status="NOT RUN" starttime="20220520 15:47:18.157" endtime="20220520 15:47:18.157"/>
</kw>
<status status="NOT RUN" starttime="20220520 15:47:18.156" endtime="20220520 15:47:18.157"/>
</branch>
<status status="PASS" starttime="20220520 15:47:18.156" endtime="20220520 15:47:18.157"/>
</if>
<if>
<branch type="IF" condition="'${geek_profile}[work]'">
<kw name="Select Options By" library="Browser">
<arg>id=work</arg>
<arg>text</arg>
<arg>${geek_profile}[work]</arg>
<tag>PageContent</tag>
<tag>Setter</tag>
<doc>Selects options from select element found by ``selector``.</doc>
<status status="PASS" starttime="20220520 15:47:18.158" endtime="20220520 15:47:18.270"/>
</kw>
<status status="PASS" starttime="20220520 15:47:18.158" endtime="20220520 15:47:18.270"/>
</branch>
<status status="PASS" starttime="20220520 15:47:18.157" endtime="20220520 15:47:18.271"/>
</if>
<kw name="Fill Text" library="Browser">
<arg>id=cost</arg>
<arg>${geek_profile}[cost]</arg>
<tag>PageContent</tag>
<tag>Setter</tag>
<doc>Clears and fills the given ``txt`` into the text field found by ``selector``.</doc>
<msg timestamp="20220520 15:47:18.272" level="INFO">Fills the text '150' in the given field.</msg>
<status status="PASS" starttime="20220520 15:47:18.271" endtime="20220520 15:47:18.295"/>
</kw>
<status status="PASS" starttime="20220520 15:47:18.095" endtime="20220520 15:47:18.295"/>
</kw>
<kw name="Submit Geek Form" library="GeekActions">
<kw name="Click" library="Browser">
<arg>css=button &gt;&gt; text=Quero ser um Geek</arg>
<tag>PageContent</tag>
<tag>Setter</tag>
<doc>Simulates mouse click on the element found by ``selector``.</doc>
<status status="PASS" starttime="20220520 15:47:18.296" endtime="20220520 15:47:18.373"/>
</kw>
<status status="PASS" starttime="20220520 15:47:18.296" endtime="20220520 15:47:18.374"/>
</kw>
<kw name="Alert Span Should Be" library="_SharedActions">
<arg>${output_message}</arg>
<kw name="Wait For Elements State" library="Browser">
<arg>css=span[class=error] &gt;&gt; text= ${expected_alert}</arg>
<arg>visible</arg>
<arg>8</arg>
<tag>PageContent</tag>
<tag>Wait</tag>
<doc>Waits for the element found by ``selector`` to satisfy state option.</doc>
<msg timestamp="20220520 15:47:26.718" level="INFO" html="true">&lt;/td&gt;&lt;/tr&gt;&lt;tr&gt;&lt;td colspan="3"&gt;&lt;a href="browser/screenshot/fail-screenshot-6.png"&gt;&lt;img src="browser/screenshot/fail-screenshot-6.png" width="800px"&gt;&lt;/a&gt;</msg>
<msg timestamp="20220520 15:47:26.724" level="FAIL">TimeoutError: locator.waitFor: Timeout 8000ms exceeded.
=========================== logs ===========================
waiting for selector "css=span[class=error] &gt;&gt; text= Por favor, informe se você é um Geek Supremo" to be visible
============================================================</msg>
<status status="FAIL" starttime="20220520 15:47:18.376" endtime="20220520 15:47:26.725"/>
</kw>
<status status="FAIL" starttime="20220520 15:47:18.375" endtime="20220520 15:47:26.738"/>
</kw>
<kw name="Take Screenshot" library="Browser">
<arg>fullPage=true</arg>
<tag>PageContent</tag>
<doc>Takes a screenshot of the current window or element and saves it to disk.</doc>
<status status="NOT RUN" starttime="20220520 15:47:26.741" endtime="20220520 15:47:26.743"/>
</kw>
<kw name="Sleep" library="BuiltIn">
<arg>2</arg>
<doc>Pauses the test executed for the given time.</doc>
<status status="NOT RUN" starttime="20220520 15:47:26.743" endtime="20220520 15:47:26.744"/>
</kw>
<status status="FAIL" starttime="20220520 15:47:18.092" endtime="20220520 15:47:26.746"/>
</kw>
<status status="FAIL" starttime="20220520 15:47:18.085" endtime="20220520 15:47:26.747">TimeoutError: locator.waitFor: Timeout 8000ms exceeded.
=========================== logs ===========================
waiting for selector "css=span[class=error] &gt;&gt; text= Por favor, informe se você é um Geek Supremo" to be visible
============================================================</status>
</test>
<test id="s1-s1-t12" name="No work">
<kw name="Attempt Be a Geek">
<arg>work</arg>
<arg>${EMPTY}</arg>
<arg>Por favor, selecione o modelo de trabalho</arg>
<kw name="Factory User" library="Users">
<var>${user}</var>
<arg>attempt_be_geek</arg>
<msg timestamp="20220520 15:47:26.784" level="INFO">${user} = {'name': 'Dio', 'lastname': 'Linux', 'email': 'dio@linux.com', 'password': 'pwd123', 'geek_profile': {'whats': '11999999999', 'desc': 'Seu pc esta lento ? reiniciando do nada ? não se preocupe dou um ...</msg>
<status status="PASS" starttime="20220520 15:47:26.779" endtime="20220520 15:47:26.784"/>
</kw>
<kw name="Set To Dictionary" library="Collections">
<arg>${user}[geek_profile]</arg>
<arg>${key}</arg>
<arg>${input_field}</arg>
<doc>Adds the given ``key_value_pairs`` and ``items`` to the ``dictionary``.</doc>
<status status="PASS" starttime="20220520 15:47:26.784" endtime="20220520 15:47:26.787"/>
</kw>
<kw name="Fill Geek Form" library="GeekActions">
<arg>${user}[geek_profile]</arg>
<kw name="Fill Text" library="Browser">
<arg>id=whatsapp</arg>
<arg>${geek_profile}[whats]</arg>
<tag>PageContent</tag>
<tag>Setter</tag>
<doc>Clears and fills the given ``txt`` into the text field found by ``selector``.</doc>
<msg timestamp="20220520 15:47:26.794" level="INFO">Fills the text '11999999999' in the given field.</msg>
<status status="PASS" starttime="20220520 15:47:26.791" endtime="20220520 15:47:26.851"/>
</kw>
<kw name="Fill Text" library="Browser">
<arg>id=desc</arg>
<arg>${geek_profile}[desc]</arg>
<tag>PageContent</tag>
<tag>Setter</tag>
<doc>Clears and fills the given ``txt`` into the text field found by ``selector``.</doc>
<msg timestamp="20220520 15:47:26.854" level="INFO">Fills the text 'Seu pc esta lento ? reiniciando do nada ? não se preocupe dou um jeito nele.O baidu esta te incomodando não tem problema também damos um jeito nele.Formatou e esqueceu de fazer backup? pode ficar tranquilo recuperamos para você, excluímos qualquer tipo de virus' in the given field.</msg>
<status status="PASS" starttime="20220520 15:47:26.852" endtime="20220520 15:47:26.911"/>
</kw>
<if>
<branch type="IF" condition="'${geek_profile}[printer_repair]'">
<kw name="Select Options By" library="Browser">
<arg>id=printer_repair</arg>
<arg>text</arg>
<arg>${geek_profile}[printer_repair]</arg>
<tag>PageContent</tag>
<tag>Setter</tag>
<doc>Selects options from select element found by ``selector``.</doc>
<status status="PASS" starttime="20220520 15:47:26.913" endtime="20220520 15:47:27.115"/>
</kw>
<status status="PASS" starttime="20220520 15:47:26.911" endtime="20220520 15:47:27.115"/>
</branch>
<status status="PASS" starttime="20220520 15:47:26.911" endtime="20220520 15:47:27.116"/>
</if>
<if>
<branch type="IF" condition="'${geek_profile}[work]'">
<kw name="Select Options By" library="Browser">
<arg>id=work</arg>
<arg>text</arg>
<arg>${geek_profile}[work]</arg>
<tag>PageContent</tag>
<tag>Setter</tag>
<doc>Selects options from select element found by ``selector``.</doc>
<status status="NOT RUN" starttime="20220520 15:47:27.118" endtime="20220520 15:47:27.118"/>
</kw>
<status status="NOT RUN" starttime="20220520 15:47:27.116" endtime="20220520 15:47:27.118"/>
</branch>
<status status="PASS" starttime="20220520 15:47:27.116" endtime="20220520 15:47:27.118"/>
</if>
<kw name="Fill Text" library="Browser">
<arg>id=cost</arg>
<arg>${geek_profile}[cost]</arg>
<tag>PageContent</tag>
<tag>Setter</tag>
<doc>Clears and fills the given ``txt`` into the text field found by ``selector``.</doc>
<msg timestamp="20220520 15:47:27.122" level="INFO">Fills the text '150' in the given field.</msg>
<status status="PASS" starttime="20220520 15:47:27.120" endtime="20220520 15:47:27.183"/>
</kw>
<status status="PASS" starttime="20220520 15:47:26.788" endtime="20220520 15:47:27.184"/>
</kw>
<kw name="Submit Geek Form" library="GeekActions">
<kw name="Click" library="Browser">
<arg>css=button &gt;&gt; text=Quero ser um Geek</arg>
<tag>PageContent</tag>
<tag>Setter</tag>
<doc>Simulates mouse click on the element found by ``selector``.</doc>
<status status="PASS" starttime="20220520 15:47:27.187" endtime="20220520 15:47:27.337"/>
</kw>
<status status="PASS" starttime="20220520 15:47:27.185" endtime="20220520 15:47:27.338"/>
</kw>
<kw name="Alert Span Should Be" library="_SharedActions">
<arg>${output_message}</arg>
<kw name="Wait For Elements State" library="Browser">
<arg>css=span[class=error] &gt;&gt; text= ${expected_alert}</arg>
<arg>visible</arg>
<arg>8</arg>
<tag>PageContent</tag>
<tag>Wait</tag>
<doc>Waits for the element found by ``selector`` to satisfy state option.</doc>
<msg timestamp="20220520 15:47:35.646" level="INFO" html="true">&lt;/td&gt;&lt;/tr&gt;&lt;tr&gt;&lt;td colspan="3"&gt;&lt;a href="browser/screenshot/fail-screenshot-7.png"&gt;&lt;img src="browser/screenshot/fail-screenshot-7.png" width="800px"&gt;&lt;/a&gt;</msg>
<msg timestamp="20220520 15:47:35.646" level="FAIL">TimeoutError: locator.waitFor: Timeout 8000ms exceeded.
=========================== logs ===========================
waiting for selector "css=span[class=error] &gt;&gt; text= Por favor, selecione o modelo de trabalho" to be visible
============================================================</msg>
<status status="FAIL" starttime="20220520 15:47:27.343" endtime="20220520 15:47:35.646"/>
</kw>
<status status="FAIL" starttime="20220520 15:47:27.340" endtime="20220520 15:47:35.659"/>
</kw>
<kw name="Take Screenshot" library="Browser">
<arg>fullPage=true</arg>
<tag>PageContent</tag>
<doc>Takes a screenshot of the current window or element and saves it to disk.</doc>
<status status="NOT RUN" starttime="20220520 15:47:35.661" endtime="20220520 15:47:35.662"/>
</kw>
<kw name="Sleep" library="BuiltIn">
<arg>2</arg>
<doc>Pauses the test executed for the given time.</doc>
<status status="NOT RUN" starttime="20220520 15:47:35.662" endtime="20220520 15:47:35.663"/>
</kw>
<status status="FAIL" starttime="20220520 15:47:26.773" endtime="20220520 15:47:35.664"/>
</kw>
<status status="FAIL" starttime="20220520 15:47:26.761" endtime="20220520 15:47:35.664">TimeoutError: locator.waitFor: Timeout 8000ms exceeded.
=========================== logs ===========================
waiting for selector "css=span[class=error] &gt;&gt; text= Por favor, selecione o modelo de trabalho" to be visible
============================================================</status>
</test>
<doc>Attempt BeGeek teste suite</doc>
<status status="FAIL" starttime="20220520 15:46:07.303" endtime="20220520 15:47:35.674"/>
</suite>
<status status="FAIL" starttime="20220520 15:46:07.230" endtime="20220520 15:47:35.735"/>
</suite>
<statistics>
<total>
<stat pass="5" fail="7" skip="0">All Tests</stat>
</total>
<tag>
</tag>
<suite>
<stat pass="5" fail="7" skip="0" id="s1" name="Tests">Tests</stat>
<stat pass="5" fail="7" skip="0" id="s1-s1" name="AttemptBeGeek">Tests.AttemptBeGeek</stat>
</suite>
</statistics>
<errors>
</errors>
</robot>
