==============================================================================
Tests                                                                         
==============================================================================
Tests.Login :: Login test suite                                               
==============================================================================
User Login                                                            | PASS |
------------------------------------------------------------------------------
Incorrect Pass                                                        | PASS |
------------------------------------------------------------------------------
User not found                                                          
  Traceback (most recent call last):
    ~~~~~~~~~~~~~~~~~~~~~~~~~~~~~~~~~~~~~~~~~~~~~~~~~~~~~~~~~~~~~~~~~~~~~~~~~~
    File  C:\GravidadeZERO\getgeeks\project\tests\Login.robot:32
    T:  User not found    
    ~~~~~~~~~~~~~~~~~~~~~~~~~~~~~~~~~~~~~~~~~~~~~~~~~~~~~~~~~~~~~~~~~~~~~~~~~~
    File  C:\GravidadeZERO\getgeeks\project\tests\Login.robot:40
      Modal Content Should Be    Usuário e/ou senha inválidos.
    ~~~~~~~~~~~~~~~~~~~~~~~~~~~~~~~~~~~~~~~~~~~~~~~~~~~~~~~~~~~~~~~~~~~~~~~~~~
    File  C:\GravidadeZERO\getgeeks\project\resources\actions\_SharedActions.robot:13
      Wait For Elements State    ${title}    visible    5
      |  ${title} = css=.swal2-title (str)
______________________________________________________________________________
| FAIL |
TimeoutError: locator.waitFor: Timeout 5000ms exceeded.
=========================== logs ===========================
waiting for selector "css=.swal2-title" to be visible
============================================================
------------------------------------------------------------------------------
Incorrect Email                                                       | PASS |
------------------------------------------------------------------------------
Required Email                                                        | PASS |
------------------------------------------------------------------------------
Required Password                                                     | PASS |
------------------------------------------------------------------------------
Required Fields                                                         
  Traceback (most recent call last):
    ~~~~~~~~~~~~~~~~~~~~~~~~~~~~~~~~~~~~~~~~~~~~~~~~~~~~~~~~~~~~~~~~~~~~~~~~~~
    File  C:\GravidadeZERO\getgeeks\project\tests\Login.robot:75
    T:  Required Fields    
    ~~~~~~~~~~~~~~~~~~~~~~~~~~~~~~~~~~~~~~~~~~~~~~~~~~~~~~~~~~~~~~~~~~~~~~~~~~
    File  C:\GravidadeZERO\getgeeks\project\tests\Login.robot:7
      Start Session    
    ~~~~~~~~~~~~~~~~~~~~~~~~~~~~~~~~~~~~~~~~~~~~~~~~~~~~~~~~~~~~~~~~~~~~~~~~~~
    File  C:\GravidadeZERO\getgeeks\project\resources\Base.robot:26
      New Page    ${BASE_URL}
      |  ${BASE_URL} = https://getgeeks-jonga.herokuapp.com (str)
______________________________________________________________________________
  
  Traceback (most recent call last):
    ~~~~~~~~~~~~~~~~~~~~~~~~~~~~~~~~~~~~~~~~~~~~~~~~~~~~~~~~~~~~~~~~~~~~~~~~~~
    File  C:\GravidadeZERO\getgeeks\project\tests\Login.robot:75
    T:  Required Fields    
    ~~~~~~~~~~~~~~~~~~~~~~~~~~~~~~~~~~~~~~~~~~~~~~~~~~~~~~~~~~~~~~~~~~~~~~~~~~
    File  C:\GravidadeZERO\getgeeks\project\tests\Login.robot:8
      Finish Session    
    ~~~~~~~~~~~~~~~~~~~~~~~~~~~~~~~~~~~~~~~~~~~~~~~~~~~~~~~~~~~~~~~~~~~~~~~~~~
    File  C:\GravidadeZERO\getgeeks\project\resources\Base.robot:30
      Take Screenshot    fullPage=true
______________________________________________________________________________
| FAIL |
Setup failed:
TimeoutError: page.goto: Timeout 10000ms exceeded.
=========================== logs ===========================
navigating to "https://getgeeks-jonga.herokuapp.com/", waiting until "load"
============================================================

Also teardown failed:
Error: Tried to take screenshot, but no page was open.
------------------------------------------------------------------------------
Tests.Login :: Login test suite                                       | FAIL |
7 tests, 5 passed, 2 failed
==============================================================================
Tests                                                                 | FAIL |
7 tests, 5 passed, 2 failed
==============================================================================
Output:  C:\GravidadeZERO\getgeeks\project\logs\pabot_results\2\output.xml
