<?xml version="1.0" encoding="UTF-8"?>
<robot generator="Robot 4.1.3 (Python 3.10.0 on win32)" generated="20220531 22:08:18.352" rpa="false" schemaversion="2">
<suite id="s1" name="Tests" source="C:\GravidadeZERO\getgeeks\project\backend\tests">
<suite id="s1-s1" name="Geeks" source="C:\GravidadeZERO\getgeeks\project\backend\tests\Geeks.robot">
<test id="s1-s1-t1" name="Be a geek">
<kw name="Factory Be Geek" library="Users">
<var>${user}</var>
<msg timestamp="20220531 22:08:18.507" level="INFO">${user} = {'name': 'Gabriel Pedro', 'email': 'gabriel@bol.com', 'password': 'pwd123', 'geek_profile': {'whatsapp': '11999999999', 'desc': 'Seu computador está lento? Reiniciando do nada? Talvez seja um vírus, o...</msg>
<status status="PASS" starttime="20220531 22:08:18.506" endtime="20220531 22:08:18.507"/>
</kw>
<kw name="Remove User" library="Helpers">
<arg>${user}</arg>
<kw name="Get Token" library="Helpers">
<var>${token}</var>
<arg>${user}</arg>
<kw name="Create Dictionary" library="BuiltIn">
<var>${payload}</var>
<arg>email=${user}[email]</arg>
<arg>password=${user}[password]</arg>
<doc>Creates and returns a dictionary based on the given ``items``.</doc>
<msg timestamp="20220531 22:08:18.508" level="INFO">${payload} = {'email': 'gabriel@bol.com', 'password': 'pwd123'}</msg>
<status status="PASS" starttime="20220531 22:08:18.508" endtime="20220531 22:08:18.508"/>
</kw>
<kw name="POST Session" library="SessionsRoute">
<var>${response}</var>
<arg>${payload}</arg>
<kw name="POST" library="RequestsLibrary">
<var>${response}</var>
<arg>${API_USERS}/sessions</arg>
<arg>json=${payload}</arg>
<arg>expected_status=any</arg>
<doc>Sends a POST request.</doc>
<msg timestamp="20220531 22:08:19.189" level="INFO">POST Request : url=https://getgeeks-users-jonga.herokuapp.com/sessions 
 path_url=/sessions 
 headers={'User-Agent': 'python-requests/2.26.0', 'Accept-Encoding': 'gzip, deflate', 'Accept': '*/*', 'Connection': 'keep-alive', 'Content-Length': '50', 'Content-Type': 'application/json'} 
 body=b'{"email": "gabriel@bol.com", "password": "pwd123"}' 
 </msg>
<msg timestamp="20220531 22:08:19.190" level="INFO">POST Response : url=https://getgeeks-users-jonga.herokuapp.com/sessions 
 status=200, reason=OK 
 headers={'Server': 'Cowboy', 'Connection': 'keep-alive', 'X-Powered-By': 'Express', 'Access-Control-Allow-Origin': '*', 'Content-Type': 'application/json; charset=utf-8', 'Content-Length': '371', 'Etag': 'W/"173-8eo7tqJAPqCow8hrrescXUoc9Bw"', 'Date': 'Wed, 01 Jun 2022 01:14:03 GMT', 'Via': '1.1 vegur'} 
 body={"user":{"id":405,"email":"gabriel@bol.com","password_hash":"$2b$08$DSBtC6Nx3NrAyV/2xEQtfuDW/NqrbMQjBigig/9bdf2.IZWXcEAxi","name":"Gabriel Pedro","avatar":null,"whatsapp":"11999999999","is_geek":true},"token":"eyJhbGciOiJIUzI1NiIsInR5cCI6IkpXVCJ9.eyJpZCI6NDA1LCJpYXQiOjE2NTQwNDYwNDMsImV4cCI6MTY1NDkxMDA0M30.A8gK5jqBYhlnAi5KYIl25JTz9ZdS1uQMe8kbmBnKSTc","expires_in":"10d"} 
 </msg>
<msg timestamp="20220531 22:08:19.190" level="INFO">${response} = &lt;Response [200]&gt;</msg>
<status status="PASS" starttime="20220531 22:08:18.508" endtime="20220531 22:08:19.190"/>
</kw>
<msg timestamp="20220531 22:08:19.191" level="INFO">${response} = &lt;Response [200]&gt;</msg>
<status status="PASS" starttime="20220531 22:08:18.508" endtime="20220531 22:08:19.192"/>
</kw>
<kw name="Set Variable" library="BuiltIn">
<var>${result}</var>
<arg>${EMPTY}</arg>
<doc>Returns the given values which can then be assigned to a variables.</doc>
<msg timestamp="20220531 22:08:19.192" level="INFO">${result} = </msg>
<status status="PASS" starttime="20220531 22:08:19.192" endtime="20220531 22:08:19.192"/>
</kw>
<if>
<branch type="IF" condition="&quot;200&quot; in &quot;${response}&quot;">
<kw name="Set Variable" library="BuiltIn">
<var>${result}</var>
<arg>Bearer ${response.json()}[token]</arg>
<doc>Returns the given values which can then be assigned to a variables.</doc>
<msg timestamp="20220531 22:08:19.192" level="INFO">${result} = Bearer eyJhbGciOiJIUzI1NiIsInR5cCI6IkpXVCJ9.eyJpZCI6NDA1LCJpYXQiOjE2NTQwNDYwNDMsImV4cCI6MTY1NDkxMDA0M30.A8gK5jqBYhlnAi5KYIl25JTz9ZdS1uQMe8kbmBnKSTc</msg>
<status status="PASS" starttime="20220531 22:08:19.192" endtime="20220531 22:08:19.192"/>
</kw>
<status status="PASS" starttime="20220531 22:08:19.192" endtime="20220531 22:08:19.192"/>
</branch>
<status status="PASS" starttime="20220531 22:08:19.192" endtime="20220531 22:08:19.192"/>
</if>
<msg timestamp="20220531 22:08:19.192" level="INFO">${token} = Bearer eyJhbGciOiJIUzI1NiIsInR5cCI6IkpXVCJ9.eyJpZCI6NDA1LCJpYXQiOjE2NTQwNDYwNDMsImV4cCI6MTY1NDkxMDA0M30.A8gK5jqBYhlnAi5KYIl25JTz9ZdS1uQMe8kbmBnKSTc</msg>
<status status="PASS" starttime="20220531 22:08:18.507" endtime="20220531 22:08:19.192"/>
</kw>
<if>
<branch type="IF" condition="&quot;${token}&quot;">
<kw name="Delete User" library="UsersRoute">
<arg>${token}</arg>
<kw name="Create Dictionary" library="BuiltIn">
<var>${headers}</var>
<arg>Authorization=${token}</arg>
<doc>Creates and returns a dictionary based on the given ``items``.</doc>
<msg timestamp="20220531 22:08:19.201" level="INFO">${headers} = {'Authorization': 'Bearer eyJhbGciOiJIUzI1NiIsInR5cCI6IkpXVCJ9.eyJpZCI6NDA1LCJpYXQiOjE2NTQwNDYwNDMsImV4cCI6MTY1NDkxMDA0M30.A8gK5jqBYhlnAi5KYIl25JTz9ZdS1uQMe8kbmBnKSTc'}</msg>
<status status="PASS" starttime="20220531 22:08:19.192" endtime="20220531 22:08:19.201"/>
</kw>
<kw name="DELETE" library="RequestsLibrary">
<var>${response}</var>
<arg>${API_USERS}/users</arg>
<arg>headers=${headers}</arg>
<arg>expected_status=any</arg>
<doc>Sends a DELETE request.</doc>
<msg timestamp="20220531 22:08:19.859" level="INFO">DELETE Request : url=https://getgeeks-users-jonga.herokuapp.com/users 
 path_url=/users 
 headers={'User-Agent': 'python-requests/2.26.0', 'Accept-Encoding': 'gzip, deflate', 'Accept': '*/*', 'Connection': 'keep-alive', 'Authorization': 'Bearer eyJhbGciOiJIUzI1NiIsInR5cCI6IkpXVCJ9.eyJpZCI6NDA1LCJpYXQiOjE2NTQwNDYwNDMsImV4cCI6MTY1NDkxMDA0M30.A8gK5jqBYhlnAi5KYIl25JTz9ZdS1uQMe8kbmBnKSTc', 'Content-Length': '0'} 
 body=None 
 </msg>
<msg timestamp="20220531 22:08:19.859" level="INFO">DELETE Response : url=https://getgeeks-users-jonga.herokuapp.com/users 
 status=204, reason=No Content 
 headers={'Server': 'Cowboy', 'Content-Length': '0', 'Connection': 'keep-alive', 'X-Powered-By': 'Express', 'Access-Control-Allow-Origin': '*', 'Date': 'Wed, 01 Jun 2022 01:14:03 GMT', 'Via': '1.1 vegur'} 
 body=None 
 </msg>
<msg timestamp="20220531 22:08:19.859" level="INFO">${response} = &lt;Response [204]&gt;</msg>
<status status="PASS" starttime="20220531 22:08:19.201" endtime="20220531 22:08:19.859"/>
</kw>
<status status="PASS" starttime="20220531 22:08:19.192" endtime="20220531 22:08:19.860"/>
</kw>
<status status="PASS" starttime="20220531 22:08:19.192" endtime="20220531 22:08:19.860"/>
</branch>
<status status="PASS" starttime="20220531 22:08:19.192" endtime="20220531 22:08:19.860"/>
</if>
<status status="PASS" starttime="20220531 22:08:18.507" endtime="20220531 22:08:19.860"/>
</kw>
<kw name="POST User" library="UsersRoute">
<arg>${user}</arg>
<kw name="POST" library="RequestsLibrary">
<var>${response}</var>
<arg>${API_USERS}/users</arg>
<arg>json=${payload}</arg>
<arg>expected_status=any</arg>
<doc>Sends a POST request.</doc>
<msg timestamp="20220531 22:08:20.523" level="INFO">POST Request : url=https://getgeeks-users-jonga.herokuapp.com/users 
 path_url=/users 
 headers={'User-Agent': 'python-requests/2.26.0', 'Accept-Encoding': 'gzip, deflate', 'Accept': '*/*', 'Connection': 'keep-alive', 'Content-Length': '481', 'Content-Type': 'application/json'} 
 body=b'{"name": "Gabriel Pedro", "email": "gabriel@bol.com", "password": "pwd123", "geek_profile": {"whatsapp": "11999999999", "desc": "Seu computador est\\u00e1 lento? Reiniciando do nada? Talvez seja um v\\u00edrus, ou algum hardware com defeito. Posso fazer a manuten\\u00e7\\u00e3o no seu PC, formando, reinstalando o SO, trocando algum componente f\\u00edsico e porque n\\u00e3o remover o baidu ou qualquer outro malware.", "printer_repair": "Sim", "work": "Presencial", "cost": "150.99"}}' 
 </msg>
<msg timestamp="20220531 22:08:20.523" level="INFO">POST Response : url=https://getgeeks-users-jonga.herokuapp.com/users 
 status=201, reason=Created 
 headers={'Server': 'Cowboy', 'Connection': 'keep-alive', 'X-Powered-By': 'Express', 'Access-Control-Allow-Origin': '*', 'Content-Type': 'application/json; charset=utf-8', 'Content-Length': '10', 'Etag': 'W/"a-SHhwBJ4Pgx+cBQxYDZS0AKh+yVw"', 'Date': 'Wed, 01 Jun 2022 01:14:04 GMT', 'Via': '1.1 vegur'} 
 body={"id":408} 
 </msg>
<msg timestamp="20220531 22:08:20.523" level="INFO">${response} = &lt;Response [201]&gt;</msg>
<status status="PASS" starttime="20220531 22:08:19.863" endtime="20220531 22:08:20.523"/>
</kw>
<status status="PASS" starttime="20220531 22:08:19.862" endtime="20220531 22:08:20.523"/>
</kw>
<kw name="Get Token" library="Helpers">
<var>${token}</var>
<arg>${user}</arg>
<kw name="Create Dictionary" library="BuiltIn">
<var>${payload}</var>
<arg>email=${user}[email]</arg>
<arg>password=${user}[password]</arg>
<doc>Creates and returns a dictionary based on the given ``items``.</doc>
<msg timestamp="20220531 22:08:20.526" level="INFO">${payload} = {'email': 'gabriel@bol.com', 'password': 'pwd123'}</msg>
<status status="PASS" starttime="20220531 22:08:20.525" endtime="20220531 22:08:20.526"/>
</kw>
<kw name="POST Session" library="SessionsRoute">
<var>${response}</var>
<arg>${payload}</arg>
<kw name="POST" library="RequestsLibrary">
<var>${response}</var>
<arg>${API_USERS}/sessions</arg>
<arg>json=${payload}</arg>
<arg>expected_status=any</arg>
<doc>Sends a POST request.</doc>
<msg timestamp="20220531 22:08:21.171" level="INFO">POST Request : url=https://getgeeks-users-jonga.herokuapp.com/sessions 
 path_url=/sessions 
 headers={'User-Agent': 'python-requests/2.26.0', 'Accept-Encoding': 'gzip, deflate', 'Accept': '*/*', 'Connection': 'keep-alive', 'Content-Length': '50', 'Content-Type': 'application/json'} 
 body=b'{"email": "gabriel@bol.com", "password": "pwd123"}' 
 </msg>
<msg timestamp="20220531 22:08:21.172" level="INFO">POST Response : url=https://getgeeks-users-jonga.herokuapp.com/sessions 
 status=200, reason=OK 
 headers={'Server': 'Cowboy', 'Connection': 'keep-alive', 'X-Powered-By': 'Express', 'Access-Control-Allow-Origin': '*', 'Content-Type': 'application/json; charset=utf-8', 'Content-Length': '363', 'Etag': 'W/"16b-PvWlacAgUsNMlEjLi20y9gaT52I"', 'Date': 'Wed, 01 Jun 2022 01:14:05 GMT', 'Via': '1.1 vegur'} 
 body={"user":{"id":408,"email":"gabriel@bol.com","password_hash":"$2b$08$XHCkqUP8bACqaGKKjkrbGuy0P73fp6LfoT2y97EEswGMn/N91EucS","name":"Gabriel Pedro","avatar":null,"whatsapp":null,"is_geek":false},"token":"eyJhbGciOiJIUzI1NiIsInR5cCI6IkpXVCJ9.eyJpZCI6NDA4LCJpYXQiOjE2NTQwNDYwNDUsImV4cCI6MTY1NDkxMDA0NX0.yd9damVNI1edUAJrltKL4BJRQMbFPtI88aFYiWnMFDM","expires_in":"10d"} 
 </msg>
<msg timestamp="20220531 22:08:21.172" level="INFO">${response} = &lt;Response [200]&gt;</msg>
<status status="PASS" starttime="20220531 22:08:20.526" endtime="20220531 22:08:21.173"/>
</kw>
<msg timestamp="20220531 22:08:21.174" level="INFO">${response} = &lt;Response [200]&gt;</msg>
<status status="PASS" starttime="20220531 22:08:20.526" endtime="20220531 22:08:21.174"/>
</kw>
<kw name="Set Variable" library="BuiltIn">
<var>${result}</var>
<arg>${EMPTY}</arg>
<doc>Returns the given values which can then be assigned to a variables.</doc>
<msg timestamp="20220531 22:08:21.176" level="INFO">${result} = </msg>
<status status="PASS" starttime="20220531 22:08:21.175" endtime="20220531 22:08:21.176"/>
</kw>
<if>
<branch type="IF" condition="&quot;200&quot; in &quot;${response}&quot;">
<kw name="Set Variable" library="BuiltIn">
<var>${result}</var>
<arg>Bearer ${response.json()}[token]</arg>
<doc>Returns the given values which can then be assigned to a variables.</doc>
<msg timestamp="20220531 22:08:21.179" level="INFO">${result} = Bearer eyJhbGciOiJIUzI1NiIsInR5cCI6IkpXVCJ9.eyJpZCI6NDA4LCJpYXQiOjE2NTQwNDYwNDUsImV4cCI6MTY1NDkxMDA0NX0.yd9damVNI1edUAJrltKL4BJRQMbFPtI88aFYiWnMFDM</msg>
<status status="PASS" starttime="20220531 22:08:21.178" endtime="20220531 22:08:21.179"/>
</kw>
<status status="PASS" starttime="20220531 22:08:21.176" endtime="20220531 22:08:21.179"/>
</branch>
<status status="PASS" starttime="20220531 22:08:21.176" endtime="20220531 22:08:21.179"/>
</if>
<msg timestamp="20220531 22:08:21.181" level="INFO">${token} = Bearer eyJhbGciOiJIUzI1NiIsInR5cCI6IkpXVCJ9.eyJpZCI6NDA4LCJpYXQiOjE2NTQwNDYwNDUsImV4cCI6MTY1NDkxMDA0NX0.yd9damVNI1edUAJrltKL4BJRQMbFPtI88aFYiWnMFDM</msg>
<status status="PASS" starttime="20220531 22:08:20.525" endtime="20220531 22:08:21.181"/>
</kw>
<kw name="POST Geek" library="GeeksRoute">
<var>${response}</var>
<arg>${token}</arg>
<arg>${user}[geek_profile]</arg>
<kw name="Create Dictionary" library="BuiltIn">
<var>${headers}</var>
<arg>Authorization=${token}</arg>
<doc>Creates and returns a dictionary based on the given ``items``.</doc>
<msg timestamp="20220531 22:08:21.183" level="INFO">${headers} = {'Authorization': 'Bearer eyJhbGciOiJIUzI1NiIsInR5cCI6IkpXVCJ9.eyJpZCI6NDA4LCJpYXQiOjE2NTQwNDYwNDUsImV4cCI6MTY1NDkxMDA0NX0.yd9damVNI1edUAJrltKL4BJRQMbFPtI88aFYiWnMFDM'}</msg>
<status status="PASS" starttime="20220531 22:08:21.183" endtime="20220531 22:08:21.183"/>
</kw>
<kw name="POST" library="RequestsLibrary">
<var>${response}</var>
<arg>${API_GEEKS}/geeks</arg>
<arg>json=${payload}</arg>
<arg>headers=${headers}</arg>
<arg>expected_status=any</arg>
<doc>Sends a POST request.</doc>
<msg timestamp="20220531 22:08:21.861" level="INFO">POST Request : url=https://getgeeks-geeks-jonga.herokuapp.com/geeks 
 path_url=/geeks 
 headers={'User-Agent': 'python-requests/2.26.0', 'Accept-Encoding': 'gzip, deflate', 'Accept': '*/*', 'Connection': 'keep-alive', 'Authorization': 'Bearer eyJhbGciOiJIUzI1NiIsInR5cCI6IkpXVCJ9.eyJpZCI6NDA4LCJpYXQiOjE2NTQwNDYwNDUsImV4cCI6MTY1NDkxMDA0NX0.yd9damVNI1edUAJrltKL4BJRQMbFPtI88aFYiWnMFDM', 'Content-Length': '388', 'Content-Type': 'application/json'} 
 body=b'{"whatsapp": "11999999999", "desc": "Seu computador est\\u00e1 lento? Reiniciando do nada? Talvez seja um v\\u00edrus, ou algum hardware com defeito. Posso fazer a manuten\\u00e7\\u00e3o no seu PC, formando, reinstalando o SO, trocando algum componente f\\u00edsico e porque n\\u00e3o remover o baidu ou qualquer outro malware.", "printer_repair": "Sim", "work": "Presencial", "cost": "150.99"}' 
 </msg>
<msg timestamp="20220531 22:08:21.862" level="INFO">POST Response : url=https://getgeeks-geeks-jonga.herokuapp.com/geeks 
 status=201, reason=Created 
 headers={'Server': 'Cowboy', 'Connection': 'keep-alive', 'X-Powered-By': 'Express', 'Access-Control-Allow-Origin': '*', 'Date': 'Wed, 01 Jun 2022 01:14:05 GMT', 'Content-Length': '0', 'Via': '1.1 vegur'} 
 body=None 
 </msg>
<msg timestamp="20220531 22:08:21.862" level="INFO">${response} = &lt;Response [201]&gt;</msg>
<status status="PASS" starttime="20220531 22:08:21.183" endtime="20220531 22:08:21.863"/>
</kw>
<msg timestamp="20220531 22:08:21.864" level="INFO">${response} = &lt;Response [201]&gt;</msg>
<status status="PASS" starttime="20220531 22:08:21.181" endtime="20220531 22:08:21.864"/>
</kw>
<kw name="Status Should Be" library="RequestsLibrary">
<arg>201</arg>
<arg>${response}</arg>
<doc>Fails if response status code is different than the expected.</doc>
<status status="PASS" starttime="20220531 22:08:21.866" endtime="20220531 22:08:21.866"/>
</kw>
<kw name="Get User" library="UsersRoute">
<var>${response}</var>
<arg>${token}</arg>
<kw name="Create Dictionary" library="BuiltIn">
<var>${headers}</var>
<arg>Authorization=${token}</arg>
<doc>Creates and returns a dictionary based on the given ``items``.</doc>
<msg timestamp="20220531 22:08:21.870" level="INFO">${headers} = {'Authorization': 'Bearer eyJhbGciOiJIUzI1NiIsInR5cCI6IkpXVCJ9.eyJpZCI6NDA4LCJpYXQiOjE2NTQwNDYwNDUsImV4cCI6MTY1NDkxMDA0NX0.yd9damVNI1edUAJrltKL4BJRQMbFPtI88aFYiWnMFDM'}</msg>
<status status="PASS" starttime="20220531 22:08:21.869" endtime="20220531 22:08:21.870"/>
</kw>
<kw name="GET" library="RequestsLibrary">
<var>${response}</var>
<arg>${API_USERS}/users</arg>
<arg>headers=${headers}</arg>
<arg>expected_status=any</arg>
<doc>Sends a GET request.</doc>
<msg timestamp="20220531 22:08:22.499" level="INFO">GET Request : url=https://getgeeks-users-jonga.herokuapp.com/users 
 path_url=/users 
 headers={'User-Agent': 'python-requests/2.26.0', 'Accept-Encoding': 'gzip, deflate', 'Accept': '*/*', 'Connection': 'keep-alive', 'Authorization': 'Bearer eyJhbGciOiJIUzI1NiIsInR5cCI6IkpXVCJ9.eyJpZCI6NDA4LCJpYXQiOjE2NTQwNDYwNDUsImV4cCI6MTY1NDkxMDA0NX0.yd9damVNI1edUAJrltKL4BJRQMbFPtI88aFYiWnMFDM'} 
 body=None 
 </msg>
<msg timestamp="20220531 22:08:22.499" level="INFO">GET Response : url=https://getgeeks-users-jonga.herokuapp.com/users 
 status=200, reason=OK 
 headers={'Server': 'Cowboy', 'Connection': 'keep-alive', 'X-Powered-By': 'Express', 'Access-Control-Allow-Origin': '*', 'Content-Type': 'application/json; charset=utf-8', 'Content-Length': '534', 'Etag': 'W/"216-wmFoLz6vKWa1rNVaiW4OB+kwSFY"', 'Date': 'Wed, 01 Jun 2022 01:14:06 GMT', 'Via': '1.1 vegur'} 
 body={"id":56,"email":"gabriel@bol.com","password_hash":"$2b$08$XHCkqUP8bACqaGKKjkrbGuy0P73fp6LfoT2y97EEswGMn/N91EucS","name":"Gabriel Pedro","avatar":null,"whatsapp":"11999999999","is_geek":true,"desc":"Seu computador está lento? Reiniciando do nada? Talvez seja um vírus, ou algum hardware com defeito. Posso fazer a manutenção no seu PC, formando, reinstalando o SO, trocando algum componente físico e porque não remover o baidu ou qualquer outro malware.","printer_repair":"Sim","work":"Presencial","cost":"150.99","user_id":408} 
 </msg>
<msg timestamp="20220531 22:08:22.500" level="INFO">${response} = &lt;Response [200]&gt;</msg>
<status status="PASS" starttime="20220531 22:08:21.870" endtime="20220531 22:08:22.500"/>
</kw>
<msg timestamp="20220531 22:08:22.501" level="INFO">${response} = &lt;Response [200]&gt;</msg>
<status status="PASS" starttime="20220531 22:08:21.867" endtime="20220531 22:08:22.501"/>
</kw>
<kw name="Should Be Equal As Strings" library="BuiltIn">
<arg>${user}[name]</arg>
<arg>${response.json()}[name]</arg>
<doc>Fails if objects are unequal after converting them to strings.</doc>
<status status="PASS" starttime="20220531 22:08:22.502" endtime="20220531 22:08:22.504"/>
</kw>
<kw name="Should Be Equal As Strings" library="BuiltIn">
<arg>${user}[email]</arg>
<arg>${response.json()}[email]</arg>
<doc>Fails if objects are unequal after converting them to strings.</doc>
<status status="PASS" starttime="20220531 22:08:22.505" endtime="20220531 22:08:22.508"/>
</kw>
<kw name="Should Be Equal As Strings" library="BuiltIn">
<arg>${user}[geek_profile][whatsapp]</arg>
<arg>${response.json()}[whatsapp]</arg>
<doc>Fails if objects are unequal after converting them to strings.</doc>
<status status="PASS" starttime="20220531 22:08:22.508" endtime="20220531 22:08:22.511"/>
</kw>
<kw name="Should Be Equal As Strings" library="BuiltIn">
<arg>${user}[geek_profile][desc]</arg>
<arg>${response.json()}[desc]</arg>
<doc>Fails if objects are unequal after converting them to strings.</doc>
<status status="PASS" starttime="20220531 22:08:22.511" endtime="20220531 22:08:22.512"/>
</kw>
<kw name="Convert To Number" library="BuiltIn">
<var>${expetect_float}</var>
<arg>${user}[geek_profile][cost]</arg>
<doc>Converts the given item to a floating point number.</doc>
<msg timestamp="20220531 22:08:22.513" level="INFO">${expetect_float} = 150.99</msg>
<status status="PASS" starttime="20220531 22:08:22.513" endtime="20220531 22:08:22.513"/>
</kw>
<kw name="Convert To Number" library="BuiltIn">
<var>${got_float}</var>
<arg>${response.json()}[cost]</arg>
<doc>Converts the given item to a floating point number.</doc>
<msg timestamp="20220531 22:08:22.515" level="INFO">${got_float} = 150.99</msg>
<status status="PASS" starttime="20220531 22:08:22.514" endtime="20220531 22:08:22.515"/>
</kw>
<kw name="Should Be Equal" library="BuiltIn">
<arg>${expetect_float}</arg>
<arg>${got_float}</arg>
<doc>Fails if the given objects are unequal.</doc>
<status status="PASS" starttime="20220531 22:08:22.516" endtime="20220531 22:08:22.516"/>
</kw>
<kw name="Should Be Equal As Strings" library="BuiltIn">
<arg>${user}[geek_profile][printer_repair]</arg>
<arg>${response.json()}[printer_repair]</arg>
<doc>Fails if objects are unequal after converting them to strings.</doc>
<status status="PASS" starttime="20220531 22:08:22.517" endtime="20220531 22:08:22.518"/>
</kw>
<kw name="Should Be Equal As Strings" library="BuiltIn">
<arg>${user}[geek_profile][work]</arg>
<arg>${response.json()}[work]</arg>
<doc>Fails if objects are unequal after converting them to strings.</doc>
<status status="PASS" starttime="20220531 22:08:22.519" endtime="20220531 22:08:22.520"/>
</kw>
<kw name="Should Be Equal As Strings" library="BuiltIn">
<arg>True</arg>
<arg>${response.json()}[is_geek]</arg>
<doc>Fails if objects are unequal after converting them to strings.</doc>
<msg timestamp="20220531 22:08:22.523" level="INFO">Argument types are:
&lt;type 'unicode'&gt;
&lt;class 'bool'&gt;</msg>
<status status="PASS" starttime="20220531 22:08:22.521" endtime="20220531 22:08:22.523"/>
</kw>
<status status="PASS" starttime="20220531 22:08:18.506" endtime="20220531 22:08:22.524"/>
</test>
<test id="s1-s1-t2" name="Get Geek List">
<kw name="Factory Search For Geeks" library="Users">
<var>${data}</var>
<msg timestamp="20220531 22:08:22.528" level="INFO">${data} = {'user': {'name': 'Peter Quill', 'email': 'quill@marvel.com', 'password': 'pwd123'}, 'geeks': [{'name': 'Riri Willians', 'email': 'riri@marvel.com', 'password': 'pwd123', 'geek_profile': {'whatsapp': ...</msg>
<status status="PASS" starttime="20220531 22:08:22.527" endtime="20220531 22:08:22.528"/>
</kw>
<for flavor="IN">
<var>${geek}</var>
<value>@{data}[geeks]</value>
<iter>
<var name="${geek}">{'name': 'Riri Willians', 'email': 'riri@marvel.com', 'password': 'pwd123', 'geek_profile': {'whatsapp': '11999999999', 'desc': 'Seu computador está lento? Reiniciando do nada? Talvez seja um vírus, o...</var>
<kw name="POST User" library="UsersRoute">
<arg>${geek}</arg>
<kw name="POST" library="RequestsLibrary">
<var>${response}</var>
<arg>${API_USERS}/users</arg>
<arg>json=${payload}</arg>
<arg>expected_status=any</arg>
<doc>Sends a POST request.</doc>
<msg timestamp="20220531 22:08:23.207" level="INFO">POST Request : url=https://getgeeks-users-jonga.herokuapp.com/users 
 path_url=/users 
 headers={'User-Agent': 'python-requests/2.26.0', 'Accept-Encoding': 'gzip, deflate', 'Accept': '*/*', 'Connection': 'keep-alive', 'Content-Length': '483', 'Content-Type': 'application/json'} 
 body=b'{"name": "Riri Willians", "email": "riri@marvel.com", "password": "pwd123", "geek_profile": {"whatsapp": "11999999999", "desc": "Seu computador est\\u00e1 lento? Reiniciando do nada? Talvez seja um v\\u00edrus, ou algum hardware com defeito. Posso fazer a manuten\\u00e7\\u00e3o no seu PC, formando, reinstalando o SO, trocando algum componente f\\u00edsico e porque n\\u00e3o remover o baidu ou qualquer outro malware.", "printer_repair": "N\\u00e3o", "work": "Presencial", "cost": "100"}}' 
 </msg>
<msg timestamp="20220531 22:08:23.208" level="INFO">POST Response : url=https://getgeeks-users-jonga.herokuapp.com/users 
 status=400, reason=Bad Request 
 headers={'Server': 'Cowboy', 'Connection': 'keep-alive', 'X-Powered-By': 'Express', 'Access-Control-Allow-Origin': '*', 'Content-Type': 'application/json; charset=utf-8', 'Content-Length': '31', 'Etag': 'W/"1f-lFUySNKwX3L5eGEwGcNcUoVKWhE"', 'Date': 'Wed, 01 Jun 2022 01:14:07 GMT', 'Via': '1.1 vegur'} 
 body={"error":"User already exists"} 
 </msg>
<msg timestamp="20220531 22:08:23.208" level="INFO">${response} = &lt;Response [400]&gt;</msg>
<status status="PASS" starttime="20220531 22:08:22.530" endtime="20220531 22:08:23.208"/>
</kw>
<status status="PASS" starttime="20220531 22:08:22.530" endtime="20220531 22:08:23.208"/>
</kw>
<kw name="Get Token" library="Helpers">
<var>${token}</var>
<arg>${geek}</arg>
<kw name="Create Dictionary" library="BuiltIn">
<var>${payload}</var>
<arg>email=${user}[email]</arg>
<arg>password=${user}[password]</arg>
<doc>Creates and returns a dictionary based on the given ``items``.</doc>
<msg timestamp="20220531 22:08:23.212" level="INFO">${payload} = {'email': 'riri@marvel.com', 'password': 'pwd123'}</msg>
<status status="PASS" starttime="20220531 22:08:23.211" endtime="20220531 22:08:23.212"/>
</kw>
<kw name="POST Session" library="SessionsRoute">
<var>${response}</var>
<arg>${payload}</arg>
<kw name="POST" library="RequestsLibrary">
<var>${response}</var>
<arg>${API_USERS}/sessions</arg>
<arg>json=${payload}</arg>
<arg>expected_status=any</arg>
<doc>Sends a POST request.</doc>
<msg timestamp="20220531 22:08:23.839" level="INFO">POST Request : url=https://getgeeks-users-jonga.herokuapp.com/sessions 
 path_url=/sessions 
 headers={'User-Agent': 'python-requests/2.26.0', 'Accept-Encoding': 'gzip, deflate', 'Accept': '*/*', 'Connection': 'keep-alive', 'Content-Length': '50', 'Content-Type': 'application/json'} 
 body=b'{"email": "riri@marvel.com", "password": "pwd123"}' 
 </msg>
<msg timestamp="20220531 22:08:23.839" level="INFO">POST Response : url=https://getgeeks-users-jonga.herokuapp.com/sessions 
 status=200, reason=OK 
 headers={'Server': 'Cowboy', 'Connection': 'keep-alive', 'X-Powered-By': 'Express', 'Access-Control-Allow-Origin': '*', 'Content-Type': 'application/json; charset=utf-8', 'Content-Length': '371', 'Etag': 'W/"173-wxIaxe66TTNlyvMuRRcA+s/Xh54"', 'Date': 'Wed, 01 Jun 2022 01:14:07 GMT', 'Via': '1.1 vegur'} 
 body={"user":{"id":396,"email":"riri@marvel.com","password_hash":"$2b$08$f1pA5TvamaartZPcqDary.pikHIordRTJpiJyvKz1eJ4j7huS9nUm","name":"Riri Willians","avatar":null,"whatsapp":"11999999999","is_geek":true},"token":"eyJhbGciOiJIUzI1NiIsInR5cCI6IkpXVCJ9.eyJpZCI6Mzk2LCJpYXQiOjE2NTQwNDYwNDcsImV4cCI6MTY1NDkxMDA0N30.ZxdseeXqkFPeezm6A3Du4nviHUduXuUbRN4anoWK78U","expires_in":"10d"} 
 </msg>
<msg timestamp="20220531 22:08:23.840" level="INFO">${response} = &lt;Response [200]&gt;</msg>
<status status="PASS" starttime="20220531 22:08:23.212" endtime="20220531 22:08:23.840"/>
</kw>
<msg timestamp="20220531 22:08:23.841" level="INFO">${response} = &lt;Response [200]&gt;</msg>
<status status="PASS" starttime="20220531 22:08:23.212" endtime="20220531 22:08:23.841"/>
</kw>
<kw name="Set Variable" library="BuiltIn">
<var>${result}</var>
<arg>${EMPTY}</arg>
<doc>Returns the given values which can then be assigned to a variables.</doc>
<msg timestamp="20220531 22:08:23.844" level="INFO">${result} = </msg>
<status status="PASS" starttime="20220531 22:08:23.842" endtime="20220531 22:08:23.844"/>
</kw>
<if>
<branch type="IF" condition="&quot;200&quot; in &quot;${response}&quot;">
<kw name="Set Variable" library="BuiltIn">
<var>${result}</var>
<arg>Bearer ${response.json()}[token]</arg>
<doc>Returns the given values which can then be assigned to a variables.</doc>
<msg timestamp="20220531 22:08:23.845" level="INFO">${result} = Bearer eyJhbGciOiJIUzI1NiIsInR5cCI6IkpXVCJ9.eyJpZCI6Mzk2LCJpYXQiOjE2NTQwNDYwNDcsImV4cCI6MTY1NDkxMDA0N30.ZxdseeXqkFPeezm6A3Du4nviHUduXuUbRN4anoWK78U</msg>
<status status="PASS" starttime="20220531 22:08:23.845" endtime="20220531 22:08:23.845"/>
</kw>
<status status="PASS" starttime="20220531 22:08:23.844" endtime="20220531 22:08:23.845"/>
</branch>
<status status="PASS" starttime="20220531 22:08:23.844" endtime="20220531 22:08:23.845"/>
</if>
<msg timestamp="20220531 22:08:23.845" level="INFO">${token} = Bearer eyJhbGciOiJIUzI1NiIsInR5cCI6IkpXVCJ9.eyJpZCI6Mzk2LCJpYXQiOjE2NTQwNDYwNDcsImV4cCI6MTY1NDkxMDA0N30.ZxdseeXqkFPeezm6A3Du4nviHUduXuUbRN4anoWK78U</msg>
<status status="PASS" starttime="20220531 22:08:23.210" endtime="20220531 22:08:23.845"/>
</kw>
<kw name="POST Geek" library="GeeksRoute">
<arg>${token}</arg>
<arg>${geek}[geek_profile]</arg>
<kw name="Create Dictionary" library="BuiltIn">
<var>${headers}</var>
<arg>Authorization=${token}</arg>
<doc>Creates and returns a dictionary based on the given ``items``.</doc>
<msg timestamp="20220531 22:08:23.845" level="INFO">${headers} = {'Authorization': 'Bearer eyJhbGciOiJIUzI1NiIsInR5cCI6IkpXVCJ9.eyJpZCI6Mzk2LCJpYXQiOjE2NTQwNDYwNDcsImV4cCI6MTY1NDkxMDA0N30.ZxdseeXqkFPeezm6A3Du4nviHUduXuUbRN4anoWK78U'}</msg>
<status status="PASS" starttime="20220531 22:08:23.845" endtime="20220531 22:08:23.845"/>
</kw>
<kw name="POST" library="RequestsLibrary">
<var>${response}</var>
<arg>${API_GEEKS}/geeks</arg>
<arg>json=${payload}</arg>
<arg>headers=${headers}</arg>
<arg>expected_status=any</arg>
<doc>Sends a POST request.</doc>
<msg timestamp="20220531 22:08:24.529" level="INFO">POST Request : url=https://getgeeks-geeks-jonga.herokuapp.com/geeks 
 path_url=/geeks 
 headers={'User-Agent': 'python-requests/2.26.0', 'Accept-Encoding': 'gzip, deflate', 'Accept': '*/*', 'Connection': 'keep-alive', 'Authorization': 'Bearer eyJhbGciOiJIUzI1NiIsInR5cCI6IkpXVCJ9.eyJpZCI6Mzk2LCJpYXQiOjE2NTQwNDYwNDcsImV4cCI6MTY1NDkxMDA0N30.ZxdseeXqkFPeezm6A3Du4nviHUduXuUbRN4anoWK78U', 'Content-Length': '390', 'Content-Type': 'application/json'} 
 body=b'{"whatsapp": "11999999999", "desc": "Seu computador est\\u00e1 lento? Reiniciando do nada? Talvez seja um v\\u00edrus, ou algum hardware com defeito. Posso fazer a manuten\\u00e7\\u00e3o no seu PC, formando, reinstalando o SO, trocando algum componente f\\u00edsico e porque n\\u00e3o remover o baidu ou qualquer outro malware.", "printer_repair": "N\\u00e3o", "work": "Presencial", "cost": "100"}' 
 </msg>
<msg timestamp="20220531 22:08:24.529" level="INFO">POST Response : url=https://getgeeks-geeks-jonga.herokuapp.com/geeks 
 status=201, reason=Created 
 headers={'Server': 'Cowboy', 'Connection': 'keep-alive', 'X-Powered-By': 'Express', 'Access-Control-Allow-Origin': '*', 'Date': 'Wed, 01 Jun 2022 01:14:08 GMT', 'Content-Length': '0', 'Via': '1.1 vegur'} 
 body=None 
 </msg>
<msg timestamp="20220531 22:08:24.529" level="INFO">${response} = &lt;Response [201]&gt;</msg>
<status status="PASS" starttime="20220531 22:08:23.845" endtime="20220531 22:08:24.529"/>
</kw>
<status status="PASS" starttime="20220531 22:08:23.845" endtime="20220531 22:08:24.529"/>
</kw>
<status status="PASS" starttime="20220531 22:08:22.529" endtime="20220531 22:08:24.529"/>
</iter>
<iter>
<var name="${geek}">{'name': 'Arnim Zola', 'email': 'zola@hidra.com', 'password': 'pwd123', 'geek_profile': {'whatsapp': '21999999999', 'desc': 'Instalo Distros Ubuntu, Debian, ElementaryOS, PopOS, Linux Mint, Kurumin, M...</var>
<kw name="POST User" library="UsersRoute">
<arg>${geek}</arg>
<kw name="POST" library="RequestsLibrary">
<var>${response}</var>
<arg>${API_USERS}/users</arg>
<arg>json=${payload}</arg>
<arg>expected_status=any</arg>
<doc>Sends a POST request.</doc>
<msg timestamp="20220531 22:08:25.146" level="INFO">POST Request : url=https://getgeeks-users-jonga.herokuapp.com/users 
 path_url=/users 
 headers={'User-Agent': 'python-requests/2.26.0', 'Accept-Encoding': 'gzip, deflate', 'Accept': '*/*', 'Connection': 'keep-alive', 'Content-Length': '445', 'Content-Type': 'application/json'} 
 body=b'{"name": "Arnim Zola", "email": "zola@hidra.com", "password": "pwd123", "geek_profile": {"whatsapp": "21999999999", "desc": "Instalo Distros Ubuntu, Debian, ElementaryOS, PopOS, Linux Mint, Kurumin, Mandrake, Connectiva, Fedora, RedHat, CentOS, Slackware, Gentoo, Archlinux, Kubuntu, Xubuntu, Suze, Mandriva, Edubuntu, KateOS, Sabayon Linux, Manjaro Linux, BigLinux, ZorinOS, Unit", "printer_repair": "N\\u00e3o", "work": "Ambos", "cost": "110"}}' 
 </msg>
<msg timestamp="20220531 22:08:25.146" level="INFO">POST Response : url=https://getgeeks-users-jonga.herokuapp.com/users 
 status=400, reason=Bad Request 
 headers={'Server': 'Cowboy', 'Connection': 'keep-alive', 'X-Powered-By': 'Express', 'Access-Control-Allow-Origin': '*', 'Content-Type': 'application/json; charset=utf-8', 'Content-Length': '31', 'Etag': 'W/"1f-lFUySNKwX3L5eGEwGcNcUoVKWhE"', 'Date': 'Wed, 01 Jun 2022 01:14:09 GMT', 'Via': '1.1 vegur'} 
 body={"error":"User already exists"} 
 </msg>
<msg timestamp="20220531 22:08:25.146" level="INFO">${response} = &lt;Response [400]&gt;</msg>
<status status="PASS" starttime="20220531 22:08:24.531" endtime="20220531 22:08:25.146"/>
</kw>
<status status="PASS" starttime="20220531 22:08:24.529" endtime="20220531 22:08:25.146"/>
</kw>
<kw name="Get Token" library="Helpers">
<var>${token}</var>
<arg>${geek}</arg>
<kw name="Create Dictionary" library="BuiltIn">
<var>${payload}</var>
<arg>email=${user}[email]</arg>
<arg>password=${user}[password]</arg>
<doc>Creates and returns a dictionary based on the given ``items``.</doc>
<msg timestamp="20220531 22:08:25.153" level="INFO">${payload} = {'email': 'zola@hidra.com', 'password': 'pwd123'}</msg>
<status status="PASS" starttime="20220531 22:08:25.151" endtime="20220531 22:08:25.153"/>
</kw>
<kw name="POST Session" library="SessionsRoute">
<var>${response}</var>
<arg>${payload}</arg>
<kw name="POST" library="RequestsLibrary">
<var>${response}</var>
<arg>${API_USERS}/sessions</arg>
<arg>json=${payload}</arg>
<arg>expected_status=any</arg>
<doc>Sends a POST request.</doc>
<msg timestamp="20220531 22:08:25.789" level="INFO">POST Request : url=https://getgeeks-users-jonga.herokuapp.com/sessions 
 path_url=/sessions 
 headers={'User-Agent': 'python-requests/2.26.0', 'Accept-Encoding': 'gzip, deflate', 'Accept': '*/*', 'Connection': 'keep-alive', 'Content-Length': '49', 'Content-Type': 'application/json'} 
 body=b'{"email": "zola@hidra.com", "password": "pwd123"}' 
 </msg>
<msg timestamp="20220531 22:08:25.789" level="INFO">POST Response : url=https://getgeeks-users-jonga.herokuapp.com/sessions 
 status=200, reason=OK 
 headers={'Server': 'Cowboy', 'Connection': 'keep-alive', 'X-Powered-By': 'Express', 'Access-Control-Allow-Origin': '*', 'Content-Type': 'application/json; charset=utf-8', 'Content-Length': '367', 'Etag': 'W/"16f-iVWVAcnUy6ikB6MtdZE0jvmzuwg"', 'Date': 'Wed, 01 Jun 2022 01:14:09 GMT', 'Via': '1.1 vegur'} 
 body={"user":{"id":397,"email":"zola@hidra.com","password_hash":"$2b$08$ANa9lS2/jO2.OEs.Gel5qOE.KWAvHmULwCgzqtMM5SlSDCFn7ExK.","name":"Arnim Zola","avatar":null,"whatsapp":"21999999999","is_geek":true},"token":"eyJhbGciOiJIUzI1NiIsInR5cCI6IkpXVCJ9.eyJpZCI6Mzk3LCJpYXQiOjE2NTQwNDYwNDksImV4cCI6MTY1NDkxMDA0OX0.CkMGl8PPTRXNzd_ZfyNR8sWG3S8QUl_phr8dcn3Vdis","expires_in":"10d"} 
 </msg>
<msg timestamp="20220531 22:08:25.790" level="INFO">${response} = &lt;Response [200]&gt;</msg>
<status status="PASS" starttime="20220531 22:08:25.154" endtime="20220531 22:08:25.790"/>
</kw>
<msg timestamp="20220531 22:08:25.791" level="INFO">${response} = &lt;Response [200]&gt;</msg>
<status status="PASS" starttime="20220531 22:08:25.153" endtime="20220531 22:08:25.791"/>
</kw>
<kw name="Set Variable" library="BuiltIn">
<var>${result}</var>
<arg>${EMPTY}</arg>
<doc>Returns the given values which can then be assigned to a variables.</doc>
<msg timestamp="20220531 22:08:25.794" level="INFO">${result} = </msg>
<status status="PASS" starttime="20220531 22:08:25.792" endtime="20220531 22:08:25.794"/>
</kw>
<if>
<branch type="IF" condition="&quot;200&quot; in &quot;${response}&quot;">
<kw name="Set Variable" library="BuiltIn">
<var>${result}</var>
<arg>Bearer ${response.json()}[token]</arg>
<doc>Returns the given values which can then be assigned to a variables.</doc>
<msg timestamp="20220531 22:08:25.797" level="INFO">${result} = Bearer eyJhbGciOiJIUzI1NiIsInR5cCI6IkpXVCJ9.eyJpZCI6Mzk3LCJpYXQiOjE2NTQwNDYwNDksImV4cCI6MTY1NDkxMDA0OX0.CkMGl8PPTRXNzd_ZfyNR8sWG3S8QUl_phr8dcn3Vdis</msg>
<status status="PASS" starttime="20220531 22:08:25.795" endtime="20220531 22:08:25.797"/>
</kw>
<status status="PASS" starttime="20220531 22:08:25.795" endtime="20220531 22:08:25.797"/>
</branch>
<status status="PASS" starttime="20220531 22:08:25.795" endtime="20220531 22:08:25.797"/>
</if>
<msg timestamp="20220531 22:08:25.798" level="INFO">${token} = Bearer eyJhbGciOiJIUzI1NiIsInR5cCI6IkpXVCJ9.eyJpZCI6Mzk3LCJpYXQiOjE2NTQwNDYwNDksImV4cCI6MTY1NDkxMDA0OX0.CkMGl8PPTRXNzd_ZfyNR8sWG3S8QUl_phr8dcn3Vdis</msg>
<status status="PASS" starttime="20220531 22:08:25.151" endtime="20220531 22:08:25.798"/>
</kw>
<kw name="POST Geek" library="GeeksRoute">
<arg>${token}</arg>
<arg>${geek}[geek_profile]</arg>
<kw name="Create Dictionary" library="BuiltIn">
<var>${headers}</var>
<arg>Authorization=${token}</arg>
<doc>Creates and returns a dictionary based on the given ``items``.</doc>
<msg timestamp="20220531 22:08:25.800" level="INFO">${headers} = {'Authorization': 'Bearer eyJhbGciOiJIUzI1NiIsInR5cCI6IkpXVCJ9.eyJpZCI6Mzk3LCJpYXQiOjE2NTQwNDYwNDksImV4cCI6MTY1NDkxMDA0OX0.CkMGl8PPTRXNzd_ZfyNR8sWG3S8QUl_phr8dcn3Vdis'}</msg>
<status status="PASS" starttime="20220531 22:08:25.799" endtime="20220531 22:08:25.800"/>
</kw>
<kw name="POST" library="RequestsLibrary">
<var>${response}</var>
<arg>${API_GEEKS}/geeks</arg>
<arg>json=${payload}</arg>
<arg>headers=${headers}</arg>
<arg>expected_status=any</arg>
<doc>Sends a POST request.</doc>
<msg timestamp="20220531 22:08:26.468" level="INFO">POST Request : url=https://getgeeks-geeks-jonga.herokuapp.com/geeks 
 path_url=/geeks 
 headers={'User-Agent': 'python-requests/2.26.0', 'Accept-Encoding': 'gzip, deflate', 'Accept': '*/*', 'Connection': 'keep-alive', 'Authorization': 'Bearer eyJhbGciOiJIUzI1NiIsInR5cCI6IkpXVCJ9.eyJpZCI6Mzk3LCJpYXQiOjE2NTQwNDYwNDksImV4cCI6MTY1NDkxMDA0OX0.CkMGl8PPTRXNzd_ZfyNR8sWG3S8QUl_phr8dcn3Vdis', 'Content-Length': '356', 'Content-Type': 'application/json'} 
 body=b'{"whatsapp": "21999999999", "desc": "Instalo Distros Ubuntu, Debian, ElementaryOS, PopOS, Linux Mint, Kurumin, Mandrake, Connectiva, Fedora, RedHat, CentOS, Slackware, Gentoo, Archlinux, Kubuntu, Xubuntu, Suze, Mandriva, Edubuntu, KateOS, Sabayon Linux, Manjaro Linux, BigLinux, ZorinOS, Unit", "printer_repair": "N\\u00e3o", "work": "Ambos", "cost": "110"}' 
 </msg>
<msg timestamp="20220531 22:08:26.469" level="INFO">POST Response : url=https://getgeeks-geeks-jonga.herokuapp.com/geeks 
 status=201, reason=Created 
 headers={'Server': 'Cowboy', 'Connection': 'keep-alive', 'X-Powered-By': 'Express', 'Access-Control-Allow-Origin': '*', 'Date': 'Wed, 01 Jun 2022 01:14:10 GMT', 'Content-Length': '0', 'Via': '1.1 vegur'} 
 body=None 
 </msg>
<msg timestamp="20220531 22:08:26.469" level="INFO">${response} = &lt;Response [201]&gt;</msg>
<status status="PASS" starttime="20220531 22:08:25.801" endtime="20220531 22:08:26.469"/>
</kw>
<status status="PASS" starttime="20220531 22:08:25.798" endtime="20220531 22:08:26.470"/>
</kw>
<status status="PASS" starttime="20220531 22:08:24.529" endtime="20220531 22:08:26.470"/>
</iter>
<iter>
<var name="${geek}">{'name': 'Reed Richards', 'email': 'reed@fantastic4.com', 'password': 'pwd123', 'geek_profile': {'whatsapp': '31999999999', 'desc': 'Instalado e faço manutenção em qualquer tipo de impressora, matrici...</var>
<kw name="POST User" library="UsersRoute">
<arg>${geek}</arg>
<kw name="POST" library="RequestsLibrary">
<var>${response}</var>
<arg>${API_USERS}/users</arg>
<arg>json=${payload}</arg>
<arg>expected_status=any</arg>
<doc>Sends a POST request.</doc>
<msg timestamp="20220531 22:08:27.101" level="INFO">POST Request : url=https://getgeeks-users-jonga.herokuapp.com/users 
 path_url=/users 
 headers={'User-Agent': 'python-requests/2.26.0', 'Accept-Encoding': 'gzip, deflate', 'Accept': '*/*', 'Connection': 'keep-alive', 'Content-Length': '415', 'Content-Type': 'application/json'} 
 body=b'{"name": "Reed Richards", "email": "reed@fantastic4.com", "password": "pwd123", "geek_profile": {"whatsapp": "31999999999", "desc": "Instalado e fa\\u00e7o manuten\\u00e7\\u00e3o em qualquer tipo de impressora, matricial padr\\u00e3o, matricial fiscal, a jato, a cera, a laser e at\\u00e9 3D. Tamb\\u00e9m fa\\u00e7o remold de fitas coloridas para Epson LX300. ", "printer_repair": "Sim", "work": "Remoto", "cost": "120"}}' 
 </msg>
<msg timestamp="20220531 22:08:27.103" level="INFO">POST Response : url=https://getgeeks-users-jonga.herokuapp.com/users 
 status=400, reason=Bad Request 
 headers={'Server': 'Cowboy', 'Connection': 'keep-alive', 'X-Powered-By': 'Express', 'Access-Control-Allow-Origin': '*', 'Content-Type': 'application/json; charset=utf-8', 'Content-Length': '31', 'Etag': 'W/"1f-lFUySNKwX3L5eGEwGcNcUoVKWhE"', 'Date': 'Wed, 01 Jun 2022 01:14:11 GMT', 'Via': '1.1 vegur'} 
 body={"error":"User already exists"} 
 </msg>
<msg timestamp="20220531 22:08:27.103" level="INFO">${response} = &lt;Response [400]&gt;</msg>
<status status="PASS" starttime="20220531 22:08:26.474" endtime="20220531 22:08:27.103"/>
</kw>
<status status="PASS" starttime="20220531 22:08:26.471" endtime="20220531 22:08:27.103"/>
</kw>
<kw name="Get Token" library="Helpers">
<var>${token}</var>
<arg>${geek}</arg>
<kw name="Create Dictionary" library="BuiltIn">
<var>${payload}</var>
<arg>email=${user}[email]</arg>
<arg>password=${user}[password]</arg>
<doc>Creates and returns a dictionary based on the given ``items``.</doc>
<msg timestamp="20220531 22:08:27.107" level="INFO">${payload} = {'email': 'reed@fantastic4.com', 'password': 'pwd123'}</msg>
<status status="PASS" starttime="20220531 22:08:27.106" endtime="20220531 22:08:27.107"/>
</kw>
<kw name="POST Session" library="SessionsRoute">
<var>${response}</var>
<arg>${payload}</arg>
<kw name="POST" library="RequestsLibrary">
<var>${response}</var>
<arg>${API_USERS}/sessions</arg>
<arg>json=${payload}</arg>
<arg>expected_status=any</arg>
<doc>Sends a POST request.</doc>
<msg timestamp="20220531 22:08:27.728" level="INFO">POST Request : url=https://getgeeks-users-jonga.herokuapp.com/sessions 
 path_url=/sessions 
 headers={'User-Agent': 'python-requests/2.26.0', 'Accept-Encoding': 'gzip, deflate', 'Accept': '*/*', 'Connection': 'keep-alive', 'Content-Length': '54', 'Content-Type': 'application/json'} 
 body=b'{"email": "reed@fantastic4.com", "password": "pwd123"}' 
 </msg>
<msg timestamp="20220531 22:08:27.728" level="INFO">POST Response : url=https://getgeeks-users-jonga.herokuapp.com/sessions 
 status=200, reason=OK 
 headers={'Server': 'Cowboy', 'Connection': 'keep-alive', 'X-Powered-By': 'Express', 'Access-Control-Allow-Origin': '*', 'Content-Type': 'application/json; charset=utf-8', 'Content-Length': '375', 'Etag': 'W/"177-OUwGXOQD2PY4heJ2VJshYyDUkww"', 'Date': 'Wed, 01 Jun 2022 01:14:11 GMT', 'Via': '1.1 vegur'} 
 body={"user":{"id":398,"email":"reed@fantastic4.com","password_hash":"$2b$08$dptFSbVLZxNrLtzZIMNgkuMwjT6D6FZOaM8T7.jpkaKV2m5bmgqmy","name":"Reed Richards","avatar":null,"whatsapp":"31999999999","is_geek":true},"token":"eyJhbGciOiJIUzI1NiIsInR5cCI6IkpXVCJ9.eyJpZCI6Mzk4LCJpYXQiOjE2NTQwNDYwNTEsImV4cCI6MTY1NDkxMDA1MX0.3we4L47PVZzsZxP9TZbe_-b64JGljzNLCTIc-IZy2MU","expires_in":"10d"} 
 </msg>
<msg timestamp="20220531 22:08:27.729" level="INFO">${response} = &lt;Response [200]&gt;</msg>
<status status="PASS" starttime="20220531 22:08:27.108" endtime="20220531 22:08:27.729"/>
</kw>
<msg timestamp="20220531 22:08:27.730" level="INFO">${response} = &lt;Response [200]&gt;</msg>
<status status="PASS" starttime="20220531 22:08:27.107" endtime="20220531 22:08:27.730"/>
</kw>
<kw name="Set Variable" library="BuiltIn">
<var>${result}</var>
<arg>${EMPTY}</arg>
<doc>Returns the given values which can then be assigned to a variables.</doc>
<msg timestamp="20220531 22:08:27.733" level="INFO">${result} = </msg>
<status status="PASS" starttime="20220531 22:08:27.731" endtime="20220531 22:08:27.733"/>
</kw>
<if>
<branch type="IF" condition="&quot;200&quot; in &quot;${response}&quot;">
<kw name="Set Variable" library="BuiltIn">
<var>${result}</var>
<arg>Bearer ${response.json()}[token]</arg>
<doc>Returns the given values which can then be assigned to a variables.</doc>
<msg timestamp="20220531 22:08:27.737" level="INFO">${result} = Bearer eyJhbGciOiJIUzI1NiIsInR5cCI6IkpXVCJ9.eyJpZCI6Mzk4LCJpYXQiOjE2NTQwNDYwNTEsImV4cCI6MTY1NDkxMDA1MX0.3we4L47PVZzsZxP9TZbe_-b64JGljzNLCTIc-IZy2MU</msg>
<status status="PASS" starttime="20220531 22:08:27.735" endtime="20220531 22:08:27.738"/>
</kw>
<status status="PASS" starttime="20220531 22:08:27.734" endtime="20220531 22:08:27.738"/>
</branch>
<status status="PASS" starttime="20220531 22:08:27.734" endtime="20220531 22:08:27.738"/>
</if>
<msg timestamp="20220531 22:08:27.739" level="INFO">${token} = Bearer eyJhbGciOiJIUzI1NiIsInR5cCI6IkpXVCJ9.eyJpZCI6Mzk4LCJpYXQiOjE2NTQwNDYwNTEsImV4cCI6MTY1NDkxMDA1MX0.3we4L47PVZzsZxP9TZbe_-b64JGljzNLCTIc-IZy2MU</msg>
<status status="PASS" starttime="20220531 22:08:27.104" endtime="20220531 22:08:27.739"/>
</kw>
<kw name="POST Geek" library="GeeksRoute">
<arg>${token}</arg>
<arg>${geek}[geek_profile]</arg>
<kw name="Create Dictionary" library="BuiltIn">
<var>${headers}</var>
<arg>Authorization=${token}</arg>
<doc>Creates and returns a dictionary based on the given ``items``.</doc>
<msg timestamp="20220531 22:08:27.741" level="INFO">${headers} = {'Authorization': 'Bearer eyJhbGciOiJIUzI1NiIsInR5cCI6IkpXVCJ9.eyJpZCI6Mzk4LCJpYXQiOjE2NTQwNDYwNTEsImV4cCI6MTY1NDkxMDA1MX0.3we4L47PVZzsZxP9TZbe_-b64JGljzNLCTIc-IZy2MU'}</msg>
<status status="PASS" starttime="20220531 22:08:27.740" endtime="20220531 22:08:27.741"/>
</kw>
<kw name="POST" library="RequestsLibrary">
<var>${response}</var>
<arg>${API_GEEKS}/geeks</arg>
<arg>json=${payload}</arg>
<arg>headers=${headers}</arg>
<arg>expected_status=any</arg>
<doc>Sends a POST request.</doc>
<msg timestamp="20220531 22:08:28.408" level="INFO">POST Request : url=https://getgeeks-geeks-jonga.herokuapp.com/geeks 
 path_url=/geeks 
 headers={'User-Agent': 'python-requests/2.26.0', 'Accept-Encoding': 'gzip, deflate', 'Accept': '*/*', 'Connection': 'keep-alive', 'Authorization': 'Bearer eyJhbGciOiJIUzI1NiIsInR5cCI6IkpXVCJ9.eyJpZCI6Mzk4LCJpYXQiOjE2NTQwNDYwNTEsImV4cCI6MTY1NDkxMDA1MX0.3we4L47PVZzsZxP9TZbe_-b64JGljzNLCTIc-IZy2MU', 'Content-Length': '318', 'Content-Type': 'application/json'} 
 body=b'{"whatsapp": "31999999999", "desc": "Instalado e fa\\u00e7o manuten\\u00e7\\u00e3o em qualquer tipo de impressora, matricial padr\\u00e3o, matricial fiscal, a jato, a cera, a laser e at\\u00e9 3D. Tamb\\u00e9m fa\\u00e7o remold de fitas coloridas para Epson LX300. ", "printer_repair": "Sim", "work": "Remoto", "cost": "120"}' 
 </msg>
<msg timestamp="20220531 22:08:28.411" level="INFO">POST Response : url=https://getgeeks-geeks-jonga.herokuapp.com/geeks 
 status=201, reason=Created 
 headers={'Server': 'Cowboy', 'Connection': 'keep-alive', 'X-Powered-By': 'Express', 'Access-Control-Allow-Origin': '*', 'Date': 'Wed, 01 Jun 2022 01:14:12 GMT', 'Content-Length': '0', 'Via': '1.1 vegur'} 
 body=None 
 </msg>
<msg timestamp="20220531 22:08:28.411" level="INFO">${response} = &lt;Response [201]&gt;</msg>
<status status="PASS" starttime="20220531 22:08:27.742" endtime="20220531 22:08:28.411"/>
</kw>
<status status="PASS" starttime="20220531 22:08:27.739" endtime="20220531 22:08:28.412"/>
</kw>
<status status="PASS" starttime="20220531 22:08:26.471" endtime="20220531 22:08:28.412"/>
</iter>
<status status="PASS" starttime="20220531 22:08:22.529" endtime="20220531 22:08:28.412"/>
</for>
<kw name="POST User" library="UsersRoute">
<arg>${data}[user]</arg>
<kw name="POST" library="RequestsLibrary">
<var>${response}</var>
<arg>${API_USERS}/users</arg>
<arg>json=${payload}</arg>
<arg>expected_status=any</arg>
<doc>Sends a POST request.</doc>
<msg timestamp="20220531 22:08:29.098" level="INFO">POST Request : url=https://getgeeks-users-jonga.herokuapp.com/users 
 path_url=/users 
 headers={'User-Agent': 'python-requests/2.26.0', 'Accept-Encoding': 'gzip, deflate', 'Accept': '*/*', 'Connection': 'keep-alive', 'Content-Length': '74', 'Content-Type': 'application/json'} 
 body=b'{"name": "Peter Quill", "email": "quill@marvel.com", "password": "pwd123"}' 
 </msg>
<msg timestamp="20220531 22:08:29.098" level="INFO">POST Response : url=https://getgeeks-users-jonga.herokuapp.com/users 
 status=400, reason=Bad Request 
 headers={'Server': 'Cowboy', 'Connection': 'keep-alive', 'X-Powered-By': 'Express', 'Access-Control-Allow-Origin': '*', 'Content-Type': 'application/json; charset=utf-8', 'Content-Length': '31', 'Etag': 'W/"1f-lFUySNKwX3L5eGEwGcNcUoVKWhE"', 'Date': 'Wed, 01 Jun 2022 01:14:13 GMT', 'Via': '1.1 vegur'} 
 body={"error":"User already exists"} 
 </msg>
<msg timestamp="20220531 22:08:29.099" level="INFO">${response} = &lt;Response [400]&gt;</msg>
<status status="PASS" starttime="20220531 22:08:28.416" endtime="20220531 22:08:29.099"/>
</kw>
<status status="PASS" starttime="20220531 22:08:28.415" endtime="20220531 22:08:29.100"/>
</kw>
<kw name="Get Token" library="Helpers">
<var>${token}</var>
<arg>${data}[user]</arg>
<kw name="Create Dictionary" library="BuiltIn">
<var>${payload}</var>
<arg>email=${user}[email]</arg>
<arg>password=${user}[password]</arg>
<doc>Creates and returns a dictionary based on the given ``items``.</doc>
<msg timestamp="20220531 22:08:29.106" level="INFO">${payload} = {'email': 'quill@marvel.com', 'password': 'pwd123'}</msg>
<status status="PASS" starttime="20220531 22:08:29.104" endtime="20220531 22:08:29.107"/>
</kw>
<kw name="POST Session" library="SessionsRoute">
<var>${response}</var>
<arg>${payload}</arg>
<kw name="POST" library="RequestsLibrary">
<var>${response}</var>
<arg>${API_USERS}/sessions</arg>
<arg>json=${payload}</arg>
<arg>expected_status=any</arg>
<doc>Sends a POST request.</doc>
<msg timestamp="20220531 22:08:29.768" level="INFO">POST Request : url=https://getgeeks-users-jonga.herokuapp.com/sessions 
 path_url=/sessions 
 headers={'User-Agent': 'python-requests/2.26.0', 'Accept-Encoding': 'gzip, deflate', 'Accept': '*/*', 'Connection': 'keep-alive', 'Content-Length': '51', 'Content-Type': 'application/json'} 
 body=b'{"email": "quill@marvel.com", "password": "pwd123"}' 
 </msg>
<msg timestamp="20220531 22:08:29.768" level="INFO">POST Response : url=https://getgeeks-users-jonga.herokuapp.com/sessions 
 status=200, reason=OK 
 headers={'Server': 'Cowboy', 'Connection': 'keep-alive', 'X-Powered-By': 'Express', 'Access-Control-Allow-Origin': '*', 'Content-Type': 'application/json; charset=utf-8', 'Content-Length': '362', 'Etag': 'W/"16a-vaq11pAiFnmdAUMGqxDTOObXmis"', 'Date': 'Wed, 01 Jun 2022 01:14:13 GMT', 'Via': '1.1 vegur'} 
 body={"user":{"id":399,"email":"quill@marvel.com","password_hash":"$2b$08$uGyPfTiv3UnpH/dF.V.LKOzGnwxYgQoq9bl0aFtOM1knn96Um.kEG","name":"Peter Quill","avatar":null,"whatsapp":null,"is_geek":false},"token":"eyJhbGciOiJIUzI1NiIsInR5cCI6IkpXVCJ9.eyJpZCI6Mzk5LCJpYXQiOjE2NTQwNDYwNTMsImV4cCI6MTY1NDkxMDA1M30.3QVMNOk3AvvMF1MQmNaxcXNHtvMmO1jO2_IxlQZn-NI","expires_in":"10d"} 
 </msg>
<msg timestamp="20220531 22:08:29.769" level="INFO">${response} = &lt;Response [200]&gt;</msg>
<status status="PASS" starttime="20220531 22:08:29.108" endtime="20220531 22:08:29.769"/>
</kw>
<msg timestamp="20220531 22:08:29.770" level="INFO">${response} = &lt;Response [200]&gt;</msg>
<status status="PASS" starttime="20220531 22:08:29.107" endtime="20220531 22:08:29.770"/>
</kw>
<kw name="Set Variable" library="BuiltIn">
<var>${result}</var>
<arg>${EMPTY}</arg>
<doc>Returns the given values which can then be assigned to a variables.</doc>
<msg timestamp="20220531 22:08:29.774" level="INFO">${result} = </msg>
<status status="PASS" starttime="20220531 22:08:29.771" endtime="20220531 22:08:29.774"/>
</kw>
<if>
<branch type="IF" condition="&quot;200&quot; in &quot;${response}&quot;">
<kw name="Set Variable" library="BuiltIn">
<var>${result}</var>
<arg>Bearer ${response.json()}[token]</arg>
<doc>Returns the given values which can then be assigned to a variables.</doc>
<msg timestamp="20220531 22:08:29.774" level="INFO">${result} = Bearer eyJhbGciOiJIUzI1NiIsInR5cCI6IkpXVCJ9.eyJpZCI6Mzk5LCJpYXQiOjE2NTQwNDYwNTMsImV4cCI6MTY1NDkxMDA1M30.3QVMNOk3AvvMF1MQmNaxcXNHtvMmO1jO2_IxlQZn-NI</msg>
<status status="PASS" starttime="20220531 22:08:29.774" endtime="20220531 22:08:29.774"/>
</kw>
<status status="PASS" starttime="20220531 22:08:29.774" endtime="20220531 22:08:29.774"/>
</branch>
<status status="PASS" starttime="20220531 22:08:29.774" endtime="20220531 22:08:29.774"/>
</if>
<msg timestamp="20220531 22:08:29.774" level="INFO">${token} = Bearer eyJhbGciOiJIUzI1NiIsInR5cCI6IkpXVCJ9.eyJpZCI6Mzk5LCJpYXQiOjE2NTQwNDYwNTMsImV4cCI6MTY1NDkxMDA1M30.3QVMNOk3AvvMF1MQmNaxcXNHtvMmO1jO2_IxlQZn-NI</msg>
<status status="PASS" starttime="20220531 22:08:29.102" endtime="20220531 22:08:29.774"/>
</kw>
<kw name="GET Geeks" library="GeeksRoute">
<var>${response}</var>
<arg>${token}</arg>
<kw name="Create Dictionary" library="BuiltIn">
<var>${headers}</var>
<arg>Authorization=${token}</arg>
<doc>Creates and returns a dictionary based on the given ``items``.</doc>
<msg timestamp="20220531 22:08:29.783" level="INFO">${headers} = {'Authorization': 'Bearer eyJhbGciOiJIUzI1NiIsInR5cCI6IkpXVCJ9.eyJpZCI6Mzk5LCJpYXQiOjE2NTQwNDYwNTMsImV4cCI6MTY1NDkxMDA1M30.3QVMNOk3AvvMF1MQmNaxcXNHtvMmO1jO2_IxlQZn-NI'}</msg>
<status status="PASS" starttime="20220531 22:08:29.783" endtime="20220531 22:08:29.783"/>
</kw>
<kw name="GET" library="RequestsLibrary">
<var>${response}</var>
<arg>${API_GEEKS}/geeks</arg>
<arg>headers=${headers}</arg>
<arg>expected_status=any</arg>
<doc>Sends a GET request.</doc>
<msg timestamp="20220531 22:08:30.424" level="INFO">GET Request : url=https://getgeeks-geeks-jonga.herokuapp.com/geeks 
 path_url=/geeks 
 headers={'User-Agent': 'python-requests/2.26.0', 'Accept-Encoding': 'gzip, deflate', 'Accept': '*/*', 'Connection': 'keep-alive', 'Authorization': 'Bearer eyJhbGciOiJIUzI1NiIsInR5cCI6IkpXVCJ9.eyJpZCI6Mzk5LCJpYXQiOjE2NTQwNDYwNTMsImV4cCI6MTY1NDkxMDA1M30.3QVMNOk3AvvMF1MQmNaxcXNHtvMmO1jO2_IxlQZn-NI'} 
 body=None 
 </msg>
<msg timestamp="20220531 22:08:30.425" level="INFO">GET Response : url=https://getgeeks-geeks-jonga.herokuapp.com/geeks 
 status=200, reason=OK 
 headers={'Server': 'Cowboy', 'Connection': 'keep-alive', 'X-Powered-By': 'Express', 'Access-Control-Allow-Origin': '*', 'Content-Type': 'application/json; charset=utf-8', 'Content-Length': '2088', 'Etag': 'W/"828-Z337Prh9Bnn336FJzSdeDcdP2SQ"', 'Date': 'Wed, 01 Jun 2022 01:14:14 GMT', 'Via': '1.1 vegur'} 
 body={"Geeks":[{"id":408,"desc":"Seu computador está lento? Reiniciando do nada? Talvez seja um vírus, ou algum hardware com defeito. Posso fazer a manutenção no seu PC, formando, reinstalando o SO, trocando algum componente físico e porque não remover o baidu ou qualquer outro malware.","printer_repair":"Sim","work":"Presencial","cost":"150.99","user_id":408,"email":"gabriel@bol.com","password_hash":"$2b$08$XHCkqUP8bACqaGKKjkrbGuy0P73fp6LfoT2y97EEswGMn/N91EucS","name":"Gabriel Pedro","avatar":null,"whatsapp":"11999999999","is_geek":true},{"id":396,"desc":"Seu computador está lento? Reiniciando do nada? Talvez seja um vírus, ou algum hardware com defeito. Posso fazer a manutenção no seu PC, formando, reinstalando o SO, trocando algum componente físico e porque não remover o baidu ou qualquer outro malware.","printer_repair":"Não","work":"Presencial","cost":"100.00","user_id":396,"email":"riri@marvel.com","password_hash":"$2b$08$f1pA5TvamaartZPcqDary.pikHIordRTJpiJyvKz1eJ4j7huS9nUm","name":"Riri Willians","avatar":null,"whatsapp":"11999999999","is_geek":true},{"id":397,"desc":"Instalo Distros Ubuntu, Debian, ElementaryOS, PopOS, Linux Mint, Kurumin, Mandrake, Connectiva, Fedora, RedHat, CentOS, Slackware, Gentoo, Archlinux, Kubuntu, Xubuntu, Suze, Mandriva, Edubuntu, KateOS, Sabayon Linux, Manjaro Linux, BigLinux, ZorinOS, Unit","printer_repair":"Não","work":"Ambos","cost":"110.00","user_id":397,"email":"zola@hidra.com","password_hash":"$2b$08$ANa9lS2/jO2.OEs.Gel5qOE.KWAvHmULwCgzqtMM5SlSDCFn7ExK.","name":"Arnim Zola","avatar":null,"whatsapp":"21999999999","is_geek":true},{"id":398,"desc":"Instalado e faço manutenção em qualquer tipo de impressora, matricial padrão, matricial fiscal, a jato, a cera, a laser e até 3D. Também faço remold de fitas coloridas para Epson LX300. ","printer_repair":"Sim","work":"Remoto","cost":"120.00","user_id":398,"email":"reed@fantastic4.com","password_hash":"$2b$08$dptFSbVLZxNrLtzZIMNgkuMwjT6D6FZOaM8T7.jpkaKV2m5bmgqmy","name":"Reed Richards","avatar":null,"whatsapp":"31999999999","is_geek":true}],"Count":"4"} 
 </msg>
<msg timestamp="20220531 22:08:30.426" level="INFO">${response} = &lt;Response [200]&gt;</msg>
<status status="PASS" starttime="20220531 22:08:29.783" endtime="20220531 22:08:30.426"/>
</kw>
<msg timestamp="20220531 22:08:30.427" level="INFO">${response} = &lt;Response [200]&gt;</msg>
<status status="PASS" starttime="20220531 22:08:29.782" endtime="20220531 22:08:30.427"/>
</kw>
<kw name="Status Should Be" library="RequestsLibrary">
<arg>200</arg>
<arg>${response}</arg>
<doc>Fails if response status code is different than the expected.</doc>
<status status="PASS" starttime="20220531 22:08:30.428" endtime="20220531 22:08:30.429"/>
</kw>
<kw name="Log" library="BuiltIn">
<arg>${response.json()}[Geeks]</arg>
<doc>Logs the given message with the given level.</doc>
<msg timestamp="20220531 22:08:30.432" level="INFO">[{'id': 408, 'desc': 'Seu computador está lento? Reiniciando do nada? Talvez seja um vírus, ou algum hardware com defeito. Posso fazer a manutenção no seu PC, formando, reinstalando o SO, trocando algum componente físico e porque não remover o baidu ou qualquer outro malware.', 'printer_repair': 'Sim', 'work': 'Presencial', 'cost': '150.99', 'user_id': 408, 'email': 'gabriel@bol.com', 'password_hash': '$2b$08$XHCkqUP8bACqaGKKjkrbGuy0P73fp6LfoT2y97EEswGMn/N91EucS', 'name': 'Gabriel Pedro', 'avatar': None, 'whatsapp': '11999999999', 'is_geek': True}, {'id': 396, 'desc': 'Seu computador está lento? Reiniciando do nada? Talvez seja um vírus, ou algum hardware com defeito. Posso fazer a manutenção no seu PC, formando, reinstalando o SO, trocando algum componente físico e porque não remover o baidu ou qualquer outro malware.', 'printer_repair': 'Não', 'work': 'Presencial', 'cost': '100.00', 'user_id': 396, 'email': 'riri@marvel.com', 'password_hash': '$2b$08$f1pA5TvamaartZPcqDary.pikHIordRTJpiJyvKz1eJ4j7huS9nUm', 'name': 'Riri Willians', 'avatar': None, 'whatsapp': '11999999999', 'is_geek': True}, {'id': 397, 'desc': 'Instalo Distros Ubuntu, Debian, ElementaryOS, PopOS, Linux Mint, Kurumin, Mandrake, Connectiva, Fedora, RedHat, CentOS, Slackware, Gentoo, Archlinux, Kubuntu, Xubuntu, Suze, Mandriva, Edubuntu, KateOS, Sabayon Linux, Manjaro Linux, BigLinux, ZorinOS, Unit', 'printer_repair': 'Não', 'work': 'Ambos', 'cost': '110.00', 'user_id': 397, 'email': 'zola@hidra.com', 'password_hash': '$2b$08$ANa9lS2/jO2.OEs.Gel5qOE.KWAvHmULwCgzqtMM5SlSDCFn7ExK.', 'name': 'Arnim Zola', 'avatar': None, 'whatsapp': '21999999999', 'is_geek': True}, {'id': 398, 'desc': 'Instalado e faço manutenção em qualquer tipo de impressora, matricial padrão, matricial fiscal, a jato, a cera, a laser e até 3D. Também faço remold de fitas coloridas para Epson LX300. ', 'printer_repair': 'Sim', 'work': 'Remoto', 'cost': '120.00', 'user_id': 398, 'email': 'reed@fantastic4.com', 'password_hash': '$2b$08$dptFSbVLZxNrLtzZIMNgkuMwjT6D6FZOaM8T7.jpkaKV2m5bmgqmy', 'name': 'Reed Richards', 'avatar': None, 'whatsapp': '31999999999', 'is_geek': True}]</msg>
<status status="PASS" starttime="20220531 22:08:30.430" endtime="20220531 22:08:30.433"/>
</kw>
<kw name="Get Length" library="BuiltIn">
<var>${total}</var>
<arg>${response.json()}[Geeks]</arg>
<doc>Returns and logs the length of the given item as an integer.</doc>
<msg timestamp="20220531 22:08:30.435" level="INFO">Length is 4</msg>
<msg timestamp="20220531 22:08:30.435" level="INFO">${total} = 4</msg>
<status status="PASS" starttime="20220531 22:08:30.434" endtime="20220531 22:08:30.436"/>
</kw>
<kw name="Log" library="BuiltIn">
<arg>${total}</arg>
<doc>Logs the given message with the given level.</doc>
<msg timestamp="20220531 22:08:30.436" level="INFO">4</msg>
<status status="PASS" starttime="20220531 22:08:30.436" endtime="20220531 22:08:30.437"/>
</kw>
<kw name="Should Be True" library="BuiltIn">
<arg>${total} &gt; 0</arg>
<doc>Fails if the given condition is not true.</doc>
<status status="PASS" starttime="20220531 22:08:30.438" endtime="20220531 22:08:30.438"/>
</kw>
<tag>temp</tag>
<status status="PASS" starttime="20220531 22:08:22.526" endtime="20220531 22:08:30.439"/>
</test>
<doc>Geek route test suite</doc>
<status status="PASS" starttime="20220531 22:08:18.380" endtime="20220531 22:08:30.441"/>
</suite>
<suite id="s1-s2" name="Sessions" source="C:\GravidadeZERO\getgeeks\project\backend\tests\Sessions.robot">
<test id="s1-s2-t1" name="User session">
<kw name="Factory User Session" library="Users">
<var>${payload}</var>
<arg>signup</arg>
<msg timestamp="20220531 22:08:30.460" level="INFO">${payload} = {'name': 'Kate Bishop', 'email': 'kate@hotmail.com', 'password': 'pwd123'}</msg>
<status status="PASS" starttime="20220531 22:08:30.460" endtime="20220531 22:08:30.460"/>
</kw>
<kw name="POST User" library="UsersRoute">
<arg>${payload}</arg>
<kw name="POST" library="RequestsLibrary">
<var>${response}</var>
<arg>${API_USERS}/users</arg>
<arg>json=${payload}</arg>
<arg>expected_status=any</arg>
<doc>Sends a POST request.</doc>
<msg timestamp="20220531 22:08:31.129" level="INFO">POST Request : url=https://getgeeks-users-jonga.herokuapp.com/users 
 path_url=/users 
 headers={'User-Agent': 'python-requests/2.26.0', 'Accept-Encoding': 'gzip, deflate', 'Accept': '*/*', 'Connection': 'keep-alive', 'Content-Length': '74', 'Content-Type': 'application/json'} 
 body=b'{"name": "Kate Bishop", "email": "kate@hotmail.com", "password": "pwd123"}' 
 </msg>
<msg timestamp="20220531 22:08:31.130" level="INFO">POST Response : url=https://getgeeks-users-jonga.herokuapp.com/users 
 status=400, reason=Bad Request 
 headers={'Server': 'Cowboy', 'Connection': 'keep-alive', 'X-Powered-By': 'Express', 'Access-Control-Allow-Origin': '*', 'Content-Type': 'application/json; charset=utf-8', 'Content-Length': '31', 'Etag': 'W/"1f-lFUySNKwX3L5eGEwGcNcUoVKWhE"', 'Date': 'Wed, 01 Jun 2022 01:14:15 GMT', 'Via': '1.1 vegur'} 
 body={"error":"User already exists"} 
 </msg>
<msg timestamp="20220531 22:08:31.130" level="INFO">${response} = &lt;Response [400]&gt;</msg>
<status status="PASS" starttime="20220531 22:08:30.461" endtime="20220531 22:08:31.130"/>
</kw>
<status status="PASS" starttime="20220531 22:08:30.461" endtime="20220531 22:08:31.131"/>
</kw>
<kw name="Factory User Session" library="Users">
<var>${payload}</var>
<arg>login</arg>
<msg timestamp="20220531 22:08:31.134" level="INFO">${payload} = {'email': 'kate@hotmail.com', 'password': 'pwd123'}</msg>
<status status="PASS" starttime="20220531 22:08:31.133" endtime="20220531 22:08:31.134"/>
</kw>
<kw name="POST Session" library="SessionsRoute">
<var>${response}</var>
<arg>${payload}</arg>
<kw name="POST" library="RequestsLibrary">
<var>${response}</var>
<arg>${API_USERS}/sessions</arg>
<arg>json=${payload}</arg>
<arg>expected_status=any</arg>
<doc>Sends a POST request.</doc>
<msg timestamp="20220531 22:08:31.816" level="INFO">POST Request : url=https://getgeeks-users-jonga.herokuapp.com/sessions 
 path_url=/sessions 
 headers={'User-Agent': 'python-requests/2.26.0', 'Accept-Encoding': 'gzip, deflate', 'Accept': '*/*', 'Connection': 'keep-alive', 'Content-Length': '51', 'Content-Type': 'application/json'} 
 body=b'{"email": "kate@hotmail.com", "password": "pwd123"}' 
 </msg>
<msg timestamp="20220531 22:08:31.820" level="INFO">POST Response : url=https://getgeeks-users-jonga.herokuapp.com/sessions 
 status=200, reason=OK 
 headers={'Server': 'Cowboy', 'Connection': 'keep-alive', 'X-Powered-By': 'Express', 'Access-Control-Allow-Origin': '*', 'Content-Type': 'application/json; charset=utf-8', 'Content-Length': '362', 'Etag': 'W/"16a-YbHgwMb2eanoltbSaoQ5qCE2znU"', 'Date': 'Wed, 01 Jun 2022 01:14:15 GMT', 'Via': '1.1 vegur'} 
 body={"user":{"id":400,"email":"kate@hotmail.com","password_hash":"$2b$08$26kPdd/Veeq0niz/bE14IORa/uFmrD9kpjEHEXMJxPPzUrJGFp3LK","name":"Kate Bishop","avatar":null,"whatsapp":null,"is_geek":false},"token":"eyJhbGciOiJIUzI1NiIsInR5cCI6IkpXVCJ9.eyJpZCI6NDAwLCJpYXQiOjE2NTQwNDYwNTUsImV4cCI6MTY1NDkxMDA1NX0.etGkiBK34GyryVCv5cuNzrIcdSgUARXAi1D9STmT3Tk","expires_in":"10d"} 
 </msg>
<msg timestamp="20220531 22:08:31.820" level="INFO">${response} = &lt;Response [200]&gt;</msg>
<status status="PASS" starttime="20220531 22:08:31.135" endtime="20220531 22:08:31.820"/>
</kw>
<msg timestamp="20220531 22:08:31.822" level="INFO">${response} = &lt;Response [200]&gt;</msg>
<status status="PASS" starttime="20220531 22:08:31.135" endtime="20220531 22:08:31.822"/>
</kw>
<kw name="Status Should Be" library="RequestsLibrary">
<arg>200</arg>
<arg>${response}</arg>
<doc>Fails if response status code is different than the expected.</doc>
<status status="PASS" starttime="20220531 22:08:31.823" endtime="20220531 22:08:31.824"/>
</kw>
<kw name="Get Length" library="BuiltIn">
<var>${size}</var>
<arg>${response.json()}[token]</arg>
<doc>Returns and logs the length of the given item as an integer.</doc>
<msg timestamp="20220531 22:08:31.827" level="INFO">Length is 140</msg>
<msg timestamp="20220531 22:08:31.828" level="INFO">${size} = 140</msg>
<status status="PASS" starttime="20220531 22:08:31.825" endtime="20220531 22:08:31.828"/>
</kw>
<kw name="Should Be True" library="BuiltIn">
<arg>${size} &gt; 0</arg>
<doc>Fails if the given condition is not true.</doc>
<status status="PASS" starttime="20220531 22:08:31.829" endtime="20220531 22:08:31.830"/>
</kw>
<kw name="Should Be Equal" library="BuiltIn">
<arg>10d</arg>
<arg>${response.json()}[expires_in]</arg>
<doc>Fails if the given objects are unequal.</doc>
<status status="PASS" starttime="20220531 22:08:31.831" endtime="20220531 22:08:31.833"/>
</kw>
<status status="PASS" starttime="20220531 22:08:30.459" endtime="20220531 22:08:31.834"/>
</test>
<test id="s1-s2-t2" name="Should Not Get Token">
<kw name="Attempt POST Session">
<arg>${inv_pass}</arg>
<arg>401</arg>
<arg>Unauthorized</arg>
<kw name="POST Session" library="SessionsRoute">
<var>${response}</var>
<arg>${payload}</arg>
<kw name="POST" library="RequestsLibrary">
<var>${response}</var>
<arg>${API_USERS}/sessions</arg>
<arg>json=${payload}</arg>
<arg>expected_status=any</arg>
<doc>Sends a POST request.</doc>
<msg timestamp="20220531 22:08:32.498" level="INFO">POST Request : url=https://getgeeks-users-jonga.herokuapp.com/sessions 
 path_url=/sessions 
 headers={'User-Agent': 'python-requests/2.26.0', 'Accept-Encoding': 'gzip, deflate', 'Accept': '*/*', 'Connection': 'keep-alive', 'Content-Length': '51', 'Content-Type': 'application/json'} 
 body=b'{"email": "kate@hotmail.com", "password": "abc123"}' 
 </msg>
<msg timestamp="20220531 22:08:32.498" level="INFO">POST Response : url=https://getgeeks-users-jonga.herokuapp.com/sessions 
 status=401, reason=Unauthorized 
 headers={'Server': 'Cowboy', 'Connection': 'keep-alive', 'X-Powered-By': 'Express', 'Access-Control-Allow-Origin': '*', 'Content-Type': 'application/json; charset=utf-8', 'Content-Length': '24', 'Etag': 'W/"18-XPDV80vbMk4yY1/PADG4jYM4rSI"', 'Date': 'Wed, 01 Jun 2022 01:14:16 GMT', 'Via': '1.1 vegur'} 
 body={"error":"Unauthorized"} 
 </msg>
<msg timestamp="20220531 22:08:32.499" level="INFO">${response} = &lt;Response [401]&gt;</msg>
<status status="PASS" starttime="20220531 22:08:31.839" endtime="20220531 22:08:32.499"/>
</kw>
<msg timestamp="20220531 22:08:32.500" level="INFO">${response} = &lt;Response [401]&gt;</msg>
<status status="PASS" starttime="20220531 22:08:31.838" endtime="20220531 22:08:32.500"/>
</kw>
<kw name="Status Should Be" library="RequestsLibrary">
<arg>${status_code}</arg>
<arg>${response}</arg>
<doc>Fails if response status code is different than the expected.</doc>
<status status="PASS" starttime="20220531 22:08:32.501" endtime="20220531 22:08:32.502"/>
</kw>
<kw name="Should Be Equal" library="BuiltIn">
<arg>${error_message}</arg>
<arg>${response.json()}[error]</arg>
<doc>Fails if the given objects are unequal.</doc>
<status status="PASS" starttime="20220531 22:08:32.502" endtime="20220531 22:08:32.504"/>
</kw>
<status status="PASS" starttime="20220531 22:08:31.836" endtime="20220531 22:08:32.505"/>
</kw>
<kw name="Attempt POST Session">
<arg>${inv_email}</arg>
<arg>400</arg>
<arg>Incorrect email</arg>
<kw name="POST Session" library="SessionsRoute">
<var>${response}</var>
<arg>${payload}</arg>
<kw name="POST" library="RequestsLibrary">
<var>${response}</var>
<arg>${API_USERS}/sessions</arg>
<arg>json=${payload}</arg>
<arg>expected_status=any</arg>
<doc>Sends a POST request.</doc>
<msg timestamp="20220531 22:08:33.151" level="INFO">POST Request : url=https://getgeeks-users-jonga.herokuapp.com/sessions 
 path_url=/sessions 
 headers={'User-Agent': 'python-requests/2.26.0', 'Accept-Encoding': 'gzip, deflate', 'Accept': '*/*', 'Connection': 'keep-alive', 'Content-Length': '51', 'Content-Type': 'application/json'} 
 body=b'{"email": "kate.hotmail.com", "password": "abc123"}' 
 </msg>
<msg timestamp="20220531 22:08:33.151" level="INFO">POST Response : url=https://getgeeks-users-jonga.herokuapp.com/sessions 
 status=400, reason=Bad Request 
 headers={'Server': 'Cowboy', 'Connection': 'keep-alive', 'X-Powered-By': 'Express', 'Access-Control-Allow-Origin': '*', 'Content-Type': 'application/json; charset=utf-8', 'Content-Length': '27', 'Etag': 'W/"1b-/TOfJuE8lwSWEXvBl7o6iRstTo0"', 'Date': 'Wed, 01 Jun 2022 01:14:17 GMT', 'Via': '1.1 vegur'} 
 body={"error":"Incorrect email"} 
 </msg>
<msg timestamp="20220531 22:08:33.151" level="INFO">${response} = &lt;Response [400]&gt;</msg>
<status status="PASS" starttime="20220531 22:08:32.508" endtime="20220531 22:08:33.151"/>
</kw>
<msg timestamp="20220531 22:08:33.153" level="INFO">${response} = &lt;Response [400]&gt;</msg>
<status status="PASS" starttime="20220531 22:08:32.507" endtime="20220531 22:08:33.154"/>
</kw>
<kw name="Status Should Be" library="RequestsLibrary">
<arg>${status_code}</arg>
<arg>${response}</arg>
<doc>Fails if response status code is different than the expected.</doc>
<status status="PASS" starttime="20220531 22:08:33.154" endtime="20220531 22:08:33.156"/>
</kw>
<kw name="Should Be Equal" library="BuiltIn">
<arg>${error_message}</arg>
<arg>${response.json()}[error]</arg>
<doc>Fails if the given objects are unequal.</doc>
<status status="PASS" starttime="20220531 22:08:33.157" endtime="20220531 22:08:33.160"/>
</kw>
<status status="PASS" starttime="20220531 22:08:32.506" endtime="20220531 22:08:33.161"/>
</kw>
<kw name="Attempt POST Session">
<arg>${email_404}</arg>
<arg>401</arg>
<arg>Unauthorized</arg>
<kw name="POST Session" library="SessionsRoute">
<var>${response}</var>
<arg>${payload}</arg>
<kw name="POST" library="RequestsLibrary">
<var>${response}</var>
<arg>${API_USERS}/sessions</arg>
<arg>json=${payload}</arg>
<arg>expected_status=any</arg>
<doc>Sends a POST request.</doc>
<msg timestamp="20220531 22:08:33.799" level="INFO">POST Request : url=https://getgeeks-users-jonga.herokuapp.com/sessions 
 path_url=/sessions 
 headers={'User-Agent': 'python-requests/2.26.0', 'Accept-Encoding': 'gzip, deflate', 'Accept': '*/*', 'Connection': 'keep-alive', 'Content-Length': '47', 'Content-Type': 'application/json'} 
 body=b'{"email": "kate@404.com", "password": "abc123"}' 
 </msg>
<msg timestamp="20220531 22:08:33.799" level="INFO">POST Response : url=https://getgeeks-users-jonga.herokuapp.com/sessions 
 status=401, reason=Unauthorized 
 headers={'Server': 'Cowboy', 'Connection': 'keep-alive', 'X-Powered-By': 'Express', 'Access-Control-Allow-Origin': '*', 'Content-Type': 'application/json; charset=utf-8', 'Content-Length': '24', 'Etag': 'W/"18-XPDV80vbMk4yY1/PADG4jYM4rSI"', 'Date': 'Wed, 01 Jun 2022 01:14:17 GMT', 'Via': '1.1 vegur'} 
 body={"error":"Unauthorized"} 
 </msg>
<msg timestamp="20220531 22:08:33.799" level="INFO">${response} = &lt;Response [401]&gt;</msg>
<status status="PASS" starttime="20220531 22:08:33.166" endtime="20220531 22:08:33.799"/>
</kw>
<msg timestamp="20220531 22:08:33.800" level="INFO">${response} = &lt;Response [401]&gt;</msg>
<status status="PASS" starttime="20220531 22:08:33.165" endtime="20220531 22:08:33.800"/>
</kw>
<kw name="Status Should Be" library="RequestsLibrary">
<arg>${status_code}</arg>
<arg>${response}</arg>
<doc>Fails if response status code is different than the expected.</doc>
<status status="PASS" starttime="20220531 22:08:33.800" endtime="20220531 22:08:33.801"/>
</kw>
<kw name="Should Be Equal" library="BuiltIn">
<arg>${error_message}</arg>
<arg>${response.json()}[error]</arg>
<doc>Fails if the given objects are unequal.</doc>
<status status="PASS" starttime="20220531 22:08:33.802" endtime="20220531 22:08:33.804"/>
</kw>
<status status="PASS" starttime="20220531 22:08:33.163" endtime="20220531 22:08:33.805"/>
</kw>
<kw name="Attempt POST Session">
<arg>${empty_email}</arg>
<arg>400</arg>
<arg>Required email</arg>
<kw name="POST Session" library="SessionsRoute">
<var>${response}</var>
<arg>${payload}</arg>
<kw name="POST" library="RequestsLibrary">
<var>${response}</var>
<arg>${API_USERS}/sessions</arg>
<arg>json=${payload}</arg>
<arg>expected_status=any</arg>
<doc>Sends a POST request.</doc>
<msg timestamp="20220531 22:08:34.446" level="INFO">POST Request : url=https://getgeeks-users-jonga.herokuapp.com/sessions 
 path_url=/sessions 
 headers={'User-Agent': 'python-requests/2.26.0', 'Accept-Encoding': 'gzip, deflate', 'Accept': '*/*', 'Connection': 'keep-alive', 'Content-Length': '35', 'Content-Type': 'application/json'} 
 body=b'{"email": "", "password": "abc123"}' 
 </msg>
<msg timestamp="20220531 22:08:34.446" level="INFO">POST Response : url=https://getgeeks-users-jonga.herokuapp.com/sessions 
 status=400, reason=Bad Request 
 headers={'Server': 'Cowboy', 'Connection': 'keep-alive', 'X-Powered-By': 'Express', 'Access-Control-Allow-Origin': '*', 'Content-Type': 'application/json; charset=utf-8', 'Content-Length': '26', 'Etag': 'W/"1a-ztWLEO5pP/4DOQYYgf8vh7rMmRI"', 'Date': 'Wed, 01 Jun 2022 01:14:18 GMT', 'Via': '1.1 vegur'} 
 body={"error":"Required email"} 
 </msg>
<msg timestamp="20220531 22:08:34.446" level="INFO">${response} = &lt;Response [400]&gt;</msg>
<status status="PASS" starttime="20220531 22:08:33.808" endtime="20220531 22:08:34.446"/>
</kw>
<msg timestamp="20220531 22:08:34.446" level="INFO">${response} = &lt;Response [400]&gt;</msg>
<status status="PASS" starttime="20220531 22:08:33.807" endtime="20220531 22:08:34.446"/>
</kw>
<kw name="Status Should Be" library="RequestsLibrary">
<arg>${status_code}</arg>
<arg>${response}</arg>
<doc>Fails if response status code is different than the expected.</doc>
<status status="PASS" starttime="20220531 22:08:34.446" endtime="20220531 22:08:34.451"/>
</kw>
<kw name="Should Be Equal" library="BuiltIn">
<arg>${error_message}</arg>
<arg>${response.json()}[error]</arg>
<doc>Fails if the given objects are unequal.</doc>
<status status="PASS" starttime="20220531 22:08:34.451" endtime="20220531 22:08:34.456"/>
</kw>
<status status="PASS" starttime="20220531 22:08:33.806" endtime="20220531 22:08:34.457"/>
</kw>
<kw name="Attempt POST Session">
<arg>${wo_email}</arg>
<arg>400</arg>
<arg>Required email</arg>
<kw name="POST Session" library="SessionsRoute">
<var>${response}</var>
<arg>${payload}</arg>
<kw name="POST" library="RequestsLibrary">
<var>${response}</var>
<arg>${API_USERS}/sessions</arg>
<arg>json=${payload}</arg>
<arg>expected_status=any</arg>
<doc>Sends a POST request.</doc>
<msg timestamp="20220531 22:08:35.097" level="INFO">POST Request : url=https://getgeeks-users-jonga.herokuapp.com/sessions 
 path_url=/sessions 
 headers={'User-Agent': 'python-requests/2.26.0', 'Accept-Encoding': 'gzip, deflate', 'Accept': '*/*', 'Connection': 'keep-alive', 'Content-Length': '22', 'Content-Type': 'application/json'} 
 body=b'{"password": "abc123"}' 
 </msg>
<msg timestamp="20220531 22:08:35.098" level="INFO">POST Response : url=https://getgeeks-users-jonga.herokuapp.com/sessions 
 status=400, reason=Bad Request 
 headers={'Server': 'Cowboy', 'Connection': 'keep-alive', 'X-Powered-By': 'Express', 'Access-Control-Allow-Origin': '*', 'Content-Type': 'application/json; charset=utf-8', 'Content-Length': '26', 'Etag': 'W/"1a-ztWLEO5pP/4DOQYYgf8vh7rMmRI"', 'Date': 'Wed, 01 Jun 2022 01:14:19 GMT', 'Via': '1.1 vegur'} 
 body={"error":"Required email"} 
 </msg>
<msg timestamp="20220531 22:08:35.098" level="INFO">${response} = &lt;Response [400]&gt;</msg>
<status status="PASS" starttime="20220531 22:08:34.462" endtime="20220531 22:08:35.098"/>
</kw>
<msg timestamp="20220531 22:08:35.100" level="INFO">${response} = &lt;Response [400]&gt;</msg>
<status status="PASS" starttime="20220531 22:08:34.460" endtime="20220531 22:08:35.100"/>
</kw>
<kw name="Status Should Be" library="RequestsLibrary">
<arg>${status_code}</arg>
<arg>${response}</arg>
<doc>Fails if response status code is different than the expected.</doc>
<status status="PASS" starttime="20220531 22:08:35.100" endtime="20220531 22:08:35.101"/>
</kw>
<kw name="Should Be Equal" library="BuiltIn">
<arg>${error_message}</arg>
<arg>${response.json()}[error]</arg>
<doc>Fails if the given objects are unequal.</doc>
<status status="PASS" starttime="20220531 22:08:35.101" endtime="20220531 22:08:35.103"/>
</kw>
<status status="PASS" starttime="20220531 22:08:34.459" endtime="20220531 22:08:35.105"/>
</kw>
<kw name="Attempt POST Session">
<arg>${empty_pass}</arg>
<arg>400</arg>
<arg>Required pass</arg>
<kw name="POST Session" library="SessionsRoute">
<var>${response}</var>
<arg>${payload}</arg>
<kw name="POST" library="RequestsLibrary">
<var>${response}</var>
<arg>${API_USERS}/sessions</arg>
<arg>json=${payload}</arg>
<arg>expected_status=any</arg>
<doc>Sends a POST request.</doc>
<msg timestamp="20220531 22:08:35.745" level="INFO">POST Request : url=https://getgeeks-users-jonga.herokuapp.com/sessions 
 path_url=/sessions 
 headers={'User-Agent': 'python-requests/2.26.0', 'Accept-Encoding': 'gzip, deflate', 'Accept': '*/*', 'Connection': 'keep-alive', 'Content-Length': '45', 'Content-Type': 'application/json'} 
 body=b'{"email": "kate@hotmail.com", "password": ""}' 
 </msg>
<msg timestamp="20220531 22:08:35.745" level="INFO">POST Response : url=https://getgeeks-users-jonga.herokuapp.com/sessions 
 status=400, reason=Bad Request 
 headers={'Server': 'Cowboy', 'Connection': 'keep-alive', 'X-Powered-By': 'Express', 'Access-Control-Allow-Origin': '*', 'Content-Type': 'application/json; charset=utf-8', 'Content-Length': '25', 'Etag': 'W/"19-XQPKZGB2rC+TLudFQKbwFLPwbR0"', 'Date': 'Wed, 01 Jun 2022 01:14:19 GMT', 'Via': '1.1 vegur'} 
 body={"error":"Required pass"} 
 </msg>
<msg timestamp="20220531 22:08:35.745" level="INFO">${response} = &lt;Response [400]&gt;</msg>
<status status="PASS" starttime="20220531 22:08:35.107" endtime="20220531 22:08:35.745"/>
</kw>
<msg timestamp="20220531 22:08:35.745" level="INFO">${response} = &lt;Response [400]&gt;</msg>
<status status="PASS" starttime="20220531 22:08:35.106" endtime="20220531 22:08:35.745"/>
</kw>
<kw name="Status Should Be" library="RequestsLibrary">
<arg>${status_code}</arg>
<arg>${response}</arg>
<doc>Fails if response status code is different than the expected.</doc>
<status status="PASS" starttime="20220531 22:08:35.745" endtime="20220531 22:08:35.745"/>
</kw>
<kw name="Should Be Equal" library="BuiltIn">
<arg>${error_message}</arg>
<arg>${response.json()}[error]</arg>
<doc>Fails if the given objects are unequal.</doc>
<status status="PASS" starttime="20220531 22:08:35.751" endtime="20220531 22:08:35.753"/>
</kw>
<status status="PASS" starttime="20220531 22:08:35.105" endtime="20220531 22:08:35.754"/>
</kw>
<kw name="Attempt POST Session">
<arg>${wo_pass}</arg>
<arg>400</arg>
<arg>Required pass</arg>
<kw name="POST Session" library="SessionsRoute">
<var>${response}</var>
<arg>${payload}</arg>
<kw name="POST" library="RequestsLibrary">
<var>${response}</var>
<arg>${API_USERS}/sessions</arg>
[...]
 </msg>
<msg timestamp="20220531 22:08:41.868" level="INFO">POST Response : url=https://getgeeks-users-jonga.herokuapp.com/sessions 
 status=200, reason=OK 
 headers={'Server': 'Cowboy', 'Connection': 'keep-alive', 'X-Powered-By': 'Express', 'Access-Control-Allow-Origin': '*', 'Content-Type': 'application/json; charset=utf-8', 'Content-Length': '362', 'Etag': 'W/"16a-n6xFGTNow0rb1syu4YEuOqpmsvA"', 'Date': 'Wed, 01 Jun 2022 01:14:25 GMT', 'Via': '1.1 vegur'} 
 body={"user":{"id":410,"email":"ross@gmail.com","password_hash":"$2b$08$Y7laRYuAljpLDqLe979pMufUVFQ7RMM93bvCHao3QX52jYV5qMuQ6","name":"Thaddeus Ross","avatar":null,"whatsapp":null,"is_geek":false},"token":"eyJhbGciOiJIUzI1NiIsInR5cCI6IkpXVCJ9.eyJpZCI6NDEwLCJpYXQiOjE2NTQwNDYwNjUsImV4cCI6MTY1NDkxMDA2NX0.acBmyBWcoWY0glG6qeJI-G7LiCHgmNmaVJASmdij2XI","expires_in":"10d"} 
 </msg>
<msg timestamp="20220531 22:08:41.869" level="INFO">${response} = &lt;Response [200]&gt;</msg>
<status status="PASS" starttime="20220531 22:08:41.196" endtime="20220531 22:08:41.869"/>
</kw>
<msg timestamp="20220531 22:08:41.870" level="INFO">${response} = &lt;Response [200]&gt;</msg>
<status status="PASS" starttime="20220531 22:08:41.195" endtime="20220531 22:08:41.871"/>
</kw>
<kw name="Set Variable" library="BuiltIn">
<var>${result}</var>
<arg>${EMPTY}</arg>
<doc>Returns the given values which can then be assigned to a variables.</doc>
<msg timestamp="20220531 22:08:41.874" level="INFO">${result} = </msg>
<status status="PASS" starttime="20220531 22:08:41.871" endtime="20220531 22:08:41.874"/>
</kw>
<if>
<branch type="IF" condition="&quot;200&quot; in &quot;${response}&quot;">
<kw name="Set Variable" library="BuiltIn">
<var>${result}</var>
<arg>Bearer ${response.json()}[token]</arg>
<doc>Returns the given values which can then be assigned to a variables.</doc>
<msg timestamp="20220531 22:08:41.877" level="INFO">${result} = Bearer eyJhbGciOiJIUzI1NiIsInR5cCI6IkpXVCJ9.eyJpZCI6NDEwLCJpYXQiOjE2NTQwNDYwNjUsImV4cCI6MTY1NDkxMDA2NX0.acBmyBWcoWY0glG6qeJI-G7LiCHgmNmaVJASmdij2XI</msg>
<status status="PASS" starttime="20220531 22:08:41.875" endtime="20220531 22:08:41.877"/>
</kw>
<status status="PASS" starttime="20220531 22:08:41.874" endtime="20220531 22:08:41.877"/>
</branch>
<status status="PASS" starttime="20220531 22:08:41.874" endtime="20220531 22:08:41.877"/>
</if>
<msg timestamp="20220531 22:08:41.877" level="INFO">${token} = Bearer eyJhbGciOiJIUzI1NiIsInR5cCI6IkpXVCJ9.eyJpZCI6NDEwLCJpYXQiOjE2NTQwNDYwNjUsImV4cCI6MTY1NDkxMDA2NX0.acBmyBWcoWY0glG6qeJI-G7LiCHgmNmaVJASmdij2XI</msg>
<status status="PASS" starttime="20220531 22:08:41.192" endtime="20220531 22:08:41.877"/>
</kw>
<kw name="Delete User" library="UsersRoute">
<var>${response}</var>
<arg>${token}</arg>
<kw name="Create Dictionary" library="BuiltIn">
<var>${headers}</var>
<arg>Authorization=${token}</arg>
<doc>Creates and returns a dictionary based on the given ``items``.</doc>
<msg timestamp="20220531 22:08:41.882" level="INFO">${headers} = {'Authorization': 'Bearer eyJhbGciOiJIUzI1NiIsInR5cCI6IkpXVCJ9.eyJpZCI6NDEwLCJpYXQiOjE2NTQwNDYwNjUsImV4cCI6MTY1NDkxMDA2NX0.acBmyBWcoWY0glG6qeJI-G7LiCHgmNmaVJASmdij2XI'}</msg>
<status status="PASS" starttime="20220531 22:08:41.882" endtime="20220531 22:08:41.882"/>
</kw>
<kw name="DELETE" library="RequestsLibrary">
<var>${response}</var>
<arg>${API_USERS}/users</arg>
<arg>headers=${headers}</arg>
<arg>expected_status=any</arg>
<doc>Sends a DELETE request.</doc>
<msg timestamp="20220531 22:08:42.539" level="INFO">DELETE Request : url=https://getgeeks-users-jonga.herokuapp.com/users 
 path_url=/users 
 headers={'User-Agent': 'python-requests/2.26.0', 'Accept-Encoding': 'gzip, deflate', 'Accept': '*/*', 'Connection': 'keep-alive', 'Authorization': 'Bearer eyJhbGciOiJIUzI1NiIsInR5cCI6IkpXVCJ9.eyJpZCI6NDEwLCJpYXQiOjE2NTQwNDYwNjUsImV4cCI6MTY1NDkxMDA2NX0.acBmyBWcoWY0glG6qeJI-G7LiCHgmNmaVJASmdij2XI', 'Content-Length': '0'} 
 body=None 
 </msg>
<msg timestamp="20220531 22:08:42.539" level="INFO">DELETE Response : url=https://getgeeks-users-jonga.herokuapp.com/users 
 status=204, reason=No Content 
 headers={'Server': 'Cowboy', 'Content-Length': '0', 'Connection': 'keep-alive', 'X-Powered-By': 'Express', 'Access-Control-Allow-Origin': '*', 'Date': 'Wed, 01 Jun 2022 01:14:26 GMT', 'Via': '1.1 vegur'} 
 body=None 
 </msg>
<msg timestamp="20220531 22:08:42.539" level="INFO">${response} = &lt;Response [204]&gt;</msg>
<status status="PASS" starttime="20220531 22:08:41.882" endtime="20220531 22:08:42.539"/>
</kw>
<msg timestamp="20220531 22:08:42.540" level="INFO">${response} = &lt;Response [204]&gt;</msg>
<status status="PASS" starttime="20220531 22:08:41.881" endtime="20220531 22:08:42.540"/>
</kw>
<kw name="Status Should Be" library="RequestsLibrary">
<arg>204</arg>
<arg>${response}</arg>
<doc>Fails if response status code is different than the expected.</doc>
<status status="PASS" starttime="20220531 22:08:42.541" endtime="20220531 22:08:42.542"/>
</kw>
<kw name="Get User" library="UsersRoute">
<var>${response}</var>
<arg>${token}</arg>
<kw name="Create Dictionary" library="BuiltIn">
<var>${headers}</var>
<arg>Authorization=${token}</arg>
<doc>Creates and returns a dictionary based on the given ``items``.</doc>
<msg timestamp="20220531 22:08:42.543" level="INFO">${headers} = {'Authorization': 'Bearer eyJhbGciOiJIUzI1NiIsInR5cCI6IkpXVCJ9.eyJpZCI6NDEwLCJpYXQiOjE2NTQwNDYwNjUsImV4cCI6MTY1NDkxMDA2NX0.acBmyBWcoWY0glG6qeJI-G7LiCHgmNmaVJASmdij2XI'}</msg>
<status status="PASS" starttime="20220531 22:08:42.543" endtime="20220531 22:08:42.543"/>
</kw>
<kw name="GET" library="RequestsLibrary">
<var>${response}</var>
<arg>${API_USERS}/users</arg>
<arg>headers=${headers}</arg>
<arg>expected_status=any</arg>
<doc>Sends a GET request.</doc>
<msg timestamp="20220531 22:08:43.189" level="INFO">GET Request : url=https://getgeeks-users-jonga.herokuapp.com/users 
 path_url=/users 
 headers={'User-Agent': 'python-requests/2.26.0', 'Accept-Encoding': 'gzip, deflate', 'Accept': '*/*', 'Connection': 'keep-alive', 'Authorization': 'Bearer eyJhbGciOiJIUzI1NiIsInR5cCI6IkpXVCJ9.eyJpZCI6NDEwLCJpYXQiOjE2NTQwNDYwNjUsImV4cCI6MTY1NDkxMDA2NX0.acBmyBWcoWY0glG6qeJI-G7LiCHgmNmaVJASmdij2XI'} 
 body=None 
 </msg>
<msg timestamp="20220531 22:08:43.189" level="INFO">GET Response : url=https://getgeeks-users-jonga.herokuapp.com/users 
 status=404, reason=Not Found 
 headers={'Server': 'Cowboy', 'Connection': 'keep-alive', 'X-Powered-By': 'Express', 'Access-Control-Allow-Origin': '*', 'Date': 'Wed, 01 Jun 2022 01:14:27 GMT', 'Content-Length': '0', 'Via': '1.1 vegur'} 
 body=None 
 </msg>
<msg timestamp="20220531 22:08:43.190" level="INFO">${response} = &lt;Response [404]&gt;</msg>
<status status="PASS" starttime="20220531 22:08:42.543" endtime="20220531 22:08:43.190"/>
</kw>
<msg timestamp="20220531 22:08:43.191" level="INFO">${response} = &lt;Response [404]&gt;</msg>
<status status="PASS" starttime="20220531 22:08:42.543" endtime="20220531 22:08:43.191"/>
</kw>
<kw name="Status Should Be" library="RequestsLibrary">
<arg>404</arg>
<arg>${response}</arg>
<doc>Fails if response status code is different than the expected.</doc>
<status status="PASS" starttime="20220531 22:08:43.193" endtime="20220531 22:08:43.194"/>
</kw>
<status status="PASS" starttime="20220531 22:08:40.502" endtime="20220531 22:08:43.196"/>
</test>
<test id="s1-s3-t4" name="Update a user">
<kw name="Factory Update User" library="Users">
<var>${user}</var>
<msg timestamp="20220531 22:08:43.203" level="INFO">${user} = {'before': {'name': 'Gabriel João', 'email': 'gabriel@gmail.com', 'password': 'pwd123'}, 'after': {'name': 'João Gabriel', 'email': 'gabriel@gmail.com', 'whatsapp': '47999998811'}}</msg>
<status status="PASS" starttime="20220531 22:08:43.202" endtime="20220531 22:08:43.203"/>
</kw>
<kw name="POST User" library="UsersRoute">
<arg>${user}[before]</arg>
<kw name="POST" library="RequestsLibrary">
<var>${response}</var>
<arg>${API_USERS}/users</arg>
<arg>json=${payload}</arg>
<arg>expected_status=any</arg>
<doc>Sends a POST request.</doc>
<msg timestamp="20220531 22:08:43.845" level="INFO">POST Request : url=https://getgeeks-users-jonga.herokuapp.com/users 
 path_url=/users 
 headers={'User-Agent': 'python-requests/2.26.0', 'Accept-Encoding': 'gzip, deflate', 'Accept': '*/*', 'Connection': 'keep-alive', 'Content-Length': '81', 'Content-Type': 'application/json'} 
 body=b'{"name": "Gabriel Jo\\u00e3o", "email": "gabriel@gmail.com", "password": "pwd123"}' 
 </msg>
<msg timestamp="20220531 22:08:43.845" level="INFO">POST Response : url=https://getgeeks-users-jonga.herokuapp.com/users 
 status=400, reason=Bad Request 
 headers={'Server': 'Cowboy', 'Connection': 'keep-alive', 'X-Powered-By': 'Express', 'Access-Control-Allow-Origin': '*', 'Content-Type': 'application/json; charset=utf-8', 'Content-Length': '31', 'Etag': 'W/"1f-lFUySNKwX3L5eGEwGcNcUoVKWhE"', 'Date': 'Wed, 01 Jun 2022 01:14:27 GMT', 'Via': '1.1 vegur'} 
 body={"error":"User already exists"} 
 </msg>
<msg timestamp="20220531 22:08:43.845" level="INFO">${response} = &lt;Response [400]&gt;</msg>
<status status="PASS" starttime="20220531 22:08:43.206" endtime="20220531 22:08:43.845"/>
</kw>
<status status="PASS" starttime="20220531 22:08:43.204" endtime="20220531 22:08:43.845"/>
</kw>
<kw name="Get Token" library="Helpers">
<var>${token}</var>
<arg>${user}[before]</arg>
<kw name="Create Dictionary" library="BuiltIn">
<var>${payload}</var>
<arg>email=${user}[email]</arg>
<arg>password=${user}[password]</arg>
<doc>Creates and returns a dictionary based on the given ``items``.</doc>
<msg timestamp="20220531 22:08:43.855" level="INFO">${payload} = {'email': 'gabriel@gmail.com', 'password': 'pwd123'}</msg>
<status status="PASS" starttime="20220531 22:08:43.853" endtime="20220531 22:08:43.856"/>
</kw>
<kw name="POST Session" library="SessionsRoute">
<var>${response}</var>
<arg>${payload}</arg>
<kw name="POST" library="RequestsLibrary">
<var>${response}</var>
<arg>${API_USERS}/sessions</arg>
<arg>json=${payload}</arg>
<arg>expected_status=any</arg>
<doc>Sends a POST request.</doc>
<msg timestamp="20220531 22:08:44.538" level="INFO">POST Request : url=https://getgeeks-users-jonga.herokuapp.com/sessions 
 path_url=/sessions 
 headers={'User-Agent': 'python-requests/2.26.0', 'Accept-Encoding': 'gzip, deflate', 'Accept': '*/*', 'Connection': 'keep-alive', 'Content-Length': '52', 'Content-Type': 'application/json'} 
 body=b'{"email": "gabriel@gmail.com", "password": "pwd123"}' 
 </msg>
<msg timestamp="20220531 22:08:44.539" level="INFO">POST Response : url=https://getgeeks-users-jonga.herokuapp.com/sessions 
 status=200, reason=OK 
 headers={'Server': 'Cowboy', 'Connection': 'keep-alive', 'X-Powered-By': 'Express', 'Access-Control-Allow-Origin': '*', 'Content-Type': 'application/json; charset=utf-8', 'Content-Length': '374', 'Etag': 'W/"176-C8qd1P3WVvP0f6wOr+FA2/DvdKs"', 'Date': 'Wed, 01 Jun 2022 01:14:28 GMT', 'Via': '1.1 vegur'} 
 body={"user":{"id":404,"email":"gabriel@gmail.com","password_hash":"$2b$08$MSktjXtQt8x3UECnuay2PeMDsp3DUQZrWAyoiJv9R9aJWlSiX9W06","name":"João Gabriel","avatar":null,"whatsapp":"47999998811","is_geek":false},"token":"eyJhbGciOiJIUzI1NiIsInR5cCI6IkpXVCJ9.eyJpZCI6NDA0LCJpYXQiOjE2NTQwNDYwNjgsImV4cCI6MTY1NDkxMDA2OH0.5ZwaS4rC-VMoXQr4nkB-AHJkH2zlsHXKRVP0J_6RJSo","expires_in":"10d"} 
 </msg>
<msg timestamp="20220531 22:08:44.540" level="INFO">${response} = &lt;Response [200]&gt;</msg>
<status status="PASS" starttime="20220531 22:08:43.857" endtime="20220531 22:08:44.540"/>
</kw>
<msg timestamp="20220531 22:08:44.541" level="INFO">${response} = &lt;Response [200]&gt;</msg>
<status status="PASS" starttime="20220531 22:08:43.856" endtime="20220531 22:08:44.541"/>
</kw>
<kw name="Set Variable" library="BuiltIn">
<var>${result}</var>
<arg>${EMPTY}</arg>
<doc>Returns the given values which can then be assigned to a variables.</doc>
<msg timestamp="20220531 22:08:44.545" level="INFO">${result} = </msg>
<status status="PASS" starttime="20220531 22:08:44.542" endtime="20220531 22:08:44.545"/>
</kw>
<if>
<branch type="IF" condition="&quot;200&quot; in &quot;${response}&quot;">
<kw name="Set Variable" library="BuiltIn">
<var>${result}</var>
<arg>Bearer ${response.json()}[token]</arg>
<doc>Returns the given values which can then be assigned to a variables.</doc>
<msg timestamp="20220531 22:08:44.545" level="INFO">${result} = Bearer eyJhbGciOiJIUzI1NiIsInR5cCI6IkpXVCJ9.eyJpZCI6NDA0LCJpYXQiOjE2NTQwNDYwNjgsImV4cCI6MTY1NDkxMDA2OH0.5ZwaS4rC-VMoXQr4nkB-AHJkH2zlsHXKRVP0J_6RJSo</msg>
<status status="PASS" starttime="20220531 22:08:44.545" endtime="20220531 22:08:44.545"/>
</kw>
<status status="PASS" starttime="20220531 22:08:44.545" endtime="20220531 22:08:44.545"/>
</branch>
<status status="PASS" starttime="20220531 22:08:44.545" endtime="20220531 22:08:44.545"/>
</if>
<msg timestamp="20220531 22:08:44.545" level="INFO">${token} = Bearer eyJhbGciOiJIUzI1NiIsInR5cCI6IkpXVCJ9.eyJpZCI6NDA0LCJpYXQiOjE2NTQwNDYwNjgsImV4cCI6MTY1NDkxMDA2OH0.5ZwaS4rC-VMoXQr4nkB-AHJkH2zlsHXKRVP0J_6RJSo</msg>
<status status="PASS" starttime="20220531 22:08:43.851" endtime="20220531 22:08:44.545"/>
</kw>
<kw name="Put User" library="UsersRoute">
<var>${response}</var>
<arg>${token}</arg>
<arg>${user}[after]</arg>
<kw name="Create Dictionary" library="BuiltIn">
<var>${headers}</var>
<arg>Authorization=${token}</arg>
<doc>Creates and returns a dictionary based on the given ``items``.</doc>
<msg timestamp="20220531 22:08:44.551" level="INFO">${headers} = {'Authorization': 'Bearer eyJhbGciOiJIUzI1NiIsInR5cCI6IkpXVCJ9.eyJpZCI6NDA0LCJpYXQiOjE2NTQwNDYwNjgsImV4cCI6MTY1NDkxMDA2OH0.5ZwaS4rC-VMoXQr4nkB-AHJkH2zlsHXKRVP0J_6RJSo'}</msg>
<status status="PASS" starttime="20220531 22:08:44.550" endtime="20220531 22:08:44.551"/>
</kw>
<kw name="PUT" library="RequestsLibrary">
<var>${response}</var>
<arg>${API_USERS}/users</arg>
<arg>json=${payload}</arg>
<arg>headers=${headers}</arg>
<arg>expected_status=any</arg>
<doc>Sends a PUT request.</doc>
<msg timestamp="20220531 22:08:45.201" level="INFO">PUT Request : url=https://getgeeks-users-jonga.herokuapp.com/users 
 path_url=/users 
 headers={'User-Agent': 'python-requests/2.26.0', 'Accept-Encoding': 'gzip, deflate', 'Accept': '*/*', 'Connection': 'keep-alive', 'Authorization': 'Bearer eyJhbGciOiJIUzI1NiIsInR5cCI6IkpXVCJ9.eyJpZCI6NDA0LCJpYXQiOjE2NTQwNDYwNjgsImV4cCI6MTY1NDkxMDA2OH0.5ZwaS4rC-VMoXQr4nkB-AHJkH2zlsHXKRVP0J_6RJSo', 'Content-Length': '86', 'Content-Type': 'application/json'} 
 body=b'{"name": "Jo\\u00e3o Gabriel", "email": "gabriel@gmail.com", "whatsapp": "47999998811"}' 
 </msg>
<msg timestamp="20220531 22:08:45.201" level="INFO">PUT Response : url=https://getgeeks-users-jonga.herokuapp.com/users 
 status=200, reason=OK 
 headers={'Server': 'Cowboy', 'Connection': 'keep-alive', 'X-Powered-By': 'Express', 'Access-Control-Allow-Origin': '*', 'Date': 'Wed, 01 Jun 2022 01:14:29 GMT', 'Content-Length': '0', 'Via': '1.1 vegur'} 
 body=None 
 </msg>
<msg timestamp="20220531 22:08:45.202" level="INFO">${response} = &lt;Response [200]&gt;</msg>
<status status="PASS" starttime="20220531 22:08:44.552" endtime="20220531 22:08:45.202"/>
</kw>
<msg timestamp="20220531 22:08:45.203" level="INFO">${response} = &lt;Response [200]&gt;</msg>
<status status="PASS" starttime="20220531 22:08:44.549" endtime="20220531 22:08:45.203"/>
</kw>
<kw name="Status Should Be" library="RequestsLibrary">
<arg>200</arg>
<arg>${response}</arg>
<doc>Fails if response status code is different than the expected.</doc>
<status status="PASS" starttime="20220531 22:08:45.205" endtime="20220531 22:08:45.206"/>
</kw>
<kw name="Get User" library="UsersRoute">
<var>${response}</var>
<arg>${token}</arg>
<kw name="Create Dictionary" library="BuiltIn">
<var>${headers}</var>
<arg>Authorization=${token}</arg>
<doc>Creates and returns a dictionary based on the given ``items``.</doc>
<msg timestamp="20220531 22:08:45.209" level="INFO">${headers} = {'Authorization': 'Bearer eyJhbGciOiJIUzI1NiIsInR5cCI6IkpXVCJ9.eyJpZCI6NDA0LCJpYXQiOjE2NTQwNDYwNjgsImV4cCI6MTY1NDkxMDA2OH0.5ZwaS4rC-VMoXQr4nkB-AHJkH2zlsHXKRVP0J_6RJSo'}</msg>
<status status="PASS" starttime="20220531 22:08:45.208" endtime="20220531 22:08:45.209"/>
</kw>
<kw name="GET" library="RequestsLibrary">
<var>${response}</var>
<arg>${API_USERS}/users</arg>
<arg>headers=${headers}</arg>
<arg>expected_status=any</arg>
<doc>Sends a GET request.</doc>
<msg timestamp="20220531 22:08:45.868" level="INFO">GET Request : url=https://getgeeks-users-jonga.herokuapp.com/users 
 path_url=/users 
 headers={'User-Agent': 'python-requests/2.26.0', 'Accept-Encoding': 'gzip, deflate', 'Accept': '*/*', 'Connection': 'keep-alive', 'Authorization': 'Bearer eyJhbGciOiJIUzI1NiIsInR5cCI6IkpXVCJ9.eyJpZCI6NDA0LCJpYXQiOjE2NTQwNDYwNjgsImV4cCI6MTY1NDkxMDA2OH0.5ZwaS4rC-VMoXQr4nkB-AHJkH2zlsHXKRVP0J_6RJSo'} 
 body=None 
 </msg>
<msg timestamp="20220531 22:08:45.868" level="INFO">GET Response : url=https://getgeeks-users-jonga.herokuapp.com/users 
 status=200, reason=OK 
 headers={'Server': 'Cowboy', 'Connection': 'keep-alive', 'X-Powered-By': 'Express', 'Access-Control-Allow-Origin': '*', 'Content-Type': 'application/json; charset=utf-8', 'Content-Length': '195', 'Etag': 'W/"c3-efxfqwoELsmYoepjNIYB9XIs0zQ"', 'Date': 'Wed, 01 Jun 2022 01:14:29 GMT', 'Via': '1.1 vegur'} 
 body={"id":404,"email":"gabriel@gmail.com","password_hash":"$2b$08$MSktjXtQt8x3UECnuay2PeMDsp3DUQZrWAyoiJv9R9aJWlSiX9W06","name":"João Gabriel","avatar":null,"whatsapp":"47999998811","is_geek":false} 
 </msg>
<msg timestamp="20220531 22:08:45.869" level="INFO">${response} = &lt;Response [200]&gt;</msg>
<status status="PASS" starttime="20220531 22:08:45.209" endtime="20220531 22:08:45.869"/>
</kw>
<msg timestamp="20220531 22:08:45.870" level="INFO">${response} = &lt;Response [200]&gt;</msg>
<status status="PASS" starttime="20220531 22:08:45.207" endtime="20220531 22:08:45.871"/>
</kw>
<kw name="Should Be Equal As Strings" library="BuiltIn">
<arg>${user}[after][name]</arg>
<arg>${response.json()}[name]</arg>
<doc>Fails if objects are unequal after converting them to strings.</doc>
<status status="PASS" starttime="20220531 22:08:45.873" endtime="20220531 22:08:45.875"/>
</kw>
<kw name="Should Be Equal As Strings" library="BuiltIn">
<arg>${user}[after][email]</arg>
<arg>${response.json()}[email]</arg>
<doc>Fails if objects are unequal after converting them to strings.</doc>
<status status="PASS" starttime="20220531 22:08:45.876" endtime="20220531 22:08:45.878"/>
</kw>
<kw name="Should Be Equal As Strings" library="BuiltIn">
<arg>${user}[after][whatsapp]</arg>
<arg>${response.json()}[whatsapp]</arg>
<doc>Fails if objects are unequal after converting them to strings.</doc>
<status status="PASS" starttime="20220531 22:08:45.879" endtime="20220531 22:08:45.881"/>
</kw>
<kw name="Should Be Equal As Strings" library="BuiltIn">
<arg>False</arg>
<arg>${response.json()}[is_geek]</arg>
<doc>Fails if objects are unequal after converting them to strings.</doc>
<msg timestamp="20220531 22:08:45.882" level="INFO">Argument types are:
&lt;type 'unicode'&gt;
&lt;class 'bool'&gt;</msg>
<status status="PASS" starttime="20220531 22:08:45.881" endtime="20220531 22:08:45.882"/>
</kw>
<status status="PASS" starttime="20220531 22:08:43.199" endtime="20220531 22:08:45.883"/>
</test>
<doc>Session route test suite</doc>
<status status="PASS" starttime="20220531 22:08:36.459" endtime="20220531 22:08:45.885"/>
</suite>
<status status="PASS" starttime="20220531 22:08:18.354" endtime="20220531 22:08:45.891"/>
</suite>
<statistics>
<total>
<stat pass="8" fail="0" skip="0">All Tests</stat>
</total>
<tag>
<stat pass="1" fail="0" skip="0">temp</stat>
</tag>
<suite>
<stat pass="8" fail="0" skip="0" id="s1" name="Tests">Tests</stat>
<stat pass="2" fail="0" skip="0" id="s1-s1" name="Geeks">Tests.Geeks</stat>
<stat pass="2" fail="0" skip="0" id="s1-s2" name="Sessions">Tests.Sessions</stat>
<stat pass="4" fail="0" skip="0" id="s1-s3" name="Users">Tests.Users</stat>
</suite>
</statistics>
<errors>
</errors>
</robot>
