<?xml version="1.0" encoding="UTF-8"?>
<robot generator="Robot 4.1.3 (Python 3.10.0 on win32)" generated="20220520 15:46:07.214" rpa="false" schemaversion="2">
<suite id="s1" name="Tests" source="C:\GravidadeZERO\getgeeks\project\tests">
<suite id="s1-s1" name="BeGeek" source="C:\GravidadeZERO\getgeeks\project\tests\BeGeek.robot">
<test id="s1-s1-t1" name="Be a Geek">
<kw name="Start Session" library="Base" type="SETUP">
<kw name="New Browser" library="Browser">
<arg>${BROWSER}</arg>
<arg>headless=${HEADLESS}</arg>
<arg>slowMo=00:00:00</arg>
<tag>BrowserControl</tag>
<tag>Setter</tag>
<doc>Create a new playwright Browser with specified options.</doc>
<msg timestamp="20220520 15:46:09.374" level="INFO">{"browser": "chromium", "headless": true, "handleSIGINT": true, "handleSIGTERM": true, "handleSIGHUP": true, "timeout": 30000.0, "devtools": false, "slowMo": 0.0, "tracesDir": "C:\\GravidadeZERO\\getgeeks\\project\\logs\\pabot_results\\1\\browser\\traces\\5c76ed61-ed04-4b9b-9f5c-2c5a26f1bb1d"}</msg>
<msg timestamp="20220520 15:46:11.620" level="INFO">Successfully created browser with options: {"browser":"chromium","headless":true,"handleSIGINT":true,"handleSIGTERM":true,"handleSIGHUP":true,"timeout":30000,"devtools":false,"slowMo":0,"tracesDir":"C:\\GravidadeZERO\\getgeeks\\project\\logs\\pabot_results\\1\\browser\\traces\\5c76ed61-ed04-4b9b-9f5c-2c5a26f1bb1d"}</msg>
<status status="PASS" starttime="20220520 15:46:09.371" endtime="20220520 15:46:11.621"/>
</kw>
<kw name="New Page" library="Browser">
<arg>${BASE_URL}</arg>
<tag>BrowserControl</tag>
<tag>Setter</tag>
<doc>Open a new Page.</doc>
<msg timestamp="20220520 15:46:14.318" level="INFO">Successfully initialized new page object and opened url: https://getgeeks-jonga.herokuapp.com</msg>
<msg timestamp="20220520 15:46:14.319" level="INFO">No context was open. New context was automatically opened when this page is created.</msg>
<status status="PASS" starttime="20220520 15:46:11.622" endtime="20220520 15:46:14.320"/>
</kw>
<kw name="Set Viewport Size" library="Browser">
<arg>1280</arg>
<arg>768</arg>
<tag>BrowserControl</tag>
<tag>Setter</tag>
<doc>Sets current Pages viewport size to specified dimensions.</doc>
<msg timestamp="20220520 15:46:14.371" level="INFO">Set viewport size to: [object Object]</msg>
<status status="PASS" starttime="20220520 15:46:14.321" endtime="20220520 15:46:14.371"/>
</kw>
<status status="PASS" starttime="20220520 15:46:09.369" endtime="20220520 15:46:14.372"/>
</kw>
<kw name="Factory User" library="Users">
<var>${user}</var>
<arg>be_geek</arg>
<msg timestamp="20220520 15:46:14.374" level="INFO">${user} = {'name': 'Kim', 'lastname': 'Dotcom', 'email': 'kim@dotcom.com', 'password': 'pwd123', 'geek_profile': {'whats': '11999999999', 'desc': 'Seu pc esta lento ? reiniciando do nada? não se preocupe dou um...</msg>
<status status="PASS" starttime="20220520 15:46:14.373" endtime="20220520 15:46:14.374"/>
</kw>
<kw name="Do Login" library="Helpers">
<arg>${user}</arg>
<kw name="Go To Login Page" library="AuthActions">
<kw name="Go To" library="Browser">
<arg>${BASE_URL}</arg>
<tag>BrowserControl</tag>
<tag>Setter</tag>
<doc>Navigates to the given ``url``.</doc>
<msg timestamp="20220520 15:46:15.079" level="INFO">Successfully opened URL https://getgeeks-jonga.herokuapp.com</msg>
<status status="PASS" starttime="20220520 15:46:14.381" endtime="20220520 15:46:15.080"/>
</kw>
<kw name="Wait For Elements State" library="Browser">
<arg>css=.login-form</arg>
<arg>visible</arg>
<arg>5</arg>
<tag>PageContent</tag>
<tag>Wait</tag>
<doc>Waits for the element found by ``selector`` to satisfy state option.</doc>
<msg timestamp="20220520 15:46:15.224" level="INFO">Waited for Element with selector css=.login-form at state visible</msg>
<status status="PASS" starttime="20220520 15:46:15.082" endtime="20220520 15:46:15.224"/>
</kw>
<status status="PASS" starttime="20220520 15:46:14.379" endtime="20220520 15:46:15.225"/>
</kw>
<kw name="Fill Credentials" library="AuthActions">
<arg>${user}</arg>
<kw name="Fill Text" library="Browser">
<arg>${INPUT_EMAIL}</arg>
<arg>${user}[email]</arg>
<tag>PageContent</tag>
<tag>Setter</tag>
<doc>Clears and fills the given ``txt`` into the text field found by ``selector``.</doc>
<msg timestamp="20220520 15:46:15.227" level="INFO">Fills the text 'kim@dotcom.com' in the given field.</msg>
<status status="PASS" starttime="20220520 15:46:15.226" endtime="20220520 15:46:15.282"/>
</kw>
<kw name="Fill Text" library="Browser">
<arg>id=password</arg>
<arg>${user}[password]</arg>
<tag>PageContent</tag>
<tag>Setter</tag>
<doc>Clears and fills the given ``txt`` into the text field found by ``selector``.</doc>
<msg timestamp="20220520 15:46:15.283" level="INFO">Fills the text 'pwd123' in the given field.</msg>
<status status="PASS" starttime="20220520 15:46:15.282" endtime="20220520 15:46:15.321"/>
</kw>
<status status="PASS" starttime="20220520 15:46:15.225" endtime="20220520 15:46:15.321"/>
</kw>
<kw name="Submit Credentials" library="AuthActions">
<kw name="Click" library="Browser">
<arg>css=.submit-button &gt;&gt; text=Entrar</arg>
<tag>PageContent</tag>
<tag>Setter</tag>
<doc>Simulates mouse click on the element found by ``selector``.</doc>
<status status="PASS" starttime="20220520 15:46:15.323" endtime="20220520 15:46:15.534"/>
</kw>
<status status="PASS" starttime="20220520 15:46:15.321" endtime="20220520 15:46:15.535"/>
</kw>
<kw name="User Should Be Logged In" library="AuthActions">
<arg>${user}</arg>
<kw name="Set Variable" library="BuiltIn">
<var>${element}</var>
<arg>css=a[href="/profile"]</arg>
<doc>Returns the given values which can then be assigned to a variables.</doc>
<msg timestamp="20220520 15:46:15.543" level="INFO">${element} = css=a[href="/profile"]</msg>
<status status="PASS" starttime="20220520 15:46:15.540" endtime="20220520 15:46:15.543"/>
</kw>
<kw name="Set Variable" library="BuiltIn">
<var>${expect_fullname}</var>
<arg>${user}[name] ${user}[lastname]</arg>
<doc>Returns the given values which can then be assigned to a variables.</doc>
<msg timestamp="20220520 15:46:15.549" level="INFO">${expect_fullname} = Kim Dotcom</msg>
<status status="PASS" starttime="20220520 15:46:15.545" endtime="20220520 15:46:15.549"/>
</kw>
<kw name="Wait For Elements State" library="Browser">
<arg>${element}</arg>
<arg>visible</arg>
<arg>5</arg>
<tag>PageContent</tag>
<tag>Wait</tag>
<doc>Waits for the element found by ``selector`` to satisfy state option.</doc>
<msg timestamp="20220520 15:46:16.781" level="INFO">Waited for Element with selector css=a[href="/profile"] at state visible</msg>
<status status="PASS" starttime="20220520 15:46:15.550" endtime="20220520 15:46:16.782"/>
</kw>
<kw name="Get Text" library="Browser">
<arg>${element}</arg>
<arg>Equal</arg>
<arg>${expect_fullname}</arg>
<tag>Assertion</tag>
<tag>Getter</tag>
<tag>PageContent</tag>
<doc>Returns text attribute of the element found by ``selector``.</doc>
<status status="PASS" starttime="20220520 15:46:16.783" endtime="20220520 15:46:16.846"/>
</kw>
<status status="PASS" starttime="20220520 15:46:15.536" endtime="20220520 15:46:16.847"/>
</kw>
<status status="PASS" starttime="20220520 15:46:14.374" endtime="20220520 15:46:16.848"/>
</kw>
<kw name="Go To Geek Form" library="GeekActions">
<kw name="Click" library="Browser">
<arg>css=a[href="/be-geek"] &gt;&gt; text=Seja um Geek</arg>
<tag>PageContent</tag>
<tag>Setter</tag>
<doc>Simulates mouse click on the element found by ``selector``.</doc>
<status status="PASS" starttime="20220520 15:46:16.850" endtime="20220520 15:46:16.970"/>
</kw>
<kw name="Wait For Elements State" library="Browser">
<arg>css=.be-geek-form</arg>
<arg>visible</arg>
<arg>5</arg>
<tag>PageContent</tag>
<tag>Wait</tag>
<doc>Waits for the element found by ``selector`` to satisfy state option.</doc>
<msg timestamp="20220520 15:46:16.988" level="INFO">Waited for Element with selector css=.be-geek-form at state visible</msg>
<status status="PASS" starttime="20220520 15:46:16.971" endtime="20220520 15:46:16.989"/>
</kw>
<status status="PASS" starttime="20220520 15:46:16.849" endtime="20220520 15:46:16.989"/>
</kw>
<kw name="Fill Geek Form" library="GeekActions">
<arg>${user}[geek_profile]</arg>
<kw name="Fill Text" library="Browser">
<arg>id=whatsapp</arg>
<arg>${geek_profile}[whats]</arg>
<tag>PageContent</tag>
<tag>Setter</tag>
<doc>Clears and fills the given ``txt`` into the text field found by ``selector``.</doc>
<msg timestamp="20220520 15:46:16.990" level="INFO">Fills the text '11999999999' in the given field.</msg>
<status status="PASS" starttime="20220520 15:46:16.990" endtime="20220520 15:46:17.025"/>
</kw>
<kw name="Fill Text" library="Browser">
<arg>id=desc</arg>
<arg>${geek_profile}[desc]</arg>
<tag>PageContent</tag>
<tag>Setter</tag>
<doc>Clears and fills the given ``txt`` into the text field found by ``selector``.</doc>
<msg timestamp="20220520 15:46:17.027" level="INFO">Fills the text 'Seu pc esta lento ? reiniciando do nada? não se preocupe dou um jeito nele.O baidu esta te incomodando não tem problema também damos um jeito nele.' in the given field.</msg>
<status status="PASS" starttime="20220520 15:46:17.026" endtime="20220520 15:46:17.068"/>
</kw>
<if>
<branch type="IF" condition="'${geek_profile}[printer_repair]'">
<kw name="Select Options By" library="Browser">
<arg>id=printer_repair</arg>
<arg>text</arg>
<arg>${geek_profile}[printer_repair]</arg>
<tag>PageContent</tag>
<tag>Setter</tag>
<doc>Selects options from select element found by ``selector``.</doc>
<status status="PASS" starttime="20220520 15:46:17.069" endtime="20220520 15:46:17.266"/>
</kw>
<status status="PASS" starttime="20220520 15:46:17.068" endtime="20220520 15:46:17.267"/>
</branch>
<status status="PASS" starttime="20220520 15:46:17.068" endtime="20220520 15:46:17.267"/>
</if>
<if>
<branch type="IF" condition="'${geek_profile}[work]'">
<kw name="Select Options By" library="Browser">
<arg>id=work</arg>
<arg>text</arg>
<arg>${geek_profile}[work]</arg>
<tag>PageContent</tag>
<tag>Setter</tag>
<doc>Selects options from select element found by ``selector``.</doc>
<status status="PASS" starttime="20220520 15:46:17.269" endtime="20220520 15:46:17.578"/>
</kw>
<status status="PASS" starttime="20220520 15:46:17.268" endtime="20220520 15:46:17.579"/>
</branch>
<status status="PASS" starttime="20220520 15:46:17.267" endtime="20220520 15:46:17.579"/>
</if>
<kw name="Fill Text" library="Browser">
<arg>id=cost</arg>
<arg>${geek_profile}[cost]</arg>
<tag>PageContent</tag>
<tag>Setter</tag>
<doc>Clears and fills the given ``txt`` into the text field found by ``selector``.</doc>
<msg timestamp="20220520 15:46:17.581" level="INFO">Fills the text '100' in the given field.</msg>
<status status="PASS" starttime="20220520 15:46:17.580" endtime="20220520 15:46:17.647"/>
</kw>
<status status="PASS" starttime="20220520 15:46:16.989" endtime="20220520 15:46:17.647"/>
</kw>
<kw name="Submit Geek Form" library="GeekActions">
<kw name="Click" library="Browser">
<arg>css=button &gt;&gt; text=Quero ser um Geek</arg>
<tag>PageContent</tag>
<tag>Setter</tag>
<doc>Simulates mouse click on the element found by ``selector``.</doc>
<status status="PASS" starttime="20220520 15:46:17.650" endtime="20220520 15:46:17.781"/>
</kw>
<status status="PASS" starttime="20220520 15:46:17.648" endtime="20220520 15:46:17.782"/>
</kw>
<kw name="Sleep" library="BuiltIn">
<arg>10</arg>
<doc>Pauses the test executed for the given time.</doc>
<msg timestamp="20220520 15:46:27.791" level="INFO">Slept 10 seconds</msg>
<status status="PASS" starttime="20220520 15:46:17.783" endtime="20220520 15:46:27.792"/>
</kw>
<kw name="Geek Form Should Be Sucess" library="GeekActions">
<kw name="Set Variable" library="BuiltIn">
<var>${expect_message}</var>
<arg>Seu cadastro está na nossa lista de geeks. Agora é só ficar de olho no seu WhatsApp.</arg>
<doc>Returns the given values which can then be assigned to a variables.</doc>
<msg timestamp="20220520 15:46:27.796" level="INFO">${expect_message} = Seu cadastro está na nossa lista de geeks. Agora é só ficar de olho no seu WhatsApp.</msg>
<status status="PASS" starttime="20220520 15:46:27.795" endtime="20220520 15:46:27.796"/>
</kw>
<kw name="Wait For Elements State" library="Browser">
<arg>css=p &gt;&gt; text= ${expect_message}</arg>
<arg>visible</arg>
<arg>5</arg>
<tag>PageContent</tag>
<tag>Wait</tag>
<doc>Waits for the element found by ``selector`` to satisfy state option.</doc>
<msg timestamp="20220520 15:46:27.833" level="INFO">Waited for Element with selector css=p &gt;&gt; text= Seu cadastro está na nossa lista de geeks. Agora é só ficar de olho no seu WhatsApp. at state visible</msg>
<status status="PASS" starttime="20220520 15:46:27.797" endtime="20220520 15:46:27.833"/>
</kw>
<status status="PASS" starttime="20220520 15:46:27.793" endtime="20220520 15:46:27.834"/>
</kw>
<kw name="Finish Session" library="Base" type="TEARDOWN">
<kw name="Take Screenshot" library="Browser">
<arg>fullPage=true</arg>
<tag>PageContent</tag>
<doc>Takes a screenshot of the current window or element and saves it to disk.</doc>
<msg timestamp="20220520 15:46:28.604" level="INFO" html="true">&lt;/td&gt;&lt;/tr&gt;&lt;tr&gt;&lt;td colspan="3"&gt;&lt;a href="browser/screenshot/robotframework-browser-screenshot-1.png"&gt;&lt;img src="browser/screenshot/robotframework-browser-screenshot-1.png" width="800px"&gt;&lt;/a&gt;</msg>
<status status="PASS" starttime="20220520 15:46:27.834" endtime="20220520 15:46:28.605"/>
</kw>
<status status="PASS" starttime="20220520 15:46:27.834" endtime="20220520 15:46:28.605"/>
</kw>
<tag>smoke</tag>
<status status="PASS" starttime="20220520 15:46:09.361" endtime="20220520 15:46:28.605"/>
</test>
<doc>BeGeek teste suite</doc>
<status status="PASS" starttime="20220520 15:46:07.305" endtime="20220520 15:46:28.685"/>
</suite>
<status status="PASS" starttime="20220520 15:46:07.236" endtime="20220520 15:46:28.691"/>
</suite>
<statistics>
<total>
<stat pass="1" fail="0" skip="0">All Tests</stat>
</total>
<tag>
<stat pass="1" fail="0" skip="0">smoke</stat>
</tag>
<suite>
<stat pass="1" fail="0" skip="0" id="s1" name="Tests">Tests</stat>
<stat pass="1" fail="0" skip="0" id="s1-s1" name="BeGeek">Tests.BeGeek</stat>
</suite>
</statistics>
<errors>
</errors>
</robot>
